#
# There is insufficient memory for the Java Runtime Environment to continue.
# Native memory allocation (malloc) failed to allocate 12288 bytes for committing reserved memory.
# Possible reasons:
#   The system is out of physical RAM or swap space
#   In 32 bit mode, the process size limit was hit
# Possible solutions:
#   Reduce memory load on the system
#   Increase physical memory or swap space
#   Check if swap backing store is full
#   Use 64 bit Java on a 64 bit OS
#   Decrease Java heap size (-Xmx/-Xms)
#   Decrease number of Java threads
#   Decrease Java thread stack sizes (-Xss)
#   Set larger code cache with -XX:ReservedCodeCacheSize=
# This output file may be truncated or incomplete.
#
#  Out of Memory Error (os_linux.cpp:2809), pid=5640, tid=140506657322752
#
# JRE version: OpenJDK Runtime Environment (7.0_79-b14) (build 1.7.0_79-b14)
# Java VM: OpenJDK 64-Bit Server VM (24.79-b02 mixed mode linux-amd64 compressed oops)
# Derivative: IcedTea 2.5.5
# Distribution: Ubuntu 14.04 LTS, package 7u79-2.5.5-0ubuntu0.14.04.2
# Failed to write core dump. Core dumps have been disabled. To enable core dumping, try "ulimit -c unlimited" before starting Java again
#

---------------  T H R E A D  ---------------

Current thread (0x00007fca58bd9000):  JavaThread "MemtablePostFlush:1495" daemon [_thread_new, id=17680, stack(0x00007fca4161f000,0x00007fca41660000)]

Stack: [0x00007fca4161f000,0x00007fca41660000],  sp=0x00007fca4165ebe0,  free space=254k
Native frames: (J=compiled Java code, j=interpreted, Vv=VM code, C=native code)
V  [libjvm.so+0x94aec5]  VMError::report_and_die()+0x175
V  [libjvm.so+0x48b9c4]  report_vm_out_of_memory(char const*, int, unsigned long, char const*)+0x74
V  [libjvm.so+0x7c7cfb]  os::pd_commit_memory(char*, unsigned long, bool)+0xdb
V  [libjvm.so+0x7c2a5f]  os::commit_memory(char*, unsigned long, bool)+0x1f
V  [libjvm.so+0x7c8b80]  os::pd_create_stack_guard_pages(char*, unsigned long)+0x70
V  [libjvm.so+0x900ef6]  JavaThread::run()+0x76
V  [libjvm.so+0x7c4f32]  java_start(Thread*)+0xf2


---------------  P R O C E S S  ---------------

Java Threads: ( => current thread )
=>0x00007fca58bd9000 JavaThread "MemtablePostFlush:1495" daemon [_thread_new, id=17680, stack(0x00007fca4161f000,0x00007fca41660000)]
  0x00007fca480c4000 JavaThread "RMI TCP Connection(idle)" daemon [_thread_blocked, id=17676, stack(0x00007fca43d01000,0x00007fca43d42000)]
  0x00007fca58ef1000 JavaThread "MessagingService-Incoming-/172.31.2.92" [_thread_in_native, id=5913, stack(0x00007fca41b3a000,0x00007fca41b7b000)]
  0x00007fca58e0c800 JavaThread "MessagingService-Incoming-/172.31.2.91" [_thread_in_native, id=5912, stack(0x00007fca41b7b000,0x00007fca41bbc000)]
  0x00007fca58f7b000 JavaThread "MessagingService-Incoming-/172.31.2.90" [_thread_in_native, id=5911, stack(0x00007fca43f8b000,0x00007fca43fcc000)]
  0x00007fca58b46800 JavaThread "MessagingService-Incoming-/172.31.2.93" [_thread_in_native, id=5910, stack(0x00007fca43e46000,0x00007fca43e87000)]
  0x00007fca480e1800 JavaThread "epollEventLoopGroup-2-4" [_thread_in_native, id=5803, stack(0x00007fc9e82c6000,0x00007fc9e8307000)]
  0x00007fca48039800 JavaThread "epollEventLoopGroup-2-3" [_thread_in_native, id=5797, stack(0x00007fc9e9308000,0x00007fc9e9349000)]
  0x00007fca4809c000 JavaThread "threadDeathWatcher-3-1" daemon [_thread_blocked, id=5793, stack(0x00007fc9ea556000,0x00007fc9ea597000)]
  0x00007fca48097000 JavaThread "epollEventLoopGroup-2-2" [_thread_in_native, id=5792, stack(0x00007fc9ea597000,0x00007fc9ea5d8000)]
  0x00007fca5800c800 JavaThread "DestroyJavaVM" [_thread_blocked, id=5641, stack(0x00007fca5ebdb000,0x00007fca5ec1c000)]
  0x00007fca58ac8000 JavaThread "Thread-2" [_thread_in_native, id=5782, stack(0x00007fc9ea5d8000,0x00007fc9ea619000)]
  0x00007fca5848d000 JavaThread "epollEventLoopGroup-2-1" [_thread_in_native, id=5781, stack(0x00007fc9ea8a6000,0x00007fc9ea8e7000)]
  0x00007fca5040f800 JavaThread "PendingRangeCalculator:1" daemon [_thread_blocked, id=5777, stack(0x00007fc9ea865000,0x00007fc9ea8a6000)]
  0x000000000208a000 JavaThread "HintedHandoff:2" daemon [_thread_blocked, id=5776, stack(0x00007fc9ea823000,0x00007fc9ea864000)]
  0x00007fca50411800 JavaThread "MessagingService-Outgoing-/172.31.2.92" daemon [_thread_in_vm, id=5773, stack(0x00007fc9ea8e7000,0x00007fc9ea928000)]
  0x00007fca50418800 JavaThread "MessagingService-Outgoing-/172.31.2.92" daemon [_thread_blocked, id=5772, stack(0x00007fc9ea928000,0x00007fc9ea969000)]
  0x00007fca503c3800 JavaThread "MessagingService-Outgoing-/172.31.2.90" daemon [_thread_blocked, id=5771, stack(0x00007fc9ea969000,0x00007fc9ea9aa000)]
  0x00007fca50416000 JavaThread "MessagingService-Outgoing-/172.31.2.90" daemon [_thread_blocked, id=5770, stack(0x00007fc9ea9aa000,0x00007fc9ea9eb000)]
  0x00007fca59187000 JavaThread "NanoTimeToCurrentTimeMillis updater" daemon [_thread_blocked, id=5769, stack(0x00007fc9eaa6d000,0x00007fc9eaaae000)]
  0x00007fca5041d000 JavaThread "MessagingService-Outgoing-/172.31.2.93" daemon [_thread_blocked, id=5767, stack(0x00007fc9ea9eb000,0x00007fc9eaa2c000)]
  0x00007fca5034c800 JavaThread "MessagingService-Outgoing-/172.31.2.93" daemon [_thread_blocked, id=5766, stack(0x00007fc9eaa2c000,0x00007fc9eaa6d000)]
  0x00007fca590c7800 JavaThread "MessagingService-Incoming-/172.31.2.92" [_thread_in_native, id=5764, stack(0x00007fc9eaaae000,0x00007fc9eaaef000)]
  0x00007fca5034a800 JavaThread "MessagingService-Outgoing-/172.31.2.91" daemon [_thread_blocked, id=5763, stack(0x00007fc9eaaef000,0x00007fc9eab30000)]
  0x00007fca50349800 JavaThread "MessagingService-Outgoing-/172.31.2.91" daemon [_thread_blocked, id=5762, stack(0x00007fc9eab30000,0x00007fc9eab71000)]
  0x00007fca58f54800 JavaThread "MessagingService-Incoming-/172.31.2.90" [_thread_in_native, id=5761, stack(0x00007fc9eab71000,0x00007fc9eabb2000)]
  0x00007fca590cf800 JavaThread "BatchlogTasks:1" daemon [_thread_blocked, id=5760, stack(0x00007fc9eabb2000,0x00007fc9eabf3000)]
  0x00007fca58746800 JavaThread "HintedHandoff:1" daemon [_thread_blocked, id=5759, stack(0x00007fc9eabf3000,0x00007fc9eac34000)]
  0x00007fca58f50800 JavaThread "MessagingService-Incoming-/172.31.2.93" [_thread_in_native, id=5758, stack(0x00007fc9eac34000,0x00007fc9eac75000)]
  0x00007fca58ef2000 JavaThread "MessagingService-Incoming-/172.31.2.91" [_thread_in_native, id=5757, stack(0x00007fc9eac75000,0x00007fc9eacb6000)]
  0x00007fca58fdf000 JavaThread "ACCEPT-ip-172-31-2-89/172.31.2.89" [_thread_in_native, id=5756, stack(0x00007fc9eacb6000,0x00007fc9eacf7000)]
  0x00007fca590a0000 JavaThread "GossipTasks:1" daemon [_thread_blocked, id=5755, stack(0x00007fc9eacf7000,0x00007fc9ead38000)]
  0x00007fca58e78800 JavaThread "IndexSummaryManager:1" daemon [_thread_blocked, id=5754, stack(0x00007fc9ead39000,0x00007fc9ead7a000)]
  0x00007fca5879a800 JavaThread "SharedPool-Worker-33" daemon [_thread_blocked, id=5753, stack(0x00007fca40d7d000,0x00007fca40dbe000)]
  0x00007fca502f0800 JavaThread "SharedPool-Worker-32" daemon [_thread_blocked, id=5752, stack(0x00007fca40dbe000,0x00007fca40dff000)]
  0x00007fca589bb800 JavaThread "SharedPool-Worker-29" daemon [_thread_blocked, id=5751, stack(0x00007fca40dff000,0x00007fca40e40000)]
  0x00007fca48072800 JavaThread "SharedPool-Worker-27" daemon [_thread_blocked, id=5750, stack(0x00007fca40e40000,0x00007fca40e81000)]
  0x0000000002094000 JavaThread "SharedPool-Worker-28" daemon [_thread_blocked, id=5749, stack(0x00007fca40e81000,0x00007fca40ec2000)]
  0x00007fca48070800 JavaThread "SharedPool-Worker-31" daemon [_thread_blocked, id=5748, stack(0x00007fca40ec2000,0x00007fca40f03000)]
  0x00007fca4806e800 JavaThread "SharedPool-Worker-30" daemon [_thread_blocked, id=5747, stack(0x00007fca40f03000,0x00007fca40f44000)]
  0x00007fca586df800 JavaThread "SharedPool-Worker-26" daemon [_thread_blocked, id=5746, stack(0x00007fca40f44000,0x00007fca40f85000)]
  0x00007fca4806c000 JavaThread "SharedPool-Worker-25" daemon [_thread_blocked, id=5745, stack(0x00007fca40f85000,0x00007fca40fc6000)]
  0x00007fca503be800 JavaThread "SharedPool-Worker-18" daemon [_thread_blocked, id=5744, stack(0x00007fca40fc6000,0x00007fca41007000)]
  0x00007fca4806a000 JavaThread "SharedPool-Worker-15" daemon [_thread_blocked, id=5743, stack(0x00007fca41007000,0x00007fca41048000)]
  0x00007fca58b49000 JavaThread "SharedPool-Worker-20" daemon [_thread_blocked, id=5742, stack(0x00007fca41048000,0x00007fca41089000)]
  0x000000000208e800 JavaThread "SharedPool-Worker-22" daemon [_thread_blocked, id=5741, stack(0x00007fca41089000,0x00007fca410ca000)]
  0x00007fca48067800 JavaThread "SharedPool-Worker-24" daemon [_thread_blocked, id=5740, stack(0x00007fca410ca000,0x00007fca4110b000)]
  0x00007fca48065000 JavaThread "SharedPool-Worker-23" daemon [_thread_blocked, id=5739, stack(0x00007fca4110b000,0x00007fca4114c000)]
  0x00007fca48063000 JavaThread "SharedPool-Worker-21" daemon [_thread_blocked, id=5738, stack(0x00007fca4114c000,0x00007fca4118d000)]
  0x00007fca48061000 JavaThread "SharedPool-Worker-19" daemon [_thread_blocked, id=5737, stack(0x00007fca4118d000,0x00007fca411ce000)]
  0x00007fca4805f000 JavaThread "SharedPool-Worker-17" daemon [_thread_blocked, id=5736, stack(0x00007fca411ce000,0x00007fca4120f000)]
  0x00007fca4805d000 JavaThread "SharedPool-Worker-16" daemon [_thread_blocked, id=5735, stack(0x00007fca4120f000,0x00007fca41250000)]
  0x00007fca58af4000 JavaThread "SharedPool-Worker-14" daemon [_thread_blocked, id=5734, stack(0x00007fca41250000,0x00007fca41291000)]
  0x00007fca50244800 JavaThread "SharedPool-Worker-13" daemon [_thread_blocked, id=5733, stack(0x00007fca41291000,0x00007fca412d2000)]
  0x00007fca48054800 JavaThread "SharedPool-Worker-12" daemon [_thread_blocked, id=5732, stack(0x00007fca412d2000,0x00007fca41313000)]
  0x00007fca48038800 JavaThread "SharedPool-Worker-11" daemon [_thread_blocked, id=5731, stack(0x00007fca41313000,0x00007fca41354000)]
  0x00007fca58af3000 JavaThread "SharedPool-Worker-10" daemon [_thread_blocked, id=5730, stack(0x00007fca41354000,0x00007fca41395000)]
  0x00007fca58af1800 JavaThread "SharedPool-Worker-9" daemon [_thread_blocked, id=5729, stack(0x00007fca41395000,0x00007fca413d6000)]
  0x00007fca503c2800 JavaThread "SharedPool-Worker-6" daemon [_thread_blocked, id=5728, stack(0x00007fca413d6000,0x00007fca41417000)]
  0x00007fca58ef4800 JavaThread "SharedPool-Worker-8" daemon [_thread_blocked, id=5727, stack(0x00007fca41417000,0x00007fca41458000)]
  0x00007fca48036800 JavaThread "SharedPool-Worker-4" daemon [_thread_blocked, id=5726, stack(0x00007fca41458000,0x00007fca41499000)]
  0x0000000002087800 JavaThread "SharedPool-Worker-7" daemon [_thread_blocked, id=5725, stack(0x00007fca41499000,0x00007fca414da000)]
  0x0000000002085800 JavaThread "SharedPool-Worker-5" daemon [_thread_blocked, id=5724, stack(0x00007fca414da000,0x00007fca4151b000)]
  0x0000000002083800 JavaThread "SharedPool-Worker-3" daemon [_thread_blocked, id=5723, stack(0x00007fca4151b000,0x00007fca4155c000)]
  0x0000000002081800 JavaThread "SharedPool-Worker-2" daemon [_thread_blocked, id=5722, stack(0x00007fca4155c000,0x00007fca4159d000)]
  0x00007fca58e54800 JavaThread "SharedPool-Worker-1" daemon [_thread_blocked, id=5721, stack(0x00007fca4159d000,0x00007fca415de000)]
  0x00007fca58e81000 JavaThread "MiscStage:1" daemon [_thread_blocked, id=5718, stack(0x00007fca41660000,0x00007fca416a1000)]
  0x00007fca58e7f800 JavaThread "MigrationStage:1" daemon [_thread_blocked, id=5717, stack(0x00007fca416a1000,0x00007fca416e2000)]
  0x00007fca58e57800 JavaThread "AntiEntropyStage:1" daemon [_thread_blocked, id=5716, stack(0x00007fca416e2000,0x00007fca41723000)]
  0x00007fca58e4b800 JavaThread "GossipStage:1" daemon [_thread_blocked, id=5715, stack(0x00007fca41723000,0x00007fca41764000)]
  0x00007fca58e2b800 JavaThread "pool-1-thread-1" [_thread_blocked, id=5702, stack(0x00007fca419ae000,0x00007fca419ef000)]
  0x00007fca58e15800 JavaThread "NonPeriodicTasks:1" daemon [_thread_blocked, id=5700, stack(0x00007fca41a33000,0x00007fca41a74000)]
  0x00007fca50240800 JavaThread "Reference-Reaper:1" daemon [_thread_blocked, id=5680, stack(0x00007fca41af9000,0x00007fca41b3a000)]
  0x00007fca58cc2000 JavaThread "PERIODIC-COMMIT-LOG-SYNCER" [_thread_blocked, id=5677, stack(0x00007fca43bbc000,0x00007fca43bfd000)]
  0x00007fca58cbb800 JavaThread "COMMIT-LOG-ALLOCATOR" [_thread_blocked, id=5676, stack(0x00007fca43bfd000,0x00007fca43c3e000)]
  0x00007fca58cb7000 JavaThread "CommitLogArchiver:1" daemon [_thread_blocked, id=5675, stack(0x00007fca43c7f000,0x00007fca43cc0000)]
  0x00007fca58dba800 JavaThread "SlabPoolCleaner" daemon [_thread_blocked, id=5674, stack(0x00007fca43c3e000,0x00007fca43c7f000)]
  0x00007fca58d61800 JavaThread "OptionalTasks:1" daemon [_thread_blocked, id=5668, stack(0x00007fca43dc4000,0x00007fca43e05000)]
  0x00007fca58da0800 JavaThread "Background_Reporter:1" daemon [_thread_blocked, id=5667, stack(0x00007fca43e05000,0x00007fca43e46000)]
  0x00007fca58d9e800 JavaThread "RMI Scheduler(0)" daemon [_thread_blocked, id=5665, stack(0x00007fca43e87000,0x00007fca43ec8000)]
  0x000000000207d000 JavaThread "RMI RenewClean-[127.0.0.1:37622]" daemon [_thread_blocked, id=5664, stack(0x00007fca43ec8000,0x00007fca43f09000)]
  0x00007fca58d7d000 JavaThread "EXPIRING-MAP-REAPER:1" daemon [_thread_blocked, id=5663, stack(0x00007fca43f09000,0x00007fca43f4a000)]
  0x00007fca58cfa000 JavaThread "metrics-meter-tick-thread-2" daemon [_thread_blocked, id=5662, stack(0x00007fca43f4a000,0x00007fca43f8b000)]
  0x00007fca58cf7800 JavaThread "metrics-meter-tick-thread-1" daemon [_thread_blocked, id=5660, stack(0x00007fca43fcc000,0x00007fca4400d000)]
  0x00007fca58d48800 JavaThread "GC Daemon" daemon [_thread_blocked, id=5659, stack(0x00007fca4400d000,0x00007fca4404e000)]
  0x00007fca58d3a000 JavaThread "RMI Reaper" [_thread_blocked, id=5658, stack(0x00007fca4404e000,0x00007fca4408f000)]
  0x00007fca58d38800 JavaThread "RMI TCP Accept-0" daemon [_thread_in_native, id=5657, stack(0x00007fca4408f000,0x00007fca440d0000)]
  0x00007fca58d2f000 JavaThread "RMI TCP Accept-7199" daemon [_thread_in_native, id=5656, stack(0x00007fca440d0000,0x00007fca44111000)]
  0x00007fca588b4000 JavaThread "ScheduledTasks:1" daemon [_thread_blocked, id=5655, stack(0x00007fca44432000,0x00007fca44473000)]
  0x00007fca582a7800 JavaThread "Service Thread" daemon [_thread_blocked, id=5652, stack(0x00007fca4c1b3000,0x00007fca4c1f4000)]
  0x00007fca582a5000 JavaThread "C2 CompilerThread1" daemon [_thread_blocked, id=5651, stack(0x00007fca4c1f4000,0x00007fca4c2f5000)]
  0x00007fca5829e000 JavaThread "C2 CompilerThread0" daemon [_thread_blocked, id=5650, stack(0x00007fca4c2f5000,0x00007fca4c3f6000)]
  0x00007fca58187800 JavaThread "Signal Dispatcher" daemon [_thread_blocked, id=5649, stack(0x00007fca4c46d000,0x00007fca4c4ae000)]
  0x00007fca58185000 JavaThread "Surrogate Locker Thread (Concurrent GC)" daemon [_thread_blocked, id=5648, stack(0x00007fca4c4ae000,0x00007fca4c4ef000)]
  0x00007fca58158800 JavaThread "Finalizer" daemon [_thread_blocked, id=5647, stack(0x00007fca4c678000,0x00007fca4c6b9000)]
  0x00007fca58156800 JavaThread "Reference Handler" daemon [_thread_blocked, id=5646, stack(0x00007fca54023000,0x00007fca54064000)]

Other Threads:
  0x00007fca58152000 VMThread [stack: 0x00007fca4c6b9000,0x00007fca4c7ba000] [id=5645]
  0x00007fca582b3000 WatcherThread [stack: 0x00007fca4c0b2000,0x00007fca4c1b3000] [id=5653]

VM state:not at safepoint (normal execution)

VM Mutex/Monitor currently owned by a thread: None

Heap
 par new generation   total 184320K, used 48158K [0x0000000080c00000, 0x000000008d400000, 0x000000008d400000)
  eden space 163840K,  22% used [0x0000000080c00000, 0x00000000830974b0, 0x000000008ac00000)
  from space 20480K,  52% used [0x000000008c000000, 0x000000008ca703d8, 0x000000008d400000)
  to   space 20480K,   0% used [0x000000008ac00000, 0x000000008ac00000, 0x000000008c000000)
 concurrent mark-sweep generation total 1709056K, used 1066043K [0x000000008d400000, 0x00000000f5900000, 0x00000000f5a00000)
 concurrent-mark-sweep perm gen total 33648K, used 30736K [0x00000000f5a00000, 0x00000000f7adc000, 0x0000000100000000)

Card table byte_map: [0x00007fca4fc05000,0x00007fca50000000] byte_map_base: 0x00007fca4f7ff000

Polling page: 0x00007fca5ec2c000

Code Cache  [0x00007fca543b0000, 0x00007fca54a50000, 0x00007fca573b0000)
 total_blobs=2775 nmethods=2342 adapters=385 free_code_cache=42527Kb largest_free_block=43423104

Compilation events (10 events):
Event: 93777.332 Thread 0x00007fca5829e000 nmethod 2705 0x00007fca5499b190 code [0x00007fca5499b340, 0x00007fca5499ba28]
Event: 93777.333 Thread 0x00007fca5829e000 2707             org.apache.cassandra.db.ColumnIndex$Builder::build (129 bytes)
Event: 93777.336 Thread 0x00007fca582a5000 nmethod 2706 0x00007fca5492ead0 code [0x00007fca5492ec20, 0x00007fca5492ed28]
Event: 93777.348 Thread 0x00007fca5829e000 nmethod 2707 0x00007fca54a2ae10 code [0x00007fca54a2afe0, 0x00007fca54a2b668]
Event: 93779.369 Thread 0x00007fca582a5000 2708             java.util.TreeMap::fixAfterDeletion (351 bytes)
Event: 93779.382 Thread 0x00007fca5829e000 2709             java.util.TreeMap::getFloorEntry (107 bytes)
Event: 93779.393 Thread 0x00007fca5829e000 nmethod 2709 0x00007fca54a11c90 code [0x00007fca54a11de0, 0x00007fca54a11f78]
Event: 93779.400 Thread 0x00007fca582a5000 nmethod 2708 0x00007fca54891e50 code [0x00007fca54892000, 0x00007fca54892480]
Event: 93779.854 Thread 0x00007fca5829e000 2710             java.nio.ByteOrder::nativeOrder (4 bytes)
Event: 93779.873 Thread 0x00007fca5829e000 nmethod 2710 0x00007fca54a1b1d0 code [0x00007fca54a1b300, 0x00007fca54a1b358]

GC Heap History (10 events):
Event: 93779.023 GC heap before
{Heap before GC invocations=218 (full 1):
 par new generation   total 184320K, used 166012K [0x0000000080c00000, 0x000000008d400000, 0x000000008d400000)
  eden space 163840K, 100% used [0x0000000080c00000, 0x000000008ac00000, 0x000000008ac00000)
  from space 20480K,  10% used [0x000000008ac00000, 0x000000008ae1f1b0, 0x000000008c000000)
  to   space 20480K,   0% used [0x000000008c000000, 0x000000008c000000, 0x000000008d400000)
 concurrent mark-sweep generation total 1709056K, used 1056072K [0x000000008d400000, 0x00000000f5900000, 0x00000000f5a00000)
 concurrent-mark-sweep perm gen total 33648K, used 30736K [0x00000000f5a00000, 0x00000000f7adc000, 0x0000000100000000)
Event: 93779.040 GC heap after
Heap after GC invocations=219 (full 1):
 par new generation   total 184320K, used 570K [0x0000000080c00000, 0x000000008d400000, 0x000000008d400000)
  eden space 163840K,   0% used [0x0000000080c00000, 0x0000000080c00000, 0x000000008ac00000)
  from space 20480K,   2% used [0x000000008c000000, 0x000000008c08ebf0, 0x000000008d400000)
  to   space 20480K,   0% used [0x000000008ac00000, 0x000000008ac00000, 0x000000008c000000)
 concurrent mark-sweep generation total 1709056K, used 1056201K [0x000000008d400000, 0x00000000f5900000, 0x00000000f5a00000)
 concurrent-mark-sweep perm gen total 33648K, used 30736K [0x00000000f5a00000, 0x00000000f7adc000, 0x0000000100000000)
}
Event: 93779.509 GC heap before
{Heap before GC invocations=219 (full 1):
 par new generation   total 184320K, used 164410K [0x0000000080c00000, 0x000000008d400000, 0x000000008d400000)
  eden space 163840K, 100% used [0x0000000080c00000, 0x000000008ac00000, 0x000000008ac00000)
  from space 20480K,   2% used [0x000000008c000000, 0x000000008c08ebf0, 0x000000008d400000)
  to   space 20480K,   0% used [0x000000008ac00000, 0x000000008ac00000, 0x000000008c000000)
 concurrent mark-sweep generation total 1709056K, used 1056201K [0x000000008d400000, 0x00000000f5900000, 0x00000000f5a00000)
 concurrent-mark-sweep perm gen total 33648K, used 30736K [0x00000000f5a00000, 0x00000000f7adc000, 0x0000000100000000)
Event: 93779.531 GC heap after
Heap after GC invocations=220 (full 1):
 par new generation   total 184320K, used 270K [0x0000000080c00000, 0x000000008d400000, 0x000000008d400000)
  eden space 163840K,   0% used [0x0000000080c00000, 0x0000000080c00000, 0x000000008ac00000)
  from space 20480K,   1% used [0x000000008ac00000, 0x000000008ac438d8, 0x000000008c000000)
  to   space 20480K,   0% used [0x000000008c000000, 0x000000008c000000, 0x000000008d400000)
 concurrent mark-sweep generation total 1709056K, used 1056348K [0x000000008d400000, 0x00000000f5900000, 0x00000000f5a00000)
 concurrent-mark-sweep perm gen total 33648K, used 30736K [0x00000000f5a00000, 0x00000000f7adc000, 0x0000000100000000)
}
Event: 93804.876 GC heap before
{Heap before GC invocations=220 (full 1):
 par new generation   total 184320K, used 164110K [0x0000000080c00000, 0x000000008d400000, 0x000000008d400000)
  eden space 163840K, 100% used [0x0000000080c00000, 0x000000008ac00000, 0x000000008ac00000)
  from space 20480K,   1% used [0x000000008ac00000, 0x000000008ac438d8, 0x000000008c000000)
  to   space 20480K,   0% used [0x000000008c000000, 0x000000008c000000, 0x000000008d400000)
 concurrent mark-sweep generation total 1709056K, used 1056348K [0x000000008d400000, 0x00000000f5900000, 0x00000000f5a00000)
 concurrent-mark-sweep perm gen total 33648K, used 30736K [0x00000000f5a00000, 0x00000000f7adc000, 0x0000000100000000)
Event: 93804.908 GC heap after
Heap after GC invocations=221 (full 1):
 par new generation   total 184320K, used 3146K [0x0000000080c00000, 0x000000008d400000, 0x000000008d400000)
  eden space 163840K,   0% used [0x0000000080c00000, 0x0000000080c00000, 0x000000008ac00000)
  from space 20480K,  15% used [0x000000008c000000, 0x000000008c312b80, 0x000000008d400000)
  to   space 20480K,   0% used [0x000000008ac00000, 0x000000008ac00000, 0x000000008c000000)
 concurrent mark-sweep generation total 1709056K, used 1056496K [0x000000008d400000, 0x00000000f5900000, 0x00000000f5a00000)
 concurrent-mark-sweep perm gen total 33648K, used 30736K [0x00000000f5a00000, 0x00000000f7adc000, 0x0000000100000000)
}
Event: 93866.343 GC heap before
{Heap before GC invocations=221 (full 1):
 par new generation   total 184320K, used 166986K [0x0000000080c00000, 0x000000008d400000, 0x000000008d400000)
  eden space 163840K, 100% used [0x0000000080c00000, 0x000000008ac00000, 0x000000008ac00000)
  from space 20480K,  15% used [0x000000008c000000, 0x000000008c312b80, 0x000000008d400000)
  to   space 20480K,   0% used [0x000000008ac00000, 0x000000008ac00000, 0x000000008c000000)
 concurrent mark-sweep generation total 1709056K, used 1056496K [0x000000008d400000, 0x00000000f5900000, 0x00000000f5a00000)
 concurrent-mark-sweep perm gen total 33648K, used 30736K [0x00000000f5a00000, 0x00000000f7adc000, 0x0000000100000000)
Event: 93866.550 GC heap after
Heap after GC invocations=222 (full 1):
 par new generation   total 184320K, used 6917K [0x0000000080c00000, 0x000000008d400000, 0x000000008d400000)
  eden space 163840K,   0% used [0x0000000080c00000, 0x0000000080c00000, 0x000000008ac00000)
  from space 20480K,  33% used [0x000000008ac00000, 0x000000008b2c14d0, 0x000000008c000000)
  to   space 20480K,   0% used [0x000000008c000000, 0x000000008c000000, 0x000000008d400000)
 concurrent mark-sweep generation total 1709056K, used 1059576K [0x000000008d400000, 0x00000000f5900000, 0x00000000f5a00000)
 concurrent-mark-sweep perm gen total 33648K, used 30736K [0x00000000f5a00000, 0x00000000f7adc000, 0x0000000100000000)
}
Event: 93920.913 GC heap before
{Heap before GC invocations=222 (full 1):
 par new generation   total 184320K, used 170757K [0x0000000080c00000, 0x000000008d400000, 0x000000008d400000)
  eden space 163840K, 100% used [0x0000000080c00000, 0x000000008ac00000, 0x000000008ac00000)
  from space 20480K,  33% used [0x000000008ac00000, 0x000000008b2c14d0, 0x000000008c000000)
  to   space 20480K,   0% used [0x000000008c000000, 0x000000008c000000, 0x000000008d400000)
 concurrent mark-sweep generation total 1709056K, used 1059576K [0x000000008d400000, 0x00000000f5900000, 0x00000000f5a00000)
 concurrent-mark-sweep perm gen total 33648K, used 30736K [0x00000000f5a00000, 0x00000000f7adc000, 0x0000000100000000)
Event: 93921.016 GC heap after
Heap after GC invocations=223 (full 1):
 par new generation   total 184320K, used 10688K [0x0000000080c00000, 0x000000008d400000, 0x000000008d400000)
  eden space 163840K,   0% used [0x0000000080c00000, 0x0000000080c00000, 0x000000008ac00000)
  from space 20480K,  52% used [0x000000008c000000, 0x000000008ca703d8, 0x000000008d400000)
  to   space 20480K,   0% used [0x000000008ac00000, 0x000000008ac00000, 0x000000008c000000)
 concurrent mark-sweep generation total 1709056K, used 1066043K [0x000000008d400000, 0x00000000f5900000, 0x00000000f5a00000)
 concurrent-mark-sweep perm gen total 33648K, used 30736K [0x00000000f5a00000, 0x00000000f7adc000, 0x0000000100000000)
}

Deoptimization events (10 events):
Event: 93607.053 Thread 0x00000000020f5000 Uncommon trap: reason=class_check action=maybe_recompile pc=0x00007fca54a009fc method=org.apache.cassandra.db.ColumnIndex$Builder.<init>(Lorg/apache/cassandra/db/ColumnFamily;Ljava/nio/ByteBuffer;Lorg/apache/cassandra/io/util/DataOutputPlus;)V @ 77
Event: 93607.072 Thread 0x00000000020f5000 Uncommon trap: reason=class_check action=maybe_recompile pc=0x00007fca5458c540 method=java.nio.DirectByteBuffer.<init>(Lsun/nio/ch/DirectBuffer;IIIII)V @ 12
Event: 93607.073 Thread 0x00000000020f5000 Uncommon trap: reason=class_check action=maybe_recompile pc=0x00007fca5458c540 method=java.nio.DirectByteBuffer.<init>(Lsun/nio/ch/DirectBuffer;IIIII)V @ 12
Event: 93607.073 Thread 0x00000000020f5000 Uncommon trap: reason=class_check action=maybe_recompile pc=0x00007fca5458c540 method=java.nio.DirectByteBuffer.<init>(Lsun/nio/ch/DirectBuffer;IIIII)V @ 12
Event: 93607.079 Thread 0x00000000020f5000 Uncommon trap: reason=class_check action=maybe_recompile pc=0x00007fca549d42b4 method=org.apache.cassandra.db.composites.SimpleCType.<init>(Lorg/apache/cassandra/db/marshal/AbstractType;)V @ 2
Event: 93607.079 Thread 0x00000000020f5000 Uncommon trap: reason=class_check action=maybe_recompile pc=0x00007fca549d09e8 method=org.apache.cassandra.cql3.statements.ModificationStatement.createClusteringPrefixBuilderInternal(Lorg/apache/cassandra/cql3/QueryOptions;)Lorg/apache/cassandra/db/compos
Event: 93607.080 Thread 0x00000000020f5000 Uncommon trap: reason=class_check action=maybe_recompile pc=0x00007fca5495d4e0 method=org.apache.cassandra.db.AtomicBTreeColumns.addAllWithSizeDelta(Lorg/apache/cassandra/db/ColumnFamily;Lorg/apache/cassandra/utils/memory/MemtableAllocator;Lorg/apache/cas
Event: 93607.702 Thread 0x00007fca58e78800 Uncommon trap: reason=bimorphic action=maybe_recompile pc=0x00007fca548884f0 method=java.util.TimSort.gallopRight(Ljava/lang/Object;[Ljava/lang/Object;IIILjava/util/Comparator;)I @ 44
Event: 93607.702 Thread 0x00007fca58e78800 Uncommon trap: reason=bimorphic action=maybe_recompile pc=0x00007fca548884f0 method=java.util.TimSort.gallopRight(Ljava/lang/Object;[Ljava/lang/Object;IIILjava/util/Comparator;)I @ 44
Event: 93777.004 Thread 0x00007fca58dba800 Uncommon trap: reason=class_check action=maybe_recompile pc=0x00007fca5495399c method=com.google.common.collect.Iterables.iterators(Ljava/lang/Iterable;)Ljava/util/Iterator; @ 5

Internal exceptions (10 events):
Event: 93934.153 Thread 0x00007fca58ac8000 Threw 0x0000000082daac08 at /build/buildd/openjdk-7-7u79-2.5.5/build/openjdk/hotspot/src/share/vm/prims/jni.cpp:747
Event: 93934.578 Thread 0x00007fca58ac8000 Threw 0x0000000082dab070 at /build/buildd/openjdk-7-7u79-2.5.5/build/openjdk/hotspot/src/share/vm/prims/jni.cpp:747
Event: 93934.760 Thread 0x00007fca58ac8000 Threw 0x0000000082fd6f60 at /build/buildd/openjdk-7-7u79-2.5.5/build/openjdk/hotspot/src/share/vm/prims/jni.cpp:747
Event: 93934.983 Thread 0x00007fca58ac8000 Threw 0x0000000082fd73c8 at /build/buildd/openjdk-7-7u79-2.5.5/build/openjdk/hotspot/src/share/vm/prims/jni.cpp:747
Event: 93935.084 Thread 0x00007fca58ac8000 Threw 0x0000000082fd7830 at /build/buildd/openjdk-7-7u79-2.5.5/build/openjdk/hotspot/src/share/vm/prims/jni.cpp:747
Event: 93935.214 Thread 0x00007fca58ac8000 Threw 0x0000000082fd7c98 at /build/buildd/openjdk-7-7u79-2.5.5/build/openjdk/hotspot/src/share/vm/prims/jni.cpp:747
Event: 93935.403 Thread 0x00007fca58ac8000 Threw 0x0000000082fd8100 at /build/buildd/openjdk-7-7u79-2.5.5/build/openjdk/hotspot/src/share/vm/prims/jni.cpp:747
Event: 93935.504 Thread 0x00007fca58ac8000 Threw 0x0000000082fd8568 at /build/buildd/openjdk-7-7u79-2.5.5/build/openjdk/hotspot/src/share/vm/prims/jni.cpp:747
Event: 93936.284 Thread 0x00007fca58ac8000 Threw 0x0000000082fd89d0 at /build/buildd/openjdk-7-7u79-2.5.5/build/openjdk/hotspot/src/share/vm/prims/jni.cpp:747
Event: 93940.211 Thread 0x00007fca58ac8000 Threw 0x000000008305db20 at /build/buildd/openjdk-7-7u79-2.5.5/build/openjdk/hotspot/src/share/vm/prims/jni.cpp:747

Events (10 events):
Event: 93917.154 Executing VM operation: RevokeBias
Event: 93917.154 Executing VM operation: RevokeBias done
Event: 93918.902 Executing VM operation: RevokeBias
Event: 93918.907 Executing VM operation: RevokeBias done
Event: 93920.906 Executing VM operation: GenCollectForAllocation
Event: 93921.016 Executing VM operation: GenCollectForAllocation done
Event: 93940.839 Executing VM operation: RevokeBias
Event: 93943.393 Executing VM operation: RevokeBias done
Event: 93943.394 Thread 0x00007fca58745000 Thread exited: 0x00007fca58745000
Event: 93943.396 Thread 0x00007fca58bd9000 Thread added: 0x00007fca58bd9000


Dynamic libraries:
00400000-00401000 r-xp 00000000 ca:01 525531                             /usr/lib/jvm/java-7-openjdk-amd64/jre/bin/java
00600000-00601000 r--p 00000000 ca:01 525531                             /usr/lib/jvm/java-7-openjdk-amd64/jre/bin/java
00601000-00602000 rw-p 00001000 ca:01 525531                             /usr/lib/jvm/java-7-openjdk-amd64/jre/bin/java
02073000-0233c000 rw-p 00000000 00:00 0                                  [heap]
80c00000-f5900000 rw-p 00000000 00:00 0 
f5900000-f5a00000 rw-p 00000000 00:00 0 
f5a00000-f7adc000 rw-p 00000000 00:00 0 
f7adc000-100000000 rw-p 00000000 00:00 0 
7fc9e62c6000-7fc9e82c6000 rw-s 00000000 ca:01 2106929                    /usr/local/cassandra/data/commitlog/CommitLog-4-1434941836627.log
7fc9e82c6000-7fc9e82c9000 ---p 00000000 00:00 0 
7fc9e82c9000-7fc9e9308000 rw-p 00000000 00:00 0                          [stack:5803]
7fc9e9308000-7fc9e930b000 ---p 00000000 00:00 0 
7fc9e930b000-7fc9e9349000 rw-p 00000000 00:00 0                          [stack:5797]
7fc9e9349000-7fc9e9354000 r-xp 00000000 ca:01 28005                      /tmp/snappy-1.0.5.2-libsnappyjava.so
7fc9e9354000-7fc9e9554000 ---p 0000b000 ca:01 28005                      /tmp/snappy-1.0.5.2-libsnappyjava.so
7fc9e9554000-7fc9e9555000 rw-p 0000b000 ca:01 28005                      /tmp/snappy-1.0.5.2-libsnappyjava.so
7fc9e9555000-7fc9ea556000 rw-p 00000000 00:00 0 
7fc9ea556000-7fc9ea559000 ---p 00000000 00:00 0 
7fc9ea559000-7fc9ea597000 rw-p 00000000 00:00 0                          [stack:5793]
7fc9ea597000-7fc9ea59a000 ---p 00000000 00:00 0 
7fc9ea59a000-7fc9ea5d8000 rw-p 00000000 00:00 0                          [stack:5792]
7fc9ea5d8000-7fc9ea5db000 ---p 00000000 00:00 0 
7fc9ea5db000-7fc9ea619000 rw-p 00000000 00:00 0                          [stack:5782]
7fc9ea619000-7fc9ea620000 r-xp 00000000 ca:01 28004                      /tmp/libnetty-transport-native-epoll1287545550345546325.so
7fc9ea620000-7fc9ea81f000 ---p 00007000 ca:01 28004                      /tmp/libnetty-transport-native-epoll1287545550345546325.so
7fc9ea81f000-7fc9ea820000 rw-p 00006000 ca:01 28004                      /tmp/libnetty-transport-native-epoll1287545550345546325.so
7fc9ea820000-7fc9ea821000 r--s 00000000 ca:01 2107835                    /usr/local/cassandra/data/data/system/local-7ad54392bcdd35a684174e047860b377/system-local-ka-44-Index.db
7fc9ea822000-7fc9ea823000 r--s 00000000 ca:01 2107829                    /usr/local/cassandra/data/data/system/local-7ad54392bcdd35a684174e047860b377/system-local-ka-43-Index.db
7fc9ea823000-7fc9ea826000 ---p 00000000 00:00 0 
7fc9ea826000-7fc9ea864000 rw-p 00000000 00:00 0                          [stack:5776]
7fc9ea865000-7fc9ea868000 ---p 00000000 00:00 0 
7fc9ea868000-7fc9ea8a6000 rw-p 00000000 00:00 0                          [stack:5777]
7fc9ea8a6000-7fc9ea8a9000 ---p 00000000 00:00 0 
7fc9ea8a9000-7fc9ea8e7000 rw-p 00000000 00:00 0                          [stack:5781]
7fc9ea8e7000-7fc9ea8ea000 ---p 00000000 00:00 0 
7fc9ea8ea000-7fc9ea928000 rw-p 00000000 00:00 0                          [stack:5773]
7fc9ea928000-7fc9ea92b000 ---p 00000000 00:00 0 
7fc9ea92b000-7fc9ea969000 rw-p 00000000 00:00 0                          [stack:5772]
7fc9ea969000-7fc9ea96c000 ---p 00000000 00:00 0 
7fc9ea96c000-7fc9ea9aa000 rw-p 00000000 00:00 0                          [stack:5771]
7fc9ea9aa000-7fc9ea9ad000 ---p 00000000 00:00 0 
7fc9ea9ad000-7fc9ea9eb000 rw-p 00000000 00:00 0                          [stack:5770]
7fc9ea9eb000-7fc9ea9ee000 ---p 00000000 00:00 0 
7fc9ea9ee000-7fc9eaa2c000 rw-p 00000000 00:00 0                          [stack:5767]
7fc9eaa2c000-7fc9eaa2f000 ---p 00000000 00:00 0 
7fc9eaa2f000-7fc9eaa6d000 rw-p 00000000 00:00 0                          [stack:5766]
7fc9eaa6d000-7fc9eaa70000 ---p 00000000 00:00 0 
7fc9eaa70000-7fc9eaaae000 rw-p 00000000 00:00 0                          [stack:5769]
7fc9eaaae000-7fc9eaab1000 ---p 00000000 00:00 0 
7fc9eaab1000-7fc9eaaef000 rw-p 00000000 00:00 0                          [stack:5764]
7fc9eaaef000-7fc9eaaf2000 ---p 00000000 00:00 0 
7fc9eaaf2000-7fc9eab30000 rw-p 00000000 00:00 0                          [stack:5763]
7fc9eab30000-7fc9eab33000 ---p 00000000 00:00 0 
7fc9eab33000-7fc9eab71000 rw-p 00000000 00:00 0                          [stack:5762]
7fc9eab71000-7fc9eab74000 ---p 00000000 00:00 0 
7fc9eab74000-7fc9eabb2000 rw-p 00000000 00:00 0                          [stack:5761]
7fc9eabb2000-7fc9eabb5000 ---p 00000000 00:00 0 
7fc9eabb5000-7fc9eabf3000 rw-p 00000000 00:00 0                          [stack:5760]
7fc9eabf3000-7fc9eabf6000 ---p 00000000 00:00 0 
7fc9eabf6000-7fc9eac34000 rw-p 00000000 00:00 0                          [stack:5759]
7fc9eac34000-7fc9eac37000 ---p 00000000 00:00 0 
7fc9eac37000-7fc9eac75000 rw-p 00000000 00:00 0                          [stack:5758]
7fc9eac75000-7fc9eac78000 ---p 00000000 00:00 0 
7fc9eac78000-7fc9eacb6000 rw-p 00000000 00:00 0                          [stack:5757]
7fc9eacb6000-7fc9eacb9000 ---p 00000000 00:00 0 
7fc9eacb9000-7fc9eacf7000 rw-p 00000000 00:00 0                          [stack:5756]
7fc9eacf7000-7fc9eacfa000 ---p 00000000 00:00 0 
7fc9eacfa000-7fc9ead38000 rw-p 00000000 00:00 0                          [stack:5755]
7fc9ead38000-7fc9ead39000 r--s 00000000 ca:01 2107783                    /usr/local/cassandra/data/data/system/schema_triggers-0359bc7171233ee19a4ab9dfb11fc125/system-schema_triggers-ka-13-Index.db
7fc9ead39000-7fc9ead3c000 ---p 00000000 00:00 0 
7fc9ead3c000-7fc9ead7a000 rw-p 00000000 00:00 0                          [stack:5754]
7fc9ead7a000-7fc9ecd7a000 rw-s 00000000 ca:01 2106779                    /usr/local/cassandra/data/commitlog/CommitLog-4-1434941836615.log
7fc9ecd7a000-7fc9eed7a000 rw-s 00000000 ca:01 2106919                    /usr/local/cassandra/data/commitlog/CommitLog-4-1434941836614.log
7fc9eed7a000-7fc9f0d7a000 rw-s 00000000 ca:01 2106827                    /usr/local/cassandra/data/commitlog/CommitLog-4-1434941836613.log
7fc9f0d7a000-7fc9f2d7a000 rw-s 00000000 ca:01 2106792                    /usr/local/cassandra/data/commitlog/CommitLog-4-1434941836612.log
7fc9f2d7a000-7fc9f4d7a000 rw-s 00000000 ca:01 2106764                    /usr/local/cassandra/data/commitlog/CommitLog-4-1434941836611.log
7fc9f4d7a000-7fc9f6d7a000 rw-s 00000000 ca:01 2106888                    /usr/local/cassandra/data/commitlog/CommitLog-4-1434941836610.log
7fc9f6d7a000-7fc9f8d7a000 rw-s 00000000 ca:01 2106763                    /usr/local/cassandra/data/commitlog/CommitLog-4-1434941836609.log
7fc9f8d7a000-7fc9fad7a000 rw-s 00000000 ca:01 2106777                    /usr/local/cassandra/data/commitlog/CommitLog-4-1434941836608.log
7fc9fad7a000-7fc9fcd7a000 rw-s 00000000 ca:01 2106769                    /usr/local/cassandra/data/commitlog/CommitLog-4-1434941836607.log
7fc9fcd7a000-7fc9fed7a000 rw-s 00000000 ca:01 2106886                    /usr/local/cassandra/data/commitlog/CommitLog-4-1434941836606.log
7fc9fed7a000-7fca00d7a000 rw-s 00000000 ca:01 2106762                    /usr/local/cassandra/data/commitlog/CommitLog-4-1434941836605.log
7fca00d7a000-7fca02d7a000 rw-s 00000000 ca:01 2106816                    /usr/local/cassandra/data/commitlog/CommitLog-4-1434941836604.log
7fca02d7a000-7fca04d7a000 rw-s 00000000 ca:01 2106766                    /usr/local/cassandra/data/commitlog/CommitLog-4-1434941836603.log
7fca04d7a000-7fca06d7a000 rw-s 00000000 ca:01 2106883                    /usr/local/cassandra/data/commitlog/CommitLog-4-1434941836602.log
7fca06d7a000-7fca08d7a000 rw-s 00000000 ca:01 2106891                    /usr/local/cassandra/data/commitlog/CommitLog-4-1434941836601.log
7fca08d7a000-7fca0ad7a000 rw-s 00000000 ca:01 2106814                    /usr/local/cassandra/data/commitlog/CommitLog-4-1434941836600.log
7fca0ad7a000-7fca0cd7a000 rw-s 00000000 ca:01 2106765                    /usr/local/cassandra/data/commitlog/CommitLog-4-1434941836599.log
7fca0cd7a000-7fca0ed7a000 rw-s 00000000 ca:01 2106964                    /usr/local/cassandra/data/commitlog/CommitLog-4-1434941836598.log
7fca0ed7a000-7fca10d7a000 rw-s 00000000 ca:01 2106840                    /usr/local/cassandra/data/commitlog/CommitLog-4-1434941836597.log
7fca10d7a000-7fca12d7a000 rw-s 00000000 ca:01 2106962                    /usr/local/cassandra/data/commitlog/CommitLog-4-1434941836596.log
7fca12d7a000-7fca14d7a000 rw-s 00000000 ca:01 2106961                    /usr/local/cassandra/data/commitlog/CommitLog-4-1434941836595.log
7fca14d7a000-7fca16d7a000 rw-s 00000000 ca:01 2106838                    /usr/local/cassandra/data/commitlog/CommitLog-4-1434941836594.log
7fca16d7a000-7fca18d7a000 rw-s 00000000 ca:01 2106745                    /usr/local/cassandra/data/commitlog/CommitLog-4-1434941836593.log
7fca18d7a000-7fca1ad7a000 rw-s 00000000 ca:01 2106733                    /usr/local/cassandra/data/commitlog/CommitLog-4-1434941836592.log
7fca1ad7a000-7fca1cd7a000 rw-s 00000000 ca:01 2106829                    /usr/local/cassandra/data/commitlog/CommitLog-4-1434941836591.log
7fca1cd7a000-7fca1ed7a000 rw-s 00000000 ca:01 2107619                    /usr/local/cassandra/data/commitlog/CommitLog-4-1434941836590.log
7fca1ed7a000-7fca20d7a000 rw-s 00000000 ca:01 2107602                    /usr/local/cassandra/data/commitlog/CommitLog-4-1434941836589.log
7fca20d7a000-7fca22d7a000 rw-s 00000000 ca:01 2106737                    /usr/local/cassandra/data/commitlog/CommitLog-4-1434941836588.log
7fca22d7a000-7fca24d7a000 rw-s 00000000 ca:01 2106834                    /usr/local/cassandra/data/commitlog/CommitLog-4-1434941836587.log
7fca24d7a000-7fca26d7a000 rw-s 00000000 ca:01 2106835                    /usr/local/cassandra/data/commitlog/CommitLog-4-1434941836586.log
7fca26d7a000-7fca28d7a000 rw-s 00000000 ca:01 2106738                    /usr/local/cassandra/data/commitlog/CommitLog-4-1434941836585.log
7fca2b51a000-7fca2bd4e000 r--s 00000000 ca:01 2885375                    /usr/local/cassandra/data/data/watch_events/getuserid-6b2bcd30195711e5b677253a543e36ef/watch_events-getuserid-ka-3-Index.db
7fca2bd4e000-7fca2bd4f000 r--s 00000000 ca:01 2107764                    /usr/local/cassandra/data/data/system/sstable_activity-5a1ff267ace03f128563cfae6103c65e/system-sstable_activity-ka-289-Index.db
7fca2bd4f000-7fca2dd4f000 rw-s 00000000 ca:01 2106780                    /usr/local/cassandra/data/commitlog/CommitLog-4-1434941836626.log
7fca2dd4f000-7fca2fd4f000 rw-s 00000000 ca:01 2106895                    /usr/local/cassandra/data/commitlog/CommitLog-4-1434941836625.log
7fca2fd4f000-7fca30551000 r--s 00000000 ca:01 2885365                    /usr/local/cassandra/data/data/watch_events/getuserid-6b2bcd30195711e5b677253a543e36ef/watch_events-getuserid-ka-2-Index.db
7fca30551000-7fca32551000 rw-s 00000000 ca:01 2106828                    /usr/local/cassandra/data/commitlog/CommitLog-4-1434941836624.log
7fca32551000-7fca32d7c000 r--s 00000000 ca:01 2885358                    /usr/local/cassandra/data/data/watch_events/getuserid-6b2bcd30195711e5b677253a543e36ef/watch_events-getuserid-ka-1-Index.db
7fca32d7c000-7fca32d7d000 r--s 00000000 ca:01 2107772                    /usr/local/cassandra/data/data/system/size_estimates-618f817b005f3678b8a453f3930b8e86/system-size_estimates-ka-324-Index.db
7fca32d7d000-7fca34d7d000 rw-s 00000000 ca:01 2106925                    /usr/local/cassandra/data/commitlog/CommitLog-4-1434941836623.log
7fca34d7d000-7fca36d7d000 rw-s 00000000 ca:01 2106938                    /usr/local/cassandra/data/commitlog/CommitLog-4-1434941836622.log
7fca36d7d000-7fca38d7d000 rw-s 00000000 ca:01 2106890                    /usr/local/cassandra/data/commitlog/CommitLog-4-1434941836621.log
7fca38d7d000-7fca3ad7d000 rw-s 00000000 ca:01 2106806                    /usr/local/cassandra/data/commitlog/CommitLog-4-1434941836620.log
7fca3ad7d000-7fca3cd7d000 rw-s 00000000 ca:01 2106832                    /usr/local/cassandra/data/commitlog/CommitLog-4-1434941836619.log
7fca3cd7d000-7fca3ed7d000 rw-s 00000000 ca:01 2106932                    /usr/local/cassandra/data/commitlog/CommitLog-4-1434941836618.log
7fca3ed7d000-7fca40d7d000 rw-s 00000000 ca:01 2107671                    /usr/local/cassandra/data/commitlog/CommitLog-4-1434941836617.log
7fca40d7d000-7fca40d80000 ---p 00000000 00:00 0 
7fca40d80000-7fca40dbe000 rw-p 00000000 00:00 0                          [stack:5753]
7fca40dbe000-7fca40dc1000 ---p 00000000 00:00 0 
7fca40dc1000-7fca40dff000 rw-p 00000000 00:00 0                          [stack:5752]
7fca40dff000-7fca40e02000 ---p 00000000 00:00 0 
7fca40e02000-7fca40e40000 rw-p 00000000 00:00 0                          [stack:5751]
7fca40e40000-7fca40e43000 ---p 00000000 00:00 0 
7fca40e43000-7fca40e81000 rw-p 00000000 00:00 0                          [stack:5750]
7fca40e81000-7fca40e84000 ---p 00000000 00:00 0 
7fca40e84000-7fca40ec2000 rw-p 00000000 00:00 0                          [stack:5749]
7fca40ec2000-7fca40ec5000 ---p 00000000 00:00 0 
7fca40ec5000-7fca40f03000 rw-p 00000000 00:00 0                          [stack:5748]
7fca40f03000-7fca40f06000 ---p 00000000 00:00 0 
7fca40f06000-7fca40f44000 rw-p 00000000 00:00 0                          [stack:5747]
7fca40f44000-7fca40f47000 ---p 00000000 00:00 0 
7fca40f47000-7fca40f85000 rw-p 00000000 00:00 0                          [stack:5746]
7fca40f85000-7fca40f88000 ---p 00000000 00:00 0 
7fca40f88000-7fca40fc6000 rw-p 00000000 00:00 0                          [stack:5745]
7fca40fc6000-7fca40fc9000 ---p 00000000 00:00 0 
7fca40fc9000-7fca41007000 rw-p 00000000 00:00 0                          [stack:5744]
7fca41007000-7fca4100a000 ---p 00000000 00:00 0 
7fca4100a000-7fca41048000 rw-p 00000000 00:00 0                          [stack:5743]
7fca41048000-7fca4104b000 ---p 00000000 00:00 0 
7fca4104b000-7fca41089000 rw-p 00000000 00:00 0                          [stack:5742]
7fca41089000-7fca4108c000 ---p 00000000 00:00 0 
7fca4108c000-7fca410ca000 rw-p 00000000 00:00 0                          [stack:5741]
7fca410ca000-7fca410cd000 ---p 00000000 00:00 0 
7fca410cd000-7fca4110b000 rw-p 00000000 00:00 0                          [stack:5740]
7fca4110b000-7fca4110e000 ---p 00000000 00:00 0 
7fca4110e000-7fca4114c000 rw-p 00000000 00:00 0                          [stack:5739]
7fca4114c000-7fca4114f000 ---p 00000000 00:00 0 
7fca4114f000-7fca4118d000 rw-p 00000000 00:00 0                          [stack:5738]
7fca4118d000-7fca41190000 ---p 00000000 00:00 0 
7fca41190000-7fca411ce000 rw-p 00000000 00:00 0                          [stack:5737]
7fca411ce000-7fca411d1000 ---p 00000000 00:00 0 
7fca411d1000-7fca4120f000 rw-p 00000000 00:00 0                          [stack:5736]
7fca4120f000-7fca41212000 ---p 00000000 00:00 0 
7fca41212000-7fca41250000 rw-p 00000000 00:00 0                          [stack:5735]
7fca41250000-7fca41253000 ---p 00000000 00:00 0 
7fca41253000-7fca41291000 rw-p 00000000 00:00 0                          [stack:5734]
7fca41291000-7fca41294000 ---p 00000000 00:00 0 
7fca41294000-7fca412d2000 rw-p 00000000 00:00 0                          [stack:5733]
7fca412d2000-7fca412d5000 ---p 00000000 00:00 0 
7fca412d5000-7fca41313000 rw-p 00000000 00:00 0                          [stack:5732]
7fca41313000-7fca41316000 ---p 00000000 00:00 0 
7fca41316000-7fca41354000 rw-p 00000000 00:00 0                          [stack:5731]
7fca41354000-7fca41357000 ---p 00000000 00:00 0 
7fca41357000-7fca41395000 rw-p 00000000 00:00 0                          [stack:5730]
7fca41395000-7fca41398000 ---p 00000000 00:00 0 
7fca41398000-7fca413d6000 rw-p 00000000 00:00 0                          [stack:5729]
7fca413d6000-7fca413d9000 ---p 00000000 00:00 0 
7fca413d9000-7fca41417000 rw-p 00000000 00:00 0                          [stack:5728]
7fca41417000-7fca4141a000 ---p 00000000 00:00 0 
7fca4141a000-7fca41458000 rw-p 00000000 00:00 0                          [stack:5727]
7fca41458000-7fca4145b000 ---p 00000000 00:00 0 
7fca4145b000-7fca41499000 rw-p 00000000 00:00 0                          [stack:5726]
7fca41499000-7fca4149c000 ---p 00000000 00:00 0 
7fca4149c000-7fca414da000 rw-p 00000000 00:00 0                          [stack:5725]
7fca414da000-7fca414dd000 ---p 00000000 00:00 0 
7fca414dd000-7fca4151b000 rw-p 00000000 00:00 0                          [stack:5724]
7fca4151b000-7fca4151e000 ---p 00000000 00:00 0 
7fca4151e000-7fca4155c000 rw-p 00000000 00:00 0                          [stack:5723]
7fca4155c000-7fca4155f000 ---p 00000000 00:00 0 
7fca4155f000-7fca4159d000 rw-p 00000000 00:00 0                          [stack:5722]
7fca4159d000-7fca415a0000 ---p 00000000 00:00 0 
7fca415a0000-7fca415de000 rw-p 00000000 00:00 0                          [stack:5721]
7fca415de000-7fca415e1000 ---p 00000000 00:00 0 
7fca415e1000-7fca4161f000 rw-p 00000000 00:00 0 
7fca41622000-7fca41660000 rw-p 00000000 00:00 0                          [stack:17680]
7fca41660000-7fca41663000 ---p 00000000 00:00 0 
7fca41663000-7fca416a1000 rw-p 00000000 00:00 0                          [stack:5718]
7fca416a1000-7fca416a4000 ---p 00000000 00:00 0 
7fca416a4000-7fca416e2000 rw-p 00000000 00:00 0                          [stack:5717]
7fca416e2000-7fca416e5000 ---p 00000000 00:00 0 
7fca416e5000-7fca41723000 rw-p 00000000 00:00 0                          [stack:5716]
7fca41723000-7fca41726000 ---p 00000000 00:00 0 
7fca41726000-7fca41764000 rw-p 00000000 00:00 0                          [stack:5715]
7fca41764000-7fca41955000 r--s 00000000 ca:01 2362668                    /usr/local/cassandra/data/data/watch_events/watch-d489a6800fbb11e58d715b8643cee2f3/watch_events-watch-ka-1-Index.db
7fca41955000-7fca41958000 r--s 00000000 ca:01 2362666                    /usr/local/cassandra/data/data/OpsCenter/rollups60-aba695620fd511e5ab485b8643cee2f3/OpsCenter-rollups60-ka-7-Index.db
7fca41958000-7fca4195b000 r--s 00000000 ca:01 2362430                    /usr/local/cassandra/data/data/OpsCenter/rollups60-aba695620fd511e5ab485b8643cee2f3/OpsCenter-rollups60-ka-6-Index.db
7fca4195b000-7fca4195e000 r--s 00000000 ca:01 2362655                    /usr/local/cassandra/data/data/OpsCenter/rollups60-aba695620fd511e5ab485b8643cee2f3/OpsCenter-rollups60-ka-8-Index.db
7fca4195e000-7fca4195f000 r--s 00000000 ca:01 2362684                    /usr/local/cassandra/data/data/OpsCenter/settings-aba695600fd511e5ab485b8643cee2f3/OpsCenter-settings-ka-2-Index.db
7fca4195f000-7fca41960000 r--s 00000000 ca:01 2362360                    /usr/local/cassandra/data/data/OpsCenter/settings-aba695600fd511e5ab485b8643cee2f3/OpsCenter-settings-ka-1-Index.db
7fca41960000-7fca41961000 r--s 00000000 ca:01 2362402                    /usr/local/cassandra/data/data/OpsCenter/events_timeline-aba66e520fd511e5ab485b8643cee2f3/OpsCenter-events_timeline-ka-1-Index.db
7fca41961000-7fca41963000 r--s 00000000 ca:01 2362394                    /usr/local/cassandra/data/data/OpsCenter/rollups300-aba6bc710fd511e5ab485b8643cee2f3/OpsCenter-rollups300-ka-1-Index.db
7fca41963000-7fca41966000 r--s 00000000 ca:01 2362700                    /usr/local/cassandra/data/data/OpsCenter/rollups300-aba6bc710fd511e5ab485b8643cee2f3/OpsCenter-rollups300-ka-3-Index.db
7fca41966000-7fca41969000 r--s 00000000 ca:01 2362357                    /usr/local/cassandra/data/data/OpsCenter/rollups300-aba6bc710fd511e5ab485b8643cee2f3/OpsCenter-rollups300-ka-2-Index.db
7fca41969000-7fca4196c000 ---p 00000000 00:00 0 
7fca4196c000-7fca419aa000 rw-p 00000000 00:00 0 
7fca419aa000-7fca419ab000 r--s 00000000 ca:01 2362716                    /usr/local/cassandra/data/data/OpsCenter/events-aba6bc700fd511e5ab485b8643cee2f3/OpsCenter-events-ka-1-Index.db
7fca419ab000-7fca419ae000 r--s 00000000 ca:01 2362374                    /usr/local/cassandra/data/data/OpsCenter/rollups7200-aba695610fd511e5ab485b8643cee2f3/OpsCenter-rollups7200-ka-3-Index.db
7fca419ae000-7fca419b1000 ---p 00000000 00:00 0 
7fca419b1000-7fca419ef000 rw-p 00000000 00:00 0                          [stack:5702]
7fca419ef000-7fca419f2000 r--s 00000000 ca:01 2362676                    /usr/local/cassandra/data/data/OpsCenter/rollups86400-aba647400fd511e5ab485b8643cee2f3/OpsCenter-rollups86400-ka-1-Index.db
7fca419f2000-7fca419f5000 ---p 00000000 00:00 0 
7fca419f5000-7fca41a33000 rw-p 00000000 00:00 0 
7fca41a33000-7fca41a36000 ---p 00000000 00:00 0 
7fca41a36000-7fca41a74000 rw-p 00000000 00:00 0                          [stack:5700]
7fca41a74000-7fca41a77000 ---p 00000000 00:00 0 
7fca41a77000-7fca41ab5000 rw-p 00000000 00:00 0 
7fca41ab5000-7fca41ab8000 ---p 00000000 00:00 0 
7fca41ab8000-7fca41af6000 rw-p 00000000 00:00 0 
7fca41af6000-7fca41af7000 r--s 00000000 ca:01 2106921                    /usr/local/cassandra/data/data/system/schema_columnfamilies-45f5b36024bc3f83a3631034ea4fa697/system-schema_columnfamilies-ka-29-Index.db
7fca41af8000-7fca41af9000 r--s 00000000 ca:01 2106914                    /usr/local/cassandra/data/data/system/size_estimates-618f817b005f3678b8a453f3930b8e86/system-size_estimates-ka-325-Index.db
7fca41af9000-7fca41afc000 ---p 00000000 00:00 0 
7fca41afc000-7fca41b3a000 rw-p 00000000 00:00 0                          [stack:5680]
7fca41b3a000-7fca41b3d000 ---p 00000000 00:00 0 
7fca41b3d000-7fca41b7b000 rw-p 00000000 00:00 0                          [stack:5913]
7fca41b7b000-7fca41b7e000 ---p 00000000 00:00 0 
7fca41b7e000-7fca41bbc000 rw-p 00000000 00:00 0                          [stack:5912]
7fca41bbc000-7fca43bbc000 rw-s 00000000 ca:01 2106771                    /usr/local/cassandra/data/commitlog/CommitLog-4-1434941836616.log
7fca43bbc000-7fca43bbf000 ---p 00000000 00:00 0 
7fca43bbf000-7fca43bfd000 rw-p 00000000 00:00 0                          [stack:5677]
7fca43bfd000-7fca43c00000 ---p 00000000 00:00 0 
7fca43c00000-7fca43c3e000 rw-p 00000000 00:00 0                          [stack:5676]
7fca43c3e000-7fca43c41000 ---p 00000000 00:00 0 
7fca43c41000-7fca43c7f000 rw-p 00000000 00:00 0                          [stack:5674]
7fca43c7f000-7fca43c82000 ---p 00000000 00:00 0 
7fca43c82000-7fca43cc0000 rw-p 00000000 00:00 0                          [stack:5675]
7fca43cc0000-7fca43cc3000 ---p 00000000 00:00 0 
7fca43cc3000-7fca43d01000 rw-p 00000000 00:00 0 
7fca43d01000-7fca43d04000 ---p 00000000 00:00 0 
7fca43d04000-7fca43d42000 rw-p 00000000 00:00 0                          [stack:17676]
7fca43d42000-7fca43d45000 ---p 00000000 00:00 0 
7fca43d45000-7fca43d83000 rw-p 00000000 00:00 0 
7fca43d83000-7fca43d86000 ---p 00000000 00:00 0 
7fca43d86000-7fca43dc4000 rw-p 00000000 00:00 0 
7fca43dc4000-7fca43dc7000 ---p 00000000 00:00 0 
7fca43dc7000-7fca43e05000 rw-p 00000000 00:00 0                          [stack:5668]
7fca43e05000-7fca43e08000 ---p 00000000 00:00 0 
7fca43e08000-7fca43e46000 rw-p 00000000 00:00 0                          [stack:5667]
7fca43e46000-7fca43e49000 ---p 00000000 00:00 0 
7fca43e49000-7fca43e87000 rw-p 00000000 00:00 0                          [stack:5910]
7fca43e87000-7fca43e8a000 ---p 00000000 00:00 0 
7fca43e8a000-7fca43ec8000 rw-p 00000000 00:00 0                          [stack:5665]
7fca43ec8000-7fca43ecb000 ---p 00000000 00:00 0 
7fca43ecb000-7fca43f09000 rw-p 00000000 00:00 0                          [stack:5664]
7fca43f09000-7fca43f0c000 ---p 00000000 00:00 0 
7fca43f0c000-7fca43f4a000 rw-p 00000000 00:00 0                          [stack:5663]
7fca43f4a000-7fca43f4d000 ---p 00000000 00:00 0 
7fca43f4d000-7fca43f8b000 rw-p 00000000 00:00 0                          [stack:5662]
7fca43f8b000-7fca43f8e000 ---p 00000000 00:00 0 
7fca43f8e000-7fca43fcc000 rw-p 00000000 00:00 0                          [stack:5911]
7fca43fcc000-7fca43fcf000 ---p 00000000 00:00 0 
7fca43fcf000-7fca4400d000 rw-p 00000000 00:00 0                          [stack:5660]
7fca4400d000-7fca44010000 ---p 00000000 00:00 0 
7fca44010000-7fca4404e000 rw-p 00000000 00:00 0                          [stack:5659]
7fca4404e000-7fca44051000 ---p 00000000 00:00 0 
7fca44051000-7fca4408f000 rw-p 00000000 00:00 0                          [stack:5658]
7fca4408f000-7fca44092000 ---p 00000000 00:00 0 
7fca44092000-7fca440d0000 rw-p 00000000 00:00 0                          [stack:5657]
7fca440d0000-7fca440d3000 ---p 00000000 00:00 0 
7fca440d3000-7fca44111000 rw-p 00000000 00:00 0                          [stack:5656]
7fca44111000-7fca44128000 r-xp 00000000 ca:01 2885325                    /tmp/jna--851256601/jna1273223945517387473.tmp (deleted)
7fca44128000-7fca44227000 ---p 00017000 ca:01 2885325                    /tmp/jna--851256601/jna1273223945517387473.tmp (deleted)
7fca44227000-7fca44229000 rw-p 00016000 ca:01 2885325                    /tmp/jna--851256601/jna1273223945517387473.tmp (deleted)
7fca44229000-7fca44232000 r-xp 00000000 ca:01 28003                      /tmp/liblz4-java6438556412267612575.so
7fca44232000-7fca44431000 ---p 00009000 ca:01 28003                      /tmp/liblz4-java6438556412267612575.so
7fca44431000-7fca44432000 rw-p 00008000 ca:01 28003                      /tmp/liblz4-java6438556412267612575.so
7fca44432000-7fca44435000 ---p 00000000 00:00 0 
7fca44435000-7fca44473000 rw-p 00000000 00:00 0                          [stack:5655]
7fca44473000-7fca44483000 r-xp 00000000 ca:01 525592                     /usr/lib/jvm/java-7-openjdk-amd64/jre/lib/amd64/libnio.so
7fca44483000-7fca44683000 ---p 00010000 ca:01 525592                     /usr/lib/jvm/java-7-openjdk-amd64/jre/lib/amd64/libnio.so
7fca44683000-7fca44684000 r--p 00010000 ca:01 525592                     /usr/lib/jvm/java-7-openjdk-amd64/jre/lib/amd64/libnio.so
7fca44684000-7fca44685000 rw-p 00011000 ca:01 525592                     /usr/lib/jvm/java-7-openjdk-amd64/jre/lib/amd64/libnio.so
7fca44685000-7fca4468d000 r-xp 00000000 ca:01 525591                     /usr/lib/jvm/java-7-openjdk-amd64/jre/lib/amd64/libmanagement.so
7fca4468d000-7fca4488c000 ---p 00008000 ca:01 525591                     /usr/lib/jvm/java-7-openjdk-amd64/jre/lib/amd64/libmanagement.so
7fca4488c000-7fca4488d000 r--p 00007000 ca:01 525591                     /usr/lib/jvm/java-7-openjdk-amd64/jre/lib/amd64/libmanagement.so
7fca4488d000-7fca4488e000 rw-p 00008000 ca:01 525591                     /usr/lib/jvm/java-7-openjdk-amd64/jre/lib/amd64/libmanagement.so
7fca4488e000-7fca44893000 r-xp 00000000 ca:01 396073                     /lib/x86_64-linux-gnu/libnss_dns-2.19.so
7fca44893000-7fca44a92000 ---p 00005000 ca:01 396073                     /lib/x86_64-linux-gnu/libnss_dns-2.19.so
7fca44a92000-7fca44a93000 r--p 00004000 ca:01 396073                     /lib/x86_64-linux-gnu/libnss_dns-2.19.so
7fca44a93000-7fca44a94000 rw-p 00005000 ca:01 396073                     /lib/x86_64-linux-gnu/libnss_dns-2.19.so
7fca44a94000-7fca44ad1000 r-xp 00000000 ca:01 396085                     /lib/x86_64-linux-gnu/libpcre.so.3.13.1
7fca44ad1000-7fca44cd0000 ---p 0003d000 ca:01 396085                     /lib/x86_64-linux-gnu/libpcre.so.3.13.1
7fca44cd0000-7fca44cd1000 r--p 0003c000 ca:01 396085                     /lib/x86_64-linux-gnu/libpcre.so.3.13.1
7fca44cd1000-7fca44cd2000 rw-p 0003d000 ca:01 396085                     /lib/x86_64-linux-gnu/libpcre.so.3.13.1
7fca44cd2000-7fca44cd9000 r-xp 00000000 ca:01 8067                       /usr/lib/x86_64-linux-gnu/libffi.so.6.0.1
7fca44cd9000-7fca44ed8000 ---p 00007000 ca:01 8067                       /usr/lib/x86_64-linux-gnu/libffi.so.6.0.1
7fca44ed8000-7fca44ed9000 r--p 00006000 ca:01 8067                       /usr/lib/x86_64-linux-gnu/libffi.so.6.0.1
7fca44ed9000-7fca44eda000 rw-p 00007000 ca:01 8067                       /usr/lib/x86_64-linux-gnu/libffi.so.6.0.1
7fca44eda000-7fca44ef1000 r-xp 00000000 ca:01 396095                     /lib/x86_64-linux-gnu/libresolv-2.19.so
7fca44ef1000-7fca450f1000 ---p 00017000 ca:01 396095                     /lib/x86_64-linux-gnu/libresolv-2.19.so
7fca450f1000-7fca450f2000 r--p 00017000 ca:01 396095                     /lib/x86_64-linux-gnu/libresolv-2.19.so
7fca450f2000-7fca450f3000 rw-p 00018000 ca:01 396095                     /lib/x86_64-linux-gnu/libresolv-2.19.so
7fca450f3000-7fca450f5000 rw-p 00000000 00:00 0 
7fca450f5000-7fca45115000 r-xp 00000000 ca:01 396097                     /lib/x86_64-linux-gnu/libselinux.so.1
7fca45115000-7fca45314000 ---p 00020000 ca:01 396097                     /lib/x86_64-linux-gnu/libselinux.so.1
7fca45314000-7fca45315000 r--p 0001f000 ca:01 396097                     /lib/x86_64-linux-gnu/libselinux.so.1
7fca45315000-7fca45316000 rw-p 00020000 ca:01 396097                     /lib/x86_64-linux-gnu/libselinux.so.1
7fca45316000-7fca45318000 rw-p 00000000 00:00 0 
7fca45318000-7fca4531b000 r-xp 00000000 ca:01 8079                       /usr/lib/x86_64-linux-gnu/libgmodule-2.0.so.0.4002.0
7fca4531b000-7fca4551a000 ---p 00003000 ca:01 8079                       /usr/lib/x86_64-linux-gnu/libgmodule-2.0.so.0.4002.0
7fca4551a000-7fca4551b000 r--p 00002000 ca:01 8079                       /usr/lib/x86_64-linux-gnu/libgmodule-2.0.so.0.4002.0
7fca4551b000-7fca4551c000 rw-p 00003000 ca:01 8079                       /usr/lib/x86_64-linux-gnu/libgmodule-2.0.so.0.4002.0
7fca4551c000-7fca45622000 r-xp 00000000 ca:01 396056                     /lib/x86_64-linux-gnu/libglib-2.0.so.0.4002.0
7fca45622000-7fca45821000 ---p 00106000 ca:01 396056                     /lib/x86_64-linux-gnu/libglib-2.0.so.0.4002.0
7fca45821000-7fca45822000 r--p 00105000 ca:01 396056                     /lib/x86_64-linux-gnu/libglib-2.0.so.0.4002.0
7fca45822000-7fca45823000 rw-p 00106000 ca:01 396056                     /lib/x86_64-linux-gnu/libglib-2.0.so.0.4002.0
7fca45823000-7fca45824000 rw-p 00000000 00:00 0 
7fca45824000-7fca45873000 r-xp 00000000 ca:01 8083                       /usr/lib/x86_64-linux-gnu/libgobject-2.0.so.0.4002.0
7fca45873000-7fca45a73000 ---p 0004f000 ca:01 8083                       /usr/lib/x86_64-linux-gnu/libgobject-2.0.so.0.4002.0
7fca45a73000-7fca45a74000 r--p 0004f000 ca:01 8083                       /usr/lib/x86_64-linux-gnu/libgobject-2.0.so.0.4002.0
7fca45a74000-7fca45a75000 rw-p 00050000 ca:01 8083                       /usr/lib/x86_64-linux-gnu/libgobject-2.0.so.0.4002.0
7fca45a75000-7fca45be1000 r-xp 00000000 ca:01 8078                       /usr/lib/x86_64-linux-gnu/libgio-2.0.so.0.4002.0
7fca45be1000-7fca45de0000 ---p 0016c000 ca:01 8078                       /usr/lib/x86_64-linux-gnu/libgio-2.0.so.0.4002.0
7fca45de0000-7fca45de4000 r--p 0016b000 ca:01 8078                       /usr/lib/x86_64-linux-gnu/libgio-2.0.so.0.4002.0
7fca45de4000-7fca45de6000 rw-p 0016f000 ca:01 8078                       /usr/lib/x86_64-linux-gnu/libgio-2.0.so.0.4002.0
7fca45de6000-7fca45de8000 rw-p 00000000 00:00 0 
7fca45de8000-7fca45dff000 r-xp 00000000 ca:01 525606                     /usr/lib/jvm/java-7-openjdk-amd64/jre/lib/amd64/libnet.so
7fca45dff000-7fca45ffe000 ---p 00017000 ca:01 525606                     /usr/lib/jvm/java-7-openjdk-amd64/jre/lib/amd64/libnet.so
7fca45ffe000-7fca45fff000 r--p 00016000 ca:01 525606                     /usr/lib/jvm/java-7-openjdk-amd64/jre/lib/amd64/libnet.so
7fca45fff000-7fca46000000 rw-p 00017000 ca:01 525606                     /usr/lib/jvm/java-7-openjdk-amd64/jre/lib/amd64/libnet.so
7fca46000000-7fca48000000 rw-p 00000000 00:00 0 
7fca48000000-7fca481fa000 rw-p 00000000 00:00 0 
7fca481fa000-7fca4c000000 ---p 00000000 00:00 0 
7fca4c000000-7fca4c001000 r--s 00000000 ca:01 2107767                    /usr/local/cassandra/data/data/system/peers-37f71aca7dc2383ba70672528af04d4f/system-peers-ka-9-Index.db
7fca4c002000-7fca4c003000 r--s 00000000 ca:01 2106900                    /usr/local/cassandra/data/data/system/compaction_history-b4dbb7b4dc493fb5b3bfce6e434832ca/system-compaction_history-ka-209-Index.db
7fca4c003000-7fca4c004000 r--s 00000000 ca:01 2106942                    /usr/local/cassandra/data/data/system/compaction_history-b4dbb7b4dc493fb5b3bfce6e434832ca/system-compaction_history-ka-211-Index.db
7fca4c005000-7fca4c006000 r--s 00000000 ca:01 2106954                    /usr/local/cassandra/data/data/system/peers-37f71aca7dc2383ba70672528af04d4f/system-peers-ka-11-Index.db
7fca4c006000-7fca4c007000 r--s 00000000 ca:01 2106943                    /usr/local/cassandra/data/data/system/schema_columns-296e9c049bec3085827dc17d3df2122a/system-schema_columns-ka-18-Index.db
7fca4c007000-7fca4c008000 r--s 00000000 ca:01 2106917                    /usr/local/cassandra/data/data/system/schema_columnfamilies-45f5b36024bc3f83a3631034ea4fa697/system-schema_columnfamilies-ka-30-Index.db
7fca4c008000-7fca4c009000 r--s 00000000 ca:01 2106805                    /usr/local/cassandra/data/data/system/schema_columns-296e9c049bec3085827dc17d3df2122a/system-schema_columns-ka-17-Index.db
7fca4c009000-7fca4c00a000 r--s 00000000 ca:01 2106774                    /usr/local/cassandra/data/data/system/schema_usertypes-3aa752254f82350b8d5c430fa221fa0a/system-schema_usertypes-ka-13-Index.db
7fca4c00a000-7fca4c00b000 r--s 00000000 ca:01 2107776                    /usr/local/cassandra/data/data/system/schema_keyspaces-b0f2235744583cdb9631c43e59ce3676/system-schema_keyspaces-ka-29-Index.db
7fca4c00b000-7fca4c00c000 r--s 00000000 ca:01 2106908                    /usr/local/cassandra/data/data/system/schema_keyspaces-b0f2235744583cdb9631c43e59ce3676/system-schema_keyspaces-ka-31-Index.db
7fca4c00d000-7fca4c00e000 r--s 00000000 ca:01 2106750                    /usr/local/cassandra/data/data/system/local-7ad54392bcdd35a684174e047860b377/system-local-ka-45-Index.db
7fca4c00e000-7fca4c00f000 r--s 00000000 ca:01 2106807                    /usr/local/cassandra/data/data/system/compaction_history-b4dbb7b4dc493fb5b3bfce6e434832ca/system-compaction_history-ka-210-Index.db
7fca4c010000-7fca4c011000 r--s 00000000 ca:01 2106906                    /usr/local/cassandra/data/data/system/peers-37f71aca7dc2383ba70672528af04d4f/system-peers-ka-10-Index.db
7fca4c011000-7fca4c012000 r--s 00000000 ca:01 2106797                    /usr/local/cassandra/data/data/system/schema_keyspaces-b0f2235744583cdb9631c43e59ce3676/system-schema_keyspaces-ka-30-Index.db
7fca4c012000-7fca4c013000 r--p 00000000 00:00 0 
7fca4c013000-7fca4c014000 rwxp 00000000 00:00 0 
7fca4c014000-7fca4c019000 r--s 0004d000 ca:01 525632                     /usr/lib/jvm/java-7-openjdk-amd64/jre/lib/jsse.jar
7fca4c019000-7fca4c01c000 ---p 00000000 00:00 0 
7fca4c01c000-7fca4c05a000 rw-p 00000000 00:00 0 
7fca4c05a000-7fca4c064000 r--s 000ae000 ca:01 525572                     /usr/lib/jvm/java-7-openjdk-amd64/jre/lib/resources.jar
7fca4c064000-7fca4c066000 r--s 00008000 ca:01 2106688                    /usr/local/cassandra/lib/thrift-server-0.3.7.jar
7fca4c066000-7fca4c069000 r--s 00014000 ca:01 2106632                    /usr/local/cassandra/lib/super-csv-2.1.0.jar
7fca4c069000-7fca4c06c000 r--s 00023000 ca:01 2106634                    /usr/local/cassandra/lib/stream-2.5.2.jar
7fca4c06c000-7fca4c06e000 r--s 00145000 ca:01 2106687                    /usr/local/cassandra/lib/snappy-java-1.0.5.2.jar
7fca4c06e000-7fca4c075000 r--s 0003c000 ca:01 2106643                    /usr/local/cassandra/lib/snakeyaml-1.11.jar
7fca4c075000-7fca4c077000 r--s 00005000 ca:01 2106640                    /usr/local/cassandra/lib/slf4j-api-1.7.2.jar
7fca4c077000-7fca4c079000 r--s 00004000 ca:01 2106694                    /usr/local/cassandra/lib/reporter-config-2.1.0.jar
7fca4c079000-7fca4c096000 r--s 00196000 ca:01 2106705                    /usr/local/cassandra/lib/netty-all-4.0.23.Final.jar
7fca4c096000-7fca4c099000 r--s 00012000 ca:01 2106699                    /usr/local/cassandra/lib/metrics-core-2.2.0.jar
7fca4c099000-7fca4c0a3000 r--s 0005f000 ca:01 2106638                    /usr/local/cassandra/lib/logback-core-1.1.2.jar
7fca4c0a3000-7fca4c0a9000 r--s 0003d000 ca:01 2106635                    /usr/local/cassandra/lib/logback-classic-1.1.2.jar
7fca4c0a9000-7fca4c0ae000 r--s 00033000 ca:01 2106636                    /usr/local/cassandra/lib/libthrift-0.9.2.jar
7fca4c0ae000-7fca4c0b2000 r--s 000dc000 ca:01 2106693                    /usr/local/cassandra/lib/jna-4.0.0.jar
7fca4c0b2000-7fca4c0b3000 ---p 00000000 00:00 0 
7fca4c0b3000-7fca4c1b3000 rw-p 00000000 00:00 0                          [stack:5653]
7fca4c1b3000-7fca4c1b6000 ---p 00000000 00:00 0 
7fca4c1b6000-7fca4c1f4000 rw-p 00000000 00:00 0                          [stack:5652]
7fca4c1f4000-7fca4c1f7000 ---p 00000000 00:00 0 
7fca4c1f7000-7fca4c2f5000 rw-p 00000000 00:00 0                          [stack:5651]
7fca4c2f5000-7fca4c2f8000 ---p 00000000 00:00 0 
7fca4c2f8000-7fca4c3f6000 rw-p 00000000 00:00 0                          [stack:5650]
7fca4c3f6000-7fca4c404000 r--s 000ad000 ca:01 2106701                    /usr/local/cassandra/lib/jackson-mapper-asl-1.9.2.jar
7fca4c404000-7fca4c42f000 r--s 001f5000 ca:01 2106646                    /usr/local/cassandra/lib/guava-16.0.jar
7fca4c42f000-7fca4c46d000 r--s 003dd000 ca:01 2106702                    /usr/local/cassandra/lib/apache-cassandra-2.1.6.jar
7fca4c46d000-7fca4c470000 ---p 00000000 00:00 0 
7fca4c470000-7fca4c4ae000 rw-p 00000000 00:00 0                          [stack:5649]
7fca4c4ae000-7fca4c4b1000 ---p 00000000 00:00 0 
7fca4c4b1000-7fca4c4ef000 rw-p 00000000 00:00 0                          [stack:5648]
7fca4c4ef000-7fca4c678000 r--p 00000000 ca:01 1578                       /usr/lib/locale/locale-archive
7fca4c678000-7fca4c67b000 ---p 00000000 00:00 0 
7fca4c67b000-7fca4c6b9000 rw-p 00000000 00:00 0                          [stack:5647]
7fca4c6b9000-7fca4c6ba000 ---p 00000000 00:00 0 
7fca4c6ba000-7fca4c7ba000 rw-p 00000000 00:00 0                          [stack:5645]
7fca4c7ba000-7fca4c96b000 r--s 01d27000 ca:01 525613                     /usr/lib/jvm/java-7-openjdk-amd64/jre/lib/rt.jar
7fca4c96b000-7fca4d10d000 rw-p 00000000 00:00 0 
7fca4d10d000-7fca4d10e000 ---p 00000000 00:00 0 
7fca4d10e000-7fca4fc04000 rw-p 00000000 00:00 0                          [stack:5644]
7fca4fc04000-7fca4fc05000 rw-p 00000000 00:00 0 
7fca4fc05000-7fca4ffbd000 rw-p 00000000 00:00 0 
7fca4ffbd000-7fca4ffff000 rw-p 00000000 00:00 0 
7fca4ffff000-7fca50000000 rw-p 00000000 00:00 0 
7fca50000000-7fca513e4000 rw-p 00000000 00:00 0 
7fca513e4000-7fca54000000 ---p 00000000 00:00 0 
7fca54000000-7fca54002000 r--s 00027000 ca:01 2106697                    /usr/local/cassandra/lib/lz4-1.2.0.jar
7fca54002000-7fca54003000 r--s 00003000 ca:01 2106642                    /usr/local/cassandra/lib/json-simple-1.1.jar
7fca54003000-7fca54005000 r--s 00015000 ca:01 2106692                    /usr/local/cassandra/lib/jline-1.0.jar
7fca54005000-7fca54023000 r--s 00180000 ca:01 2106641                    /usr/local/cassandra/lib/commons-math3-3.2.jar
7fca54023000-7fca54026000 ---p 00000000 00:00 0 
7fca54026000-7fca542af000 rw-p 00000000 00:00 0                          [stack:5646]
7fca542af000-7fca542b0000 ---p 00000000 00:00 0 
7fca542b0000-7fca543b0000 rw-p 00000000 00:00 0                          [stack:5643]
7fca543b0000-7fca54a50000 rwxp 00000000 00:00 0 
7fca54a50000-7fca573b0000 rw-p 00000000 00:00 0 
7fca573b0000-7fca573b8000 r-xp 00000000 ca:01 525588                     /usr/lib/jvm/java-7-openjdk-amd64/jre/lib/amd64/libzip.so
7fca573b8000-7fca575b7000 ---p 00008000 ca:01 525588                     /usr/lib/jvm/java-7-openjdk-amd64/jre/lib/amd64/libzip.so
7fca575b7000-7fca575b8000 r--p 00007000 ca:01 525588                     /usr/lib/jvm/java-7-openjdk-amd64/jre/lib/amd64/libzip.so
7fca575b8000-7fca575b9000 rw-p 00008000 ca:01 525588                     /usr/lib/jvm/java-7-openjdk-amd64/jre/lib/amd64/libzip.so
7fca575b9000-7fca575c4000 r-xp 00000000 ca:01 396074                     /lib/x86_64-linux-gnu/libnss_files-2.19.so
7fca575c4000-7fca577c3000 ---p 0000b000 ca:01 396074                     /lib/x86_64-linux-gnu/libnss_files-2.19.so
7fca577c3000-7fca577c4000 r--p 0000a000 ca:01 396074                     /lib/x86_64-linux-gnu/libnss_files-2.19.so
7fca577c4000-7fca577c5000 rw-p 0000b000 ca:01 396074                     /lib/x86_64-linux-gnu/libnss_files-2.19.so
7fca577c5000-7fca577d0000 r-xp 00000000 ca:01 396076                     /lib/x86_64-linux-gnu/libnss_nis-2.19.so
7fca577d0000-7fca579cf000 ---p 0000b000 ca:01 396076                     /lib/x86_64-linux-gnu/libnss_nis-2.19.so
7fca579cf000-7fca579d0000 r--p 0000a000 ca:01 396076                     /lib/x86_64-linux-gnu/libnss_nis-2.19.so
7fca579d0000-7fca579d1000 rw-p 0000b000 ca:01 396076                     /lib/x86_64-linux-gnu/libnss_nis-2.19.so
7fca579d1000-7fca579e8000 r-xp 00000000 ca:01 396071                     /lib/x86_64-linux-gnu/libnsl-2.19.so
7fca579e8000-7fca57be7000 ---p 00017000 ca:01 396071                     /lib/x86_64-linux-gnu/libnsl-2.19.so
7fca57be7000-7fca57be8000 r--p 00016000 ca:01 396071                     /lib/x86_64-linux-gnu/libnsl-2.19.so
7fca57be8000-7fca57be9000 rw-p 00017000 ca:01 396071                     /lib/x86_64-linux-gnu/libnsl-2.19.so
7fca57be9000-7fca57beb000 rw-p 00000000 00:00 0 
7fca57beb000-7fca57bf4000 r-xp 00000000 ca:01 396072                     /lib/x86_64-linux-gnu/libnss_compat-2.19.so
7fca57bf4000-7fca57df3000 ---p 00009000 ca:01 396072                     /lib/x86_64-linux-gnu/libnss_compat-2.19.so
7fca57df3000-7fca57df4000 r--p 00008000 ca:01 396072                     /lib/x86_64-linux-gnu/libnss_compat-2.19.so
7fca57df4000-7fca57df5000 rw-p 00009000 ca:01 396072                     /lib/x86_64-linux-gnu/libnss_compat-2.19.so
7fca57df5000-7fca57dff000 r-xp 00000000 ca:01 525589                     /usr/lib/jvm/java-7-openjdk-amd64/jre/lib/amd64/libinstrument.so
7fca57dff000-7fca57ffe000 ---p 0000a000 ca:01 525589                     /usr/lib/jvm/java-7-openjdk-amd64/jre/lib/amd64/libinstrument.so
7fca57ffe000-7fca57fff000 r--p 00009000 ca:01 525589                     /usr/lib/jvm/java-7-openjdk-amd64/jre/lib/amd64/libinstrument.so
7fca57fff000-7fca58000000 rw-p 0000a000 ca:01 525589                     /usr/lib/jvm/java-7-openjdk-amd64/jre/lib/amd64/libinstrument.so
7fca58000000-7fca59727000 rw-p 00000000 00:00 0 
7fca59727000-7fca5c000000 ---p 00000000 00:00 0 
7fca5c000000-7fca5c001000 r--s 00004000 ca:01 2106691                    /usr/local/cassandra/lib/jbcrypt-0.3m.jar
7fca5c001000-7fca5c003000 r--s 00004000 ca:01 2106700                    /usr/local/cassandra/lib/jamm-0.3.0.jar
7fca5c003000-7fca5c007000 r--s 00034000 ca:01 2106645                    /usr/local/cassandra/lib/jackson-core-asl-1.9.2.jar
7fca5c007000-7fca5c00a000 r--s 00017000 ca:01 2106629                    /usr/local/cassandra/lib/high-scale-lib-1.0.6.jar
7fca5c00a000-7fca5c00d000 r--s 0000e000 ca:01 2106630                    /usr/local/cassandra/lib/disruptor-3.0.1.jar
7fca5c00d000-7fca5c011000 r--s 00019000 ca:01 2106696                    /usr/local/cassandra/lib/concurrentlinkedhashmap-lru-1.4.jar
7fca5c011000-7fca5c017000 r--s 00048000 ca:01 2106639                    /usr/local/cassandra/lib/commons-lang3-3.1.jar
7fca5c017000-7fca5c038000 r--s 001b4000 ca:01 2106703                    /usr/local/cassandra/lib/apache-cassandra-thrift-2.1.6.jar
7fca5c038000-7fca5c093000 rw-p 00000000 00:00 0 
7fca5c093000-7fca5c094000 ---p 00000000 00:00 0 
7fca5c094000-7fca5c194000 rw-p 00000000 00:00 0                          [stack:5642]
7fca5c194000-7fca5c1bf000 r-xp 00000000 ca:01 525605                     /usr/lib/jvm/java-7-openjdk-amd64/jre/lib/amd64/libjava.so
7fca5c1bf000-7fca5c3bf000 ---p 0002b000 ca:01 525605                     /usr/lib/jvm/java-7-openjdk-amd64/jre/lib/amd64/libjava.so
7fca5c3bf000-7fca5c3c0000 r--p 0002b000 ca:01 525605                     /usr/lib/jvm/java-7-openjdk-amd64/jre/lib/amd64/libjava.so
7fca5c3c0000-7fca5c3c2000 rw-p 0002c000 ca:01 525605                     /usr/lib/jvm/java-7-openjdk-amd64/jre/lib/amd64/libjava.so
7fca5c3c2000-7fca5c3d2000 r-xp 00000000 ca:01 525602                     /usr/lib/jvm/java-7-openjdk-amd64/jre/lib/amd64/libverify.so
7fca5c3d2000-7fca5c5d1000 ---p 00010000 ca:01 525602                     /usr/lib/jvm/java-7-openjdk-amd64/jre/lib/amd64/libverify.so
7fca5c5d1000-7fca5c5d3000 r--p 0000f000 ca:01 525602                     /usr/lib/jvm/java-7-openjdk-amd64/jre/lib/amd64/libverify.so
7fca5c5d3000-7fca5c5d4000 rw-p 00011000 ca:01 525602                     /usr/lib/jvm/java-7-openjdk-amd64/jre/lib/amd64/libverify.so
7fca5c5d4000-7fca5c5db000 r-xp 00000000 ca:01 396096                     /lib/x86_64-linux-gnu/librt-2.19.so
7fca5c5db000-7fca5c7da000 ---p 00007000 ca:01 396096                     /lib/x86_64-linux-gnu/librt-2.19.so
7fca5c7da000-7fca5c7db000 r--p 00006000 ca:01 396096                     /lib/x86_64-linux-gnu/librt-2.19.so
7fca5c7db000-7fca5c7dc000 rw-p 00007000 ca:01 396096                     /lib/x86_64-linux-gnu/librt-2.19.so
7fca5c7dc000-7fca5c7f2000 r-xp 00000000 ca:01 396054                     /lib/x86_64-linux-gnu/libgcc_s.so.1
7fca5c7f2000-7fca5c9f1000 ---p 00016000 ca:01 396054                     /lib/x86_64-linux-gnu/libgcc_s.so.1
7fca5c9f1000-7fca5c9f2000 rw-p 00015000 ca:01 396054                     /lib/x86_64-linux-gnu/libgcc_s.so.1
7fca5c9f2000-7fca5caf7000 r-xp 00000000 ca:01 396063                     /lib/x86_64-linux-gnu/libm-2.19.so
7fca5caf7000-7fca5ccf6000 ---p 00105000 ca:01 396063                     /lib/x86_64-linux-gnu/libm-2.19.so
7fca5ccf6000-7fca5ccf7000 r--p 00104000 ca:01 396063                     /lib/x86_64-linux-gnu/libm-2.19.so
7fca5ccf7000-7fca5ccf8000 rw-p 00105000 ca:01 396063                     /lib/x86_64-linux-gnu/libm-2.19.so
7fca5ccf8000-7fca5cdde000 r-xp 00000000 ca:01 8131                       /usr/lib/x86_64-linux-gnu/libstdc++.so.6.0.19
7fca5cdde000-7fca5cfdd000 ---p 000e6000 ca:01 8131                       /usr/lib/x86_64-linux-gnu/libstdc++.so.6.0.19
7fca5cfdd000-7fca5cfe5000 r--p 000e5000 ca:01 8131                       /usr/lib/x86_64-linux-gnu/libstdc++.so.6.0.19
7fca5cfe5000-7fca5cfe7000 rw-p 000ed000 ca:01 8131                       /usr/lib/x86_64-linux-gnu/libstdc++.so.6.0.19
7fca5cfe7000-7fca5cffc000 rw-p 00000000 00:00 0 
7fca5cffc000-7fca5db14000 r-xp 00000000 ca:01 525611                     /usr/lib/jvm/java-7-openjdk-amd64/jre/lib/amd64/server/libjvm.so
7fca5db14000-7fca5dd14000 ---p 00b18000 ca:01 525611                     /usr/lib/jvm/java-7-openjdk-amd64/jre/lib/amd64/server/libjvm.so
7fca5dd14000-7fca5ddae000 r--p 00b18000 ca:01 525611                     /usr/lib/jvm/java-7-openjdk-amd64/jre/lib/amd64/server/libjvm.so
7fca5ddae000-7fca5ddd1000 rw-p 00bb2000 ca:01 525611                     /usr/lib/jvm/java-7-openjdk-amd64/jre/lib/amd64/server/libjvm.so
7fca5ddd1000-7fca5ddff000 rw-p 00000000 00:00 0 
7fca5ddff000-7fca5de17000 r-xp 00000000 ca:01 396113                     /lib/x86_64-linux-gnu/libz.so.1.2.8
7fca5de17000-7fca5e016000 ---p 00018000 ca:01 396113                     /lib/x86_64-linux-gnu/libz.so.1.2.8
7fca5e016000-7fca5e017000 r--p 00017000 ca:01 396113                     /lib/x86_64-linux-gnu/libz.so.1.2.8
7fca5e017000-7fca5e018000 rw-p 00018000 ca:01 396113                     /lib/x86_64-linux-gnu/libz.so.1.2.8
7fca5e018000-7fca5e031000 r-xp 00000000 ca:01 396093                     /lib/x86_64-linux-gnu/libpthread-2.19.so
7fca5e031000-7fca5e230000 ---p 00019000 ca:01 396093                     /lib/x86_64-linux-gnu/libpthread-2.19.so
7fca5e230000-7fca5e231000 r--p 00018000 ca:01 396093                     /lib/x86_64-linux-gnu/libpthread-2.19.so
7fca5e231000-7fca5e232000 rw-p 00019000 ca:01 396093                     /lib/x86_64-linux-gnu/libpthread-2.19.so
7fca5e232000-7fca5e236000 rw-p 00000000 00:00 0 
7fca5e236000-7fca5e239000 r-xp 00000000 ca:01 396049                     /lib/x86_64-linux-gnu/libdl-2.19.so
7fca5e239000-7fca5e438000 ---p 00003000 ca:01 396049                     /lib/x86_64-linux-gnu/libdl-2.19.so
7fca5e438000-7fca5e439000 r--p 00002000 ca:01 396049                     /lib/x86_64-linux-gnu/libdl-2.19.so
7fca5e439000-7fca5e43a000 rw-p 00003000 ca:01 396049                     /lib/x86_64-linux-gnu/libdl-2.19.so
7fca5e43a000-7fca5e5f5000 r-xp 00000000 ca:01 396040                     /lib/x86_64-linux-gnu/libc-2.19.so
7fca5e5f5000-7fca5e7f4000 ---p 001bb000 ca:01 396040                     /lib/x86_64-linux-gnu/libc-2.19.so
7fca5e7f4000-7fca5e7f8000 r--p 001ba000 ca:01 396040                     /lib/x86_64-linux-gnu/libc-2.19.so
7fca5e7f8000-7fca5e7fa000 rw-p 001be000 ca:01 396040                     /lib/x86_64-linux-gnu/libc-2.19.so
7fca5e7fa000-7fca5e7ff000 rw-p 00000000 00:00 0 
7fca5e7ff000-7fca5e80c000 r-xp 00000000 ca:01 525580                     /usr/lib/jvm/java-7-openjdk-amd64/jre/lib/amd64/jli/libjli.so
7fca5e80c000-7fca5ea0b000 ---p 0000d000 ca:01 525580                     /usr/lib/jvm/java-7-openjdk-amd64/jre/lib/amd64/jli/libjli.so
7fca5ea0b000-7fca5ea0c000 r--p 0000c000 ca:01 525580                     /usr/lib/jvm/java-7-openjdk-amd64/jre/lib/amd64/jli/libjli.so
7fca5ea0c000-7fca5ea0d000 rw-p 0000d000 ca:01 525580                     /usr/lib/jvm/java-7-openjdk-amd64/jre/lib/amd64/jli/libjli.so
7fca5ea0d000-7fca5ea30000 r-xp 00000000 ca:01 396030                     /lib/x86_64-linux-gnu/ld-2.19.so
7fca5ea30000-7fca5ea31000 r--s 00000000 ca:01 2106644                    /usr/local/cassandra/lib/javax.inject.jar
7fca5ea31000-7fca5ea33000 r--s 00005000 ca:01 2106686                    /usr/local/cassandra/lib/compress-lzf-0.8.4.jar
7fca5ea33000-7fca5ea35000 r--s 00006000 ca:01 2106633                    /usr/local/cassandra/lib/commons-codec-1.2.jar
7fca5ea35000-7fca5ea38000 r--s 00010000 ca:01 2106628                    /usr/local/cassandra/lib/apache-cassandra-clientutil-2.1.6.jar
7fca5ea38000-7fca5ea3b000 r--s 00026000 ca:01 2106704                    /usr/local/cassandra/lib/antlr-runtime-3.5.2.jar
7fca5ea3b000-7fca5ea3e000 r--s 00013000 ca:01 2106689                    /usr/local/cassandra/lib/airline-0.6.jar
7fca5ea3e000-7fca5ea42000 r--s 00037000 ca:01 2106685                    /usr/local/cassandra/lib/ST4-4.0.8.jar
7fca5ea42000-7fca5ea44000 r--s 00006000 ca:01 13661                      /usr/share/java/java-atk-wrapper.jar
7fca5ea44000-7fca5ea48000 r--s 00034000 ca:01 525621                     /usr/lib/jvm/java-7-openjdk-amd64/jre/lib/ext/sunjce_provider.jar
7fca5ea48000-7fca5ea4b000 r--s 00086000 ca:01 525620                     /usr/lib/jvm/java-7-openjdk-amd64/jre/lib/ext/localedata.jar
7fca5ea4b000-7fca5ea4f000 r--s 0003c000 ca:01 525619                     /usr/lib/jvm/java-7-openjdk-amd64/jre/lib/ext/sunpkcs11.jar
7fca5ea4f000-7fca5ea51000 r--s 00012000 ca:01 525622                     /usr/lib/jvm/java-7-openjdk-amd64/jre/lib/ext/zipfs.jar
7fca5ea51000-7fca5ea54000 r--s 0000f000 ca:01 525617                     /usr/lib/jvm/java-7-openjdk-amd64/jre/lib/ext/icedtea-sound.jar
7fca5ea54000-7fca5ead8000 rw-p 00000000 00:00 0 
7fca5ead8000-7fca5eb1b000 rw-p 00000000 00:00 0 
7fca5eb1b000-7fca5eb36000 rw-p 00000000 00:00 0 
7fca5eb36000-7fca5ebdb000 rw-p 00000000 00:00 0 
7fca5ebdb000-7fca5ebde000 ---p 00000000 00:00 0 
7fca5ebde000-7fca5ec21000 rw-p 00000000 00:00 0                          [stack:5641]
7fca5ec21000-7fca5ec22000 r--s 00008000 ca:01 2106631                    /usr/local/cassandra/lib/commons-cli-1.1.jar
7fca5ec22000-7fca5ec23000 r--s 00002000 ca:01 525618                     /usr/lib/jvm/java-7-openjdk-amd64/jre/lib/ext/dnsns.jar
7fca5ec23000-7fca5ec2b000 rw-s 00000000 ca:01 800538                     /tmp/hsperfdata_ubuntu/5640
7fca5ec2b000-7fca5ec2c000 rw-p 00000000 00:00 0 
7fca5ec2c000-7fca5ec2d000 r--p 00000000 00:00 0 
7fca5ec2d000-7fca5ec2f000 rw-p 00000000 00:00 0 
7fca5ec2f000-7fca5ec30000 r--p 00022000 ca:01 396030                     /lib/x86_64-linux-gnu/ld-2.19.so
7fca5ec30000-7fca5ec31000 rw-p 00023000 ca:01 396030                     /lib/x86_64-linux-gnu/ld-2.19.so
7fca5ec31000-7fca5ec32000 rw-p 00000000 00:00 0 
7fff63fef000-7fff64011000 rw-p 00000000 00:00 0                          [stack]
7fff64051000-7fff64053000 r-xp 00000000 00:00 0                          [vdso]
ffffffffff600000-ffffffffff601000 r-xp 00000000 00:00 0                  [vsyscall]

VM Arguments:
jvm_args: -ea -javaagent:/usr/local/cassandra/lib/jamm-0.3.0.jar -XX:+CMSClassUnloadingEnabled -XX:+UseThreadPriorities -XX:ThreadPriorityPolicy=42 -Xms1869M -Xmx1869M -Xmn200M -XX:+HeapDumpOnOutOfMemoryError -Xss256k -XX:StringTableSize=1000003 -XX:+UseParNewGC -XX:+UseConcMarkSweepGC -XX:+CMSParallelRemarkEnabled -XX:SurvivorRatio=8 -XX:MaxTenuringThreshold=1 -XX:CMSInitiatingOccupancyFraction=75 -XX:+UseCMSInitiatingOccupancyOnly -XX:+UseTLAB -XX:CompileCommandFile=/usr/local/cassandra/conf/hotspot_compiler -XX:CMSWaitDuration=10000 -XX:+CMSParallelInitialMarkEnabled -XX:+CMSEdenChunksRecordAlways -XX:CMSWaitDuration=10000 -XX:+UseCondCardMark -Djava.net.preferIPv4Stack=true -Dcassandra.jmx.local.port=7199 -XX:+DisableExplicitGC -Dlogback.configurationFile=logback.xml -Dcassandra.logdir=/usr/local/cassandra/logs -Dcassandra.storagedir=/usr/local/cassandra/data 
java_command: org.apache.cassandra.service.CassandraDaemon
Launcher Type: SUN_STANDARD

Environment Variables:
JAVA_HOME=/usr
PATH=/usr/local/sbin:/usr/local/bin:/usr/sbin:/usr/bin:/sbin:/bin:/usr/games:/usr/local/games:/usr/bin:/usr/local/hadoop/bin:/usr/bin:/usr/local/hadoop/bin:/usr/bin:/usr/local/hadoop/bin:/usr/local/spark/bin:/usr/local/cassandra/bin:/usr/local/storm/bin
SHELL=/bin/bash

Signal Handlers:
SIGSEGV: [libjvm.so+0x94b9a0], sa_mask[0]=0x7ffbfeff, sa_flags=0x10000004
SIGBUS: [libjvm.so+0x94b9a0], sa_mask[0]=0x7ffbfeff, sa_flags=0x10000004
SIGFPE: [libjvm.so+0x7c3880], sa_mask[0]=0x7ffbfeff, sa_flags=0x10000004
SIGPIPE: [libjvm.so+0x7c3880], sa_mask[0]=0x7ffbfeff, sa_flags=0x10000004
SIGXFSZ: [libjvm.so+0x7c3880], sa_mask[0]=0x7ffbfeff, sa_flags=0x10000004
SIGILL: [libjvm.so+0x7c3880], sa_mask[0]=0x7ffbfeff, sa_flags=0x10000004
SIGUSR1: SIG_DFL, sa_mask[0]=0x00000000, sa_flags=0x00000000
SIGUSR2: [libjvm.so+0x7c3720], sa_mask[0]=0x00000000, sa_flags=0x10000004
SIGHUP: [libjvm.so+0x7c3900], sa_mask[0]=0x7ffbfeff, sa_flags=0x10000004
SIGINT: SIG_IGN, sa_mask[0]=0x00000000, sa_flags=0x00000000
SIGTERM: [libjvm.so+0x7c3900], sa_mask[0]=0x7ffbfeff, sa_flags=0x10000004
SIGQUIT: [libjvm.so+0x7c3900], sa_mask[0]=0x7ffbfeff, sa_flags=0x10000004
SIGTRAP: SIG_DFL, sa_mask[0]=0x00000000, sa_flags=0x00000000


---------------  S Y S T E M  ---------------

OS:Ubuntu 14.04 (trusty)
uname:Linux 3.13.0-48-generic #80-Ubuntu SMP Thu Mar 12 11:16:15 UTC 2015 x86_64
libc:glibc 2.19 NPTL 2.19 
rlimit: STACK 8192k, CORE 0k, NPROC 59762, NOFILE 4096, AS infinity
load average:6.67 2.30 1.13

/proc/meminfo:
MemTotal:        7659508 kB
MemFree:          101656 kB
Buffers:             744 kB
Cached:            13000 kB
SwapCached:            0 kB
Active:          7433176 kB
Inactive:           9192 kB
Active(anon):    7432556 kB
Inactive(anon):      320 kB
Active(file):        620 kB
Inactive(file):     8872 kB
Unevictable:        4992 kB
Mlocked:            4992 kB
SwapTotal:             0 kB
SwapFree:              0 kB
Dirty:                36 kB
Writeback:             0 kB
AnonPages:       7433788 kB
Mapped:             5508 kB
Shmem:               580 kB
Slab:              31352 kB
SReclaimable:      14772 kB
SUnreclaim:        16580 kB
KernelStack:        4136 kB
PageTables:        21872 kB
NFS_Unstable:          0 kB
Bounce:                0 kB
WritebackTmp:          0 kB
CommitLimit:     3829752 kB
Committed_AS:   11886072 kB
VmallocTotal:   34359738367 kB
VmallocUsed:       17052 kB
VmallocChunk:   34359714884 kB
HardwareCorrupted:     0 kB
AnonHugePages:   4378624 kB
HugePages_Total:       0
HugePages_Free:        0
HugePages_Rsvd:        0
HugePages_Surp:        0
Hugepagesize:       2048 kB
DirectMap4k:       24576 kB
DirectMap2M:     7970816 kB


CPU:total 2 (0 cores per cpu, 2 threads per core) family 6 model 62 stepping 4, cmov, cx8, fxsr, mmx, sse, sse2, sse3, ssse3, sse4.1, sse4.2, popcnt, avx, aes, erms, ht, tsc

/proc/cpuinfo:
processor	: 0
vendor_id	: GenuineIntel
cpu family	: 6
model		: 62
model name	: Intel(R) Xeon(R) CPU E5-2670 v2 @ 2.50GHz
stepping	: 4
microcode	: 0x415
cpu MHz		: 2494.054
cache size	: 25600 KB
physical id	: 0
siblings	: 2
core id		: 0
cpu cores	: 1
apicid		: 0
initial apicid	: 0
fpu		: yes
fpu_exception	: yes
cpuid level	: 13
wp		: yes
flags		: fpu vme de pse tsc msr pae mce cx8 apic sep mtrr pge mca cmov pat pse36 clflush mmx fxsr sse sse2 ht syscall nx rdtscp lm constant_tsc rep_good nopl xtopology eagerfpu pni pclmulqdq ssse3 cx16 pcid sse4_1 sse4_2 x2apic popcnt tsc_deadline_timer aes xsave avx f16c rdrand hypervisor lahf_lm xsaveopt fsgsbase smep erms
bogomips	: 4988.10
clflush size	: 64
cache_alignment	: 64
address sizes	: 46 bits physical, 48 bits virtual
power management:

processor	: 1
vendor_id	: GenuineIntel
cpu family	: 6
model		: 62
model name	: Intel(R) Xeon(R) CPU E5-2670 v2 @ 2.50GHz
stepping	: 4
microcode	: 0x415
cpu MHz		: 2494.054
cache size	: 25600 KB
physical id	: 0
siblings	: 2
core id		: 0
cpu cores	: 1
apicid		: 1
initial apicid	: 1
fpu		: yes
fpu_exception	: yes
cpuid level	: 13
wp		: yes
flags		: fpu vme de pse tsc msr pae mce cx8 apic sep mtrr pge mca cmov pat pse36 clflush mmx fxsr sse sse2 ht syscall nx rdtscp lm constant_tsc rep_good nopl xtopology eagerfpu pni pclmulqdq ssse3 cx16 pcid sse4_1 sse4_2 x2apic popcnt tsc_deadline_timer aes xsave avx f16c rdrand hypervisor lahf_lm xsaveopt fsgsbase smep erms
bogomips	: 4988.10
clflush size	: 64
cache_alignment	: 64
address sizes	: 46 bits physical, 48 bits virtual
power management:



Memory: 4k page, physical 7659508k(101532k free), swap 0k(0k free)

vm_info: OpenJDK 64-Bit Server VM (24.79-b02) for linux-amd64 JRE (1.7.0_79-b14), built on Apr 16 2015 08:21:58 by "buildd" with gcc 4.8.2

time: Tue Jun 23 05:02:59 2015
elapsed time: 93945 seconds

