#
# There is insufficient memory for the Java Runtime Environment to continue.
# Native memory allocation (malloc) failed to allocate 12288 bytes for committing reserved memory.
# Possible reasons:
#   The system is out of physical RAM or swap space
#   In 32 bit mode, the process size limit was hit
# Possible solutions:
#   Reduce memory load on the system
#   Increase physical memory or swap space
#   Check if swap backing store is full
#   Use 64 bit Java on a 64 bit OS
#   Decrease Java heap size (-Xmx/-Xms)
#   Decrease number of Java threads
#   Decrease Java thread stack sizes (-Xss)
#   Set larger code cache with -XX:ReservedCodeCacheSize=
# This output file may be truncated or incomplete.
#
#  Out of Memory Error (os_linux.cpp:2809), pid=18693, tid=140363628644096
#
# JRE version: OpenJDK Runtime Environment (7.0_79-b14) (build 1.7.0_79-b14)
# Java VM: OpenJDK 64-Bit Server VM (24.79-b02 mixed mode linux-amd64 compressed oops)
# Derivative: IcedTea 2.5.5
# Distribution: Ubuntu 14.04 LTS, package 7u79-2.5.5-0ubuntu0.14.04.2
# Failed to write core dump. Core dumps have been disabled. To enable core dumping, try "ulimit -c unlimited" before starting Java again
#

---------------  T H R E A D  ---------------

Current thread (0x00007fa8fc312800):  JavaThread "MemtablePostFlush:87" daemon [_thread_new, id=20607, stack(0x00007fa8f4358000,0x00007fa8f4399000)]

Stack: [0x00007fa8f4358000,0x00007fa8f4399000],  sp=0x00007fa8f4397be0,  free space=254k
Native frames: (J=compiled Java code, j=interpreted, Vv=VM code, C=native code)
V  [libjvm.so+0x94aec5]  VMError::report_and_die()+0x175
V  [libjvm.so+0x48b9c4]  report_vm_out_of_memory(char const*, int, unsigned long, char const*)+0x74
V  [libjvm.so+0x7c7cfb]  os::pd_commit_memory(char*, unsigned long, bool)+0xdb
V  [libjvm.so+0x7c2a5f]  os::commit_memory(char*, unsigned long, bool)+0x1f
V  [libjvm.so+0x7c8b80]  os::pd_create_stack_guard_pages(char*, unsigned long)+0x70
V  [libjvm.so+0x900ef6]  JavaThread::run()+0x76
V  [libjvm.so+0x7c4f32]  java_start(Thread*)+0xf2


---------------  P R O C E S S  ---------------

Java Threads: ( => current thread )
=>0x00007fa8fc312800 JavaThread "MemtablePostFlush:87" daemon [_thread_new, id=20607, stack(0x00007fa8f4358000,0x00007fa8f4399000)]
  0x00007fa8f00ad800 JavaThread "ReadRepairStage:14" daemon [_thread_blocked, id=20603, stack(0x00007fa8f4317000,0x00007fa8f4358000)]
  0x00007fa8fc053000 JavaThread "SharedPool-Worker-37" daemon [_thread_blocked, id=19045, stack(0x00007fa890f5d000,0x00007fa890f9e000)]
  0x00007fa905231000 JavaThread "epollEventLoopGroup-2-4" [_thread_in_native, id=19036, stack(0x00007fa890f9e000,0x00007fa890fdf000)]
  0x00007fa905193000 JavaThread "epollEventLoopGroup-2-3" [_thread_in_native, id=18973, stack(0x00007fa891fe0000,0x00007fa892021000)]
  0x00000000010b1800 JavaThread "SharedPool-Worker-36" daemon [_thread_blocked, id=18971, stack(0x00007fa892021000,0x00007fa892062000)]
  0x00007fa904e1f000 JavaThread "SharedPool-Worker-35" daemon [_thread_blocked, id=18970, stack(0x00007fa892062000,0x00007fa8920a3000)]
  0x00007fa8fc040800 JavaThread "SharedPool-Worker-34" daemon [_thread_blocked, id=18969, stack(0x00007fa8920a3000,0x00007fa8920e4000)]
  0x0000000001095800 JavaThread "threadDeathWatcher-3-1" daemon [_thread_blocked, id=18968, stack(0x00007fa8930e5000,0x00007fa893126000)]
  0x00007fa90400c800 JavaThread "DestroyJavaVM" [_thread_blocked, id=18694, stack(0x00007fa90b228000,0x00007fa90b269000)]
  0x00007fa90518f000 JavaThread "Thread-7" [_thread_in_native, id=18967, stack(0x00007fa893126000,0x00007fa893167000)]
  0x00007fa9049c6000 JavaThread "epollEventLoopGroup-2-2" [_thread_in_native, id=18966, stack(0x00007fa893167000,0x00007fa8931a8000)]
  0x00007fa904a33000 JavaThread "epollEventLoopGroup-2-1" [_thread_in_native, id=18956, stack(0x00007fa8931a8000,0x00007fa8931e9000)]
  0x000000000108c000 JavaThread "MessagingService-Incoming-/172.31.2.92" [_thread_in_native, id=18919, stack(0x00007fa893431000,0x00007fa893472000)]
  0x0000000001089000 JavaThread "MessagingService-Incoming-/172.31.2.90" [_thread_in_native, id=18918, stack(0x00007fa893472000,0x00007fa8934b3000)]
  0x0000000001086000 JavaThread "MessagingService-Incoming-/172.31.2.93" [_thread_in_native, id=18917, stack(0x00007fa8934b3000,0x00007fa8934f4000)]
  0x0000000001083800 JavaThread "MessagingService-Incoming-/172.31.2.91" [_thread_in_native, id=18916, stack(0x00007fa8934f4000,0x00007fa893535000)]
  0x00007fa9055cd800 JavaThread "MessagingService-Outgoing-/172.31.2.92" daemon [_thread_blocked, id=18914, stack(0x00007fa893535000,0x00007fa893576000)]
  0x00007fa904fd7800 JavaThread "MessagingService-Outgoing-/172.31.2.92" daemon [_thread_blocked, id=18913, stack(0x00007fa893576000,0x00007fa8935b7000)]
  0x000000000106f000 JavaThread "MessagingService-Incoming-/172.31.2.92" [_thread_in_native, id=18912, stack(0x00007fa8935b7000,0x00007fa8935f8000)]
  0x00007fa904fd5000 JavaThread "PendingRangeCalculator:1" daemon [_thread_blocked, id=18911, stack(0x00007fa8935f8000,0x00007fa893639000)]
  0x00007fa8f00c1800 JavaThread "HintedHandoff:2" daemon [_thread_blocked, id=18910, stack(0x00007fa89377e000,0x00007fa8937bf000)]
  0x00007fa904fd6000 JavaThread "MessagingService-Outgoing-/172.31.2.90" daemon [_thread_blocked, id=18908, stack(0x00007fa893639000,0x00007fa89367a000)]
  0x00007fa904e8b800 JavaThread "MessagingService-Outgoing-/172.31.2.90" daemon [_thread_blocked, id=18907, stack(0x00007fa89367a000,0x00007fa8936bb000)]
  0x00007fa905594000 JavaThread "MessagingService-Outgoing-/172.31.2.93" daemon [_thread_blocked, id=18905, stack(0x00007fa8936bb000,0x00007fa8936fc000)]
  0x00007fa905593000 JavaThread "MessagingService-Outgoing-/172.31.2.93" daemon [_thread_blocked, id=18904, stack(0x00007fa8936fc000,0x00007fa89373d000)]
  0x00007fa905008800 JavaThread "NanoTimeToCurrentTimeMillis updater" daemon [_thread_blocked, id=18903, stack(0x00007fa89373d000,0x00007fa89377e000)]
  0x00007fa904906000 JavaThread "MessagingService-Outgoing-/172.31.2.91" daemon [_thread_blocked, id=18901, stack(0x00007fa8937bf000,0x00007fa893800000)]
  0x00007fa9051f4800 JavaThread "MessagingService-Outgoing-/172.31.2.91" daemon [_thread_blocked, id=18900, stack(0x00007fa893800000,0x00007fa893841000)]
  0x0000000001066000 JavaThread "MessagingService-Incoming-/172.31.2.91" [_thread_in_native, id=18899, stack(0x00007fa893841000,0x00007fa893882000)]
  0x0000000001062800 JavaThread "MessagingService-Incoming-/172.31.2.90" [_thread_in_native, id=18898, stack(0x00007fa893882000,0x00007fa8938c3000)]
  0x0000000001060000 JavaThread "MessagingService-Incoming-/172.31.2.93" [_thread_in_native, id=18897, stack(0x00007fa8938c3000,0x00007fa893904000)]
  0x00007fa90457c000 JavaThread "BatchlogTasks:1" daemon [_thread_blocked, id=18896, stack(0x00007fa893904000,0x00007fa893945000)]
  0x00007fa904fd9800 JavaThread "HintedHandoff:1" daemon [_thread_blocked, id=18895, stack(0x00007fa893945000,0x00007fa893986000)]
  0x00007fa9045ec000 JavaThread "ACCEPT-ip-172-31-2-89/172.31.2.89" [_thread_in_native, id=18894, stack(0x00007fa893986000,0x00007fa8939c7000)]
  0x00007fa904f92000 JavaThread "GossipTasks:1" daemon [_thread_blocked, id=18893, stack(0x00007fa8939c7000,0x00007fa893a08000)]
  0x00007fa904ebb000 JavaThread "IndexSummaryManager:1" daemon [_thread_blocked, id=18892, stack(0x00007fa893a08000,0x00007fa893a49000)]
  0x00007fa8f008a800 JavaThread "SharedPool-Worker-33" daemon [_thread_blocked, id=18881, stack(0x00007fa8ebb04000,0x00007fa8ebb45000)]
  0x00007fa9047b3000 JavaThread "SharedPool-Worker-6" daemon [_thread_blocked, id=18817, stack(0x00007fa8ebb45000,0x00007fa8ebb86000)]
  0x000000000104c800 JavaThread "SharedPool-Worker-8" daemon [_thread_blocked, id=18816, stack(0x00007fa8ebb86000,0x00007fa8ebbc7000)]
  0x00007fa8f0083800 JavaThread "SharedPool-Worker-10" daemon [_thread_blocked, id=18815, stack(0x00007fa8ebbc7000,0x00007fa8ebc08000)]
  0x00007fa8fc0f1000 JavaThread "SharedPool-Worker-12" daemon [_thread_blocked, id=18814, stack(0x00007fa8ebc08000,0x00007fa8ebc49000)]
  0x00007fa9047b0000 JavaThread "SharedPool-Worker-14" daemon [_thread_blocked, id=18813, stack(0x00007fa8ebc49000,0x00007fa8ebc8a000)]
  0x000000000104b800 JavaThread "SharedPool-Worker-16" daemon [_thread_blocked, id=18812, stack(0x00007fa8ebc8a000,0x00007fa8ebccb000)]
  0x00007fa8f0081800 JavaThread "SharedPool-Worker-18" daemon [_thread_blocked, id=18811, stack(0x00007fa8ebccb000,0x00007fa8ebd0c000)]
  0x00007fa8fc504800 JavaThread "SharedPool-Worker-20" daemon [_thread_blocked, id=18810, stack(0x00007fa8ebd0c000,0x00007fa8ebd4d000)]
  0x00007fa9047ad000 JavaThread "SharedPool-Worker-22" daemon [_thread_blocked, id=18809, stack(0x00007fa8ebd4d000,0x00007fa8ebd8e000)]
  0x0000000001046000 JavaThread "SharedPool-Worker-24" daemon [_thread_blocked, id=18808, stack(0x00007fa8ebd8e000,0x00007fa8ebdcf000)]
  0x00007fa8f0080000 JavaThread "SharedPool-Worker-26" daemon [_thread_blocked, id=18807, stack(0x00007fa8ebdcf000,0x00007fa8ebe10000)]
  0x00007fa8fc503000 JavaThread "SharedPool-Worker-28" daemon [_thread_blocked, id=18806, stack(0x00007fa8ebe10000,0x00007fa8ebe51000)]
  0x00007fa9047aa000 JavaThread "SharedPool-Worker-30" daemon [_thread_blocked, id=18805, stack(0x00007fa8ebe51000,0x00007fa8ebe92000)]
  0x0000000001044000 JavaThread "SharedPool-Worker-32" daemon [_thread_blocked, id=18804, stack(0x00007fa8ebe92000,0x00007fa8ebed3000)]
  0x00007fa8fc463000 JavaThread "SharedPool-Worker-4" daemon [_thread_blocked, id=18803, stack(0x00007fa8ebed3000,0x00007fa8ebf14000)]
  0x00007fa8f007e000 JavaThread "SharedPool-Worker-31" daemon [_thread_blocked, id=18802, stack(0x00007fa8ebf14000,0x00007fa8ebf55000)]
  0x00007fa8f007c800 JavaThread "SharedPool-Worker-29" daemon [_thread_blocked, id=18801, stack(0x00007fa8ebf55000,0x00007fa8ebf96000)]
  0x00007fa8f007a800 JavaThread "SharedPool-Worker-27" daemon [_thread_blocked, id=18800, stack(0x00007fa8ebf96000,0x00007fa8ebfd7000)]
  0x00007fa8f0078000 JavaThread "SharedPool-Worker-25" daemon [_thread_blocked, id=18799, stack(0x00007fa8ebfd7000,0x00007fa8ec018000)]
  0x00007fa8f0076000 JavaThread "SharedPool-Worker-23" daemon [_thread_blocked, id=18798, stack(0x00007fa8ec018000,0x00007fa8ec059000)]
  0x00007fa8f0074000 JavaThread "SharedPool-Worker-21" daemon [_thread_blocked, id=18797, stack(0x00007fa8ec059000,0x00007fa8ec09a000)]
  0x00007fa8f0072000 JavaThread "SharedPool-Worker-19" daemon [_thread_blocked, id=18796, stack(0x00007fa8ec09a000,0x00007fa8ec0db000)]
  0x00007fa8f006f800 JavaThread "SharedPool-Worker-17" daemon [_thread_blocked, id=18795, stack(0x00007fa8ec0db000,0x00007fa8ec11c000)]
  0x00007fa8f006e000 JavaThread "SharedPool-Worker-15" daemon [_thread_blocked, id=18794, stack(0x00007fa8ec11c000,0x00007fa8ec15d000)]
  0x00007fa8f006c000 JavaThread "SharedPool-Worker-13" daemon [_thread_blocked, id=18793, stack(0x00007fa8ec15d000,0x00007fa8ec19e000)]
  0x00007fa8f006a000 JavaThread "SharedPool-Worker-11" daemon [_thread_blocked, id=18792, stack(0x00007fa8ec19e000,0x00007fa8ec1df000)]
  0x00007fa8f0067800 JavaThread "SharedPool-Worker-9" daemon [_thread_blocked, id=18791, stack(0x00007fa8ec1df000,0x00007fa8ec220000)]
  0x00007fa8f0065800 JavaThread "SharedPool-Worker-7" daemon [_thread_blocked, id=18790, stack(0x00007fa8ec220000,0x00007fa8ec261000)]
  0x00007fa8f0063800 JavaThread "SharedPool-Worker-5" daemon [_thread_blocked, id=18789, stack(0x00007fa8ec261000,0x00007fa8ec2a2000)]
  0x00007fa8f0061800 JavaThread "SharedPool-Worker-3" daemon [_thread_blocked, id=18788, stack(0x00007fa8ec2a2000,0x00007fa8ec2e3000)]
  0x00007fa8f0060000 JavaThread "SharedPool-Worker-2" daemon [_thread_blocked, id=18787, stack(0x00007fa8ec2e3000,0x00007fa8ec324000)]
  0x00007fa9047a4800 JavaThread "SharedPool-Worker-1" daemon [_thread_blocked, id=18786, stack(0x00007fa8ec324000,0x00007fa8ec365000)]
  0x00007fa904400800 JavaThread "MiscStage:1" daemon [_thread_blocked, id=18783, stack(0x00007fa8ec3e7000,0x00007fa8ec428000)]
  0x00007fa9043ff000 JavaThread "MigrationStage:1" daemon [_thread_blocked, id=18782, stack(0x00007fa8ec428000,0x00007fa8ec469000)]
  0x00007fa9043fd800 JavaThread "AntiEntropyStage:1" daemon [_thread_blocked, id=18781, stack(0x00007fa8ec469000,0x00007fa8ec4aa000)]
  0x00007fa9043fc000 JavaThread "GossipStage:1" daemon [_thread_blocked, id=18780, stack(0x00007fa8ec4aa000,0x00007fa8ec4eb000)]
  0x00007fa904670800 JavaThread "NonPeriodicTasks:1" daemon [_thread_blocked, id=18772, stack(0x00007fa8edf7e000,0x00007fa8edfbf000)]
  0x00007fa8f0059000 JavaThread "pool-1-thread-1" [_thread_blocked, id=18759, stack(0x00007fa8f407c000,0x00007fa8f40bd000)]
  0x00007fa8f001b000 JavaThread "Reference-Reaper:1" daemon [_thread_blocked, id=18737, stack(0x00007fa8f4191000,0x00007fa8f41d2000)]
  0x00007fa904333800 JavaThread "PERIODIC-COMMIT-LOG-SYNCER" [_thread_blocked, id=18735, stack(0x00007fa8f4213000,0x00007fa8f4254000)]
  0x00007fa904330000 JavaThread "COMMIT-LOG-ALLOCATOR" [_thread_blocked, id=18734, stack(0x00007fa8f4254000,0x00007fa8f4295000)]
  0x00007fa904963000 JavaThread "CommitLogArchiver:1" daemon [_thread_blocked, id=18733, stack(0x00007fa8f42d6000,0x00007fa8f4317000)]
  0x00007fa904d18000 JavaThread "SlabPoolCleaner" daemon [_thread_blocked, id=18727, stack(0x00007fa8f4295000,0x00007fa8f42d6000)]
  0x00007fa904db5800 JavaThread "OptionalTasks:1" daemon [_thread_blocked, id=18721, stack(0x00007fa8f441b000,0x00007fa8f445c000)]
  0x00007fa904dc2000 JavaThread "RMI Scheduler(0)" daemon [_thread_blocked, id=18720, stack(0x00007fa8f445c000,0x00007fa8f449d000)]
  0x00007fa904dbd000 JavaThread "RMI RenewClean-[127.0.0.1:48450]" daemon [_thread_blocked, id=18718, stack(0x00007fa8f44de000,0x00007fa8f451f000)]
  0x00007fa904d95800 JavaThread "Background_Reporter:1" daemon [_thread_blocked, id=18717, stack(0x00007fa8f451f000,0x00007fa8f4560000)]
  0x00007fa904d0a000 JavaThread "EXPIRING-MAP-REAPER:1" daemon [_thread_blocked, id=18715, stack(0x00007fa8f45a1000,0x00007fa8f45e2000)]
  0x00007fa904cfc000 JavaThread "metrics-meter-tick-thread-2" daemon [_thread_blocked, id=18714, stack(0x00007fa8f45e2000,0x00007fa8f4623000)]
  0x00007fa904cf8800 JavaThread "metrics-meter-tick-thread-1" daemon [_thread_blocked, id=18713, stack(0x00007fa8f4623000,0x00007fa8f4664000)]
  0x00007fa904cf3000 JavaThread "GC Daemon" daemon [_thread_blocked, id=18712, stack(0x00007fa8f4664000,0x00007fa8f46a5000)]
  0x00007fa904cf0000 JavaThread "RMI Reaper" [_thread_blocked, id=18711, stack(0x00007fa8f46a5000,0x00007fa8f46e6000)]
  0x00007fa904cee000 JavaThread "RMI TCP Accept-0" daemon [_thread_in_native, id=18710, stack(0x00007fa8f46e6000,0x00007fa8f4727000)]
  0x00007fa904ce3000 JavaThread "RMI TCP Accept-7199" daemon [_thread_in_native, id=18709, stack(0x00007fa8f4727000,0x00007fa8f4768000)]
  0x00007fa9048ad800 JavaThread "ScheduledTasks:1" daemon [_thread_blocked, id=18708, stack(0x00007fa8f4a89000,0x00007fa8f4aca000)]
  0x00007fa9042a7800 JavaThread "Service Thread" daemon [_thread_blocked, id=18705, stack(0x00007fa8f6801000,0x00007fa8f6842000)]
  0x00007fa9042a5000 JavaThread "C2 CompilerThread1" daemon [_thread_blocked, id=18704, stack(0x00007fa8f6842000,0x00007fa8f6943000)]
  0x00007fa90429e000 JavaThread "C2 CompilerThread0" daemon [_thread_blocked, id=18703, stack(0x00007fa8f6943000,0x00007fa8f6a44000)]
  0x00007fa904187000 JavaThread "Signal Dispatcher" daemon [_thread_blocked, id=18702, stack(0x00007fa8f6aec000,0x00007fa8f6b2d000)]
  0x00007fa904185000 JavaThread "Surrogate Locker Thread (Concurrent GC)" daemon [_thread_blocked, id=18701, stack(0x00007fa90001c000,0x00007fa90005d000)]
  0x00007fa904158800 JavaThread "Finalizer" daemon [_thread_blocked, id=18700, stack(0x00007fa90005d000,0x00007fa90009e000)]
  0x00007fa904156800 JavaThread "Reference Handler" daemon [_thread_blocked, id=18699, stack(0x00007fa90009e000,0x00007fa9000df000)]

Other Threads:
  0x00007fa904152000 VMThread [stack: 0x00007fa8f6cb6000,0x00007fa8f6db7000] [id=18698]
  0x00007fa9042b2800 WatcherThread [stack: 0x00007fa8f6700000,0x00007fa8f6801000] [id=18706]

VM state:not at safepoint (normal execution)

VM Mutex/Monitor currently owned by a thread: None

Heap
 par new generation   total 184320K, used 155616K [0x0000000080c00000, 0x000000008d400000, 0x000000008d400000)
  eden space 163840K,  88% used [0x0000000080c00000, 0x0000000089a03a60, 0x000000008ac00000)
  from space 20480K,  49% used [0x000000008c000000, 0x000000008c9f4860, 0x000000008d400000)
  to   space 20480K,   0% used [0x000000008ac00000, 0x000000008ac00000, 0x000000008c000000)
 concurrent mark-sweep generation total 1709056K, used 837373K [0x000000008d400000, 0x00000000f5900000, 0x00000000f5a00000)
 concurrent-mark-sweep perm gen total 33640K, used 30901K [0x00000000f5a00000, 0x00000000f7ada000, 0x0000000100000000)

Card table byte_map: [0x00007fa9004e3000,0x00007fa9008de000] byte_map_base: 0x00007fa9000dd000

Polling page: 0x00007fa90b279000

Code Cache  [0x00007fa9009df000, 0x00007fa90113f000, 0x00007fa9039df000)
 total_blobs=3205 nmethods=2777 adapters=380 free_code_cache=42085Kb largest_free_block=42641728

Compilation events (10 events):
Event: 5830.973 Thread 0x00007fa90429e000 3308   !         java.lang.ThreadGroup::remove (94 bytes)
Event: 5830.982 Thread 0x00007fa90429e000 nmethod 3308 0x00007fa900f3f790 code [0x00007fa900f3f8e0, 0x00007fa900f3ff78]
Event: 5874.630 Thread 0x00007fa9042a5000 3309             org.apache.cassandra.db.composites.AbstractCompoundCellNameType::prefixBuilder (8 bytes)
Event: 5874.633 Thread 0x00007fa9042a5000 nmethod 3309 0x00007fa901042650 code [0x00007fa9010427c0, 0x00007fa9010429d8]
Event: 5875.321 Thread 0x00007fa90429e000 3310             org.apache.cassandra.cql3.statements.ModificationStatement::createClusteringPrefixBuilderInternal (273 bytes)
Event: 5875.337 Thread 0x00007fa90429e000 nmethod 3310 0x00007fa900e6cbd0 code [0x00007fa900e6ce20, 0x00007fa900e6d778]
Event: 5875.387 Thread 0x00007fa9042a5000 3311   !         org.apache.cassandra.cql3.statements.ModificationStatement::readRequiredRows (340 bytes)
Event: 5875.393 Thread 0x00007fa9042a5000 nmethod 3311 0x00007fa9011212d0 code [0x00007fa901121420, 0x00007fa9011216b8]
Event: 6279.360 Thread 0x00007fa9042a5000 3312             sun.misc.FloatingDecimal::dtoa (1421 bytes)
Event: 6280.973 Thread 0x00007fa9042a5000 nmethod 3312 0x00007fa9010dfa50 code [0x00007fa9010dfd60, 0x00007fa9010e1670]

GC Heap History (10 events):
Event: 6020.901 GC heap before
{Heap before GC invocations=172 (full 1):
 par new generation   total 184320K, used 171735K [0x0000000080c00000, 0x000000008d400000, 0x000000008d400000)
  eden space 163840K, 100% used [0x0000000080c00000, 0x000000008ac00000, 0x000000008ac00000)
  from space 20480K,  38% used [0x000000008ac00000, 0x000000008b3b5f80, 0x000000008c000000)
  to   space 20480K,   0% used [0x000000008c000000, 0x000000008c000000, 0x000000008d400000)
 concurrent mark-sweep generation total 1709056K, used 800712K [0x000000008d400000, 0x00000000f5900000, 0x00000000f5a00000)
 concurrent-mark-sweep perm gen total 33640K, used 30900K [0x00000000f5a00000, 0x00000000f7ada000, 0x0000000100000000)
Event: 6020.977 GC heap after
Heap after GC invocations=173 (full 1):
 par new generation   total 184320K, used 11856K [0x0000000080c00000, 0x000000008d400000, 0x000000008d400000)
  eden space 163840K,   0% used [0x0000000080c00000, 0x0000000080c00000, 0x000000008ac00000)
  from space 20480K,  57% used [0x000000008c000000, 0x000000008cb941b8, 0x000000008d400000)
  to   space 20480K,   0% used [0x000000008ac00000, 0x000000008ac00000, 0x000000008c000000)
 concurrent mark-sweep generation total 1709056K, used 807427K [0x000000008d400000, 0x00000000f5900000, 0x00000000f5a00000)
 concurrent-mark-sweep perm gen total 33640K, used 30900K [0x00000000f5a00000, 0x00000000f7ada000, 0x0000000100000000)
}
Event: 6067.877 GC heap before
{Heap before GC invocations=173 (full 1):
 par new generation   total 184320K, used 175696K [0x0000000080c00000, 0x000000008d400000, 0x000000008d400000)
  eden space 163840K, 100% used [0x0000000080c00000, 0x000000008ac00000, 0x000000008ac00000)
  from space 20480K,  57% used [0x000000008c000000, 0x000000008cb941b8, 0x000000008d400000)
  to   space 20480K,   0% used [0x000000008ac00000, 0x000000008ac00000, 0x000000008c000000)
 concurrent mark-sweep generation total 1709056K, used 807427K [0x000000008d400000, 0x00000000f5900000, 0x00000000f5a00000)
 concurrent-mark-sweep perm gen total 33640K, used 30900K [0x00000000f5a00000, 0x00000000f7ada000, 0x0000000100000000)
Event: 6067.953 GC heap after
Heap after GC invocations=174 (full 1):
 par new generation   total 184320K, used 9884K [0x0000000080c00000, 0x000000008d400000, 0x000000008d400000)
  eden space 163840K,   0% used [0x0000000080c00000, 0x0000000080c00000, 0x000000008ac00000)
  from space 20480K,  48% used [0x000000008ac00000, 0x000000008b5a7370, 0x000000008c000000)
  to   space 20480K,   0% used [0x000000008c000000, 0x000000008c000000, 0x000000008d400000)
 concurrent mark-sweep generation total 1709056K, used 814139K [0x000000008d400000, 0x00000000f5900000, 0x00000000f5a00000)
 concurrent-mark-sweep perm gen total 33640K, used 30900K [0x00000000f5a00000, 0x00000000f7ada000, 0x0000000100000000)
}
Event: 6127.617 GC heap before
{Heap before GC invocations=174 (full 1):
 par new generation   total 184320K, used 173724K [0x0000000080c00000, 0x000000008d400000, 0x000000008d400000)
  eden space 163840K, 100% used [0x0000000080c00000, 0x000000008ac00000, 0x000000008ac00000)
  from space 20480K,  48% used [0x000000008ac00000, 0x000000008b5a7370, 0x000000008c000000)
  to   space 20480K,   0% used [0x000000008c000000, 0x000000008c000000, 0x000000008d400000)
 concurrent mark-sweep generation total 1709056K, used 814139K [0x000000008d400000, 0x00000000f5900000, 0x00000000f5a00000)
 concurrent-mark-sweep perm gen total 33640K, used 30900K [0x00000000f5a00000, 0x00000000f7ada000, 0x0000000100000000)
Event: 6127.716 GC heap after
Heap after GC invocations=175 (full 1):
 par new generation   total 184320K, used 11593K [0x0000000080c00000, 0x000000008d400000, 0x000000008d400000)
  eden space 163840K,   0% used [0x0000000080c00000, 0x0000000080c00000, 0x000000008ac00000)
  from space 20480K,  56% used [0x000000008c000000, 0x000000008cb52510, 0x000000008d400000)
  to   space 20480K,   0% used [0x000000008ac00000, 0x000000008ac00000, 0x000000008c000000)
 concurrent mark-sweep generation total 1709056K, used 823191K [0x000000008d400000, 0x00000000f5900000, 0x00000000f5a00000)
 concurrent-mark-sweep perm gen total 33640K, used 30900K [0x00000000f5a00000, 0x00000000f7ada000, 0x0000000100000000)
}
Event: 6192.398 GC heap before
{Heap before GC invocations=175 (full 1):
 par new generation   total 184320K, used 175433K [0x0000000080c00000, 0x000000008d400000, 0x000000008d400000)
  eden space 163840K, 100% used [0x0000000080c00000, 0x000000008ac00000, 0x000000008ac00000)
  from space 20480K,  56% used [0x000000008c000000, 0x000000008cb52510, 0x000000008d400000)
  to   space 20480K,   0% used [0x000000008ac00000, 0x000000008ac00000, 0x000000008c000000)
 concurrent mark-sweep generation total 1709056K, used 823191K [0x000000008d400000, 0x00000000f5900000, 0x00000000f5a00000)
 concurrent-mark-sweep perm gen total 33640K, used 30900K [0x00000000f5a00000, 0x00000000f7ada000, 0x0000000100000000)
Event: 6192.490 GC heap after
Heap after GC invocations=176 (full 1):
 par new generation   total 184320K, used 7543K [0x0000000080c00000, 0x000000008d400000, 0x000000008d400000)
  eden space 163840K,   0% used [0x0000000080c00000, 0x0000000080c00000, 0x000000008ac00000)
  from space 20480K,  36% used [0x000000008ac00000, 0x000000008b35ddd0, 0x000000008c000000)
  to   space 20480K,   0% used [0x000000008c000000, 0x000000008c000000, 0x000000008d400000)
 concurrent mark-sweep generation total 1709056K, used 830719K [0x000000008d400000, 0x00000000f5900000, 0x00000000f5a00000)
 concurrent-mark-sweep perm gen total 33640K, used 30900K [0x00000000f5a00000, 0x00000000f7ada000, 0x0000000100000000)
}
Event: 6257.542 GC heap before
{Heap before GC invocations=176 (full 1):
 par new generation   total 184320K, used 171383K [0x0000000080c00000, 0x000000008d400000, 0x000000008d400000)
  eden space 163840K, 100% used [0x0000000080c00000, 0x000000008ac00000, 0x000000008ac00000)
  from space 20480K,  36% used [0x000000008ac00000, 0x000000008b35ddd0, 0x000000008c000000)
  to   space 20480K,   0% used [0x000000008c000000, 0x000000008c000000, 0x000000008d400000)
 concurrent mark-sweep generation total 1709056K, used 830719K [0x000000008d400000, 0x00000000f5900000, 0x00000000f5a00000)
 concurrent-mark-sweep perm gen total 33640K, used 30900K [0x00000000f5a00000, 0x00000000f7ada000, 0x0000000100000000)
Event: 6257.659 GC heap after
Heap after GC invocations=177 (full 1):
 par new generation   total 184320K, used 10194K [0x0000000080c00000, 0x000000008d400000, 0x000000008d400000)
  eden space 163840K,   0% used [0x0000000080c00000, 0x0000000080c00000, 0x000000008ac00000)
  from space 20480K,  49% used [0x000000008c000000, 0x000000008c9f4860, 0x000000008d400000)
  to   space 20480K,   0% used [0x000000008ac00000, 0x000000008ac00000, 0x000000008c000000)
 concurrent mark-sweep generation total 1709056K, used 837373K [0x000000008d400000, 0x00000000f5900000, 0x00000000f5a00000)
 concurrent-mark-sweep perm gen total 33640K, used 30900K [0x00000000f5a00000, 0x00000000f7ada000, 0x0000000100000000)
}

Deoptimization events (10 events):
Event: 5757.427 Thread 0x00007fa904e93000 Uncommon trap: reason=class_check action=maybe_recompile pc=0x00007fa900fa0774 method=org.apache.cassandra.db.RowIndexEntry$Serializer.skip(Ljava/io/DataInput;)V @ 1
Event: 5757.427 Thread 0x00007fa904e93000 Uncommon trap: reason=class_check action=maybe_recompile pc=0x00007fa900f14df4 method=org.apache.cassandra.db.RowIndexEntry$Serializer.skipPromotedIndex(Ljava/io/DataInput;)V @ 1
Event: 5757.427 Thread 0x00007fa904e93000 Uncommon trap: reason=class_check action=maybe_recompile pc=0x00007fa900fa0774 method=org.apache.cassandra.db.RowIndexEntry$Serializer.skip(Ljava/io/DataInput;)V @ 1
Event: 5757.427 Thread 0x00007fa904e93000 Uncommon trap: reason=class_check action=maybe_recompile pc=0x00007fa900f14df4 method=org.apache.cassandra.db.RowIndexEntry$Serializer.skipPromotedIndex(Ljava/io/DataInput;)V @ 1
Event: 5757.427 Thread 0x00007fa904e93000 Uncommon trap: reason=class_check action=maybe_recompile pc=0x00007fa900fa0774 method=org.apache.cassandra.db.RowIndexEntry$Serializer.skip(Ljava/io/DataInput;)V @ 1
Event: 5757.427 Thread 0x00007fa904e93000 Uncommon trap: reason=class_check action=maybe_recompile pc=0x00007fa900f14df4 method=org.apache.cassandra.db.RowIndexEntry$Serializer.skipPromotedIndex(Ljava/io/DataInput;)V @ 1
Event: 5770.919 Thread 0x00007fa8fc312800 Uncommon trap: reason=class_check action=maybe_recompile pc=0x00007fa9011178dc method=java.util.Collections$SetFromMap.iterator()Ljava/util/Iterator; @ 4
Event: 5770.935 Thread 0x00007fa904e93000 Uncommon trap: reason=class_check action=maybe_recompile pc=0x00007fa900e6fb70 method=org.apache.cassandra.cql3.statements.ModificationStatement.requiresRead()Z @ 25
Event: 6462.756 Thread 0x0000000001062800 Uncommon trap: reason=bimorphic action=maybe_recompile pc=0x00007fa900c4b448 method=org.apache.cassandra.db.ColumnFamilySerializer.deserialize(Ljava/io/DataInput;Lorg/apache/cassandra/db/ColumnFamily$Factory;Lorg/apache/cassandra/db/ColumnSerializer$Flag;
Event: 6462.762 Thread 0x0000000001062800 Uncommon trap: reason=bimorphic action=maybe_recompile pc=0x00007fa900b8a3cc method=org.apache.cassandra.db.ColumnSerializer.deserialize(Ljava/io/DataInput;Lorg/apache/cassandra/db/ColumnSerializer$Flag;I)Lorg/apache/cassandra/db/Cell; @ 4

Internal exceptions (10 events):
Event: 6463.996 Thread 0x00007fa90518f000 Threw 0x000000008993c5a8 at /build/buildd/openjdk-7-7u79-2.5.5/build/openjdk/hotspot/src/share/vm/prims/jni.cpp:747
Event: 6464.288 Thread 0x00007fa90518f000 Threw 0x000000008993ca10 at /build/buildd/openjdk-7-7u79-2.5.5/build/openjdk/hotspot/src/share/vm/prims/jni.cpp:747
Event: 6465.672 Thread 0x00007fa90518f000 Threw 0x000000008993ce78 at /build/buildd/openjdk-7-7u79-2.5.5/build/openjdk/hotspot/src/share/vm/prims/jni.cpp:747
Event: 6467.186 Thread 0x00007fa90518f000 Threw 0x000000008993d2e0 at /build/buildd/openjdk-7-7u79-2.5.5/build/openjdk/hotspot/src/share/vm/prims/jni.cpp:747
Event: 6469.508 Thread 0x00007fa90518f000 Threw 0x000000008993d748 at /build/buildd/openjdk-7-7u79-2.5.5/build/openjdk/hotspot/src/share/vm/prims/jni.cpp:747
Event: 6470.536 Thread 0x00007fa90518f000 Threw 0x000000008993dbb0 at /build/buildd/openjdk-7-7u79-2.5.5/build/openjdk/hotspot/src/share/vm/prims/jni.cpp:747
Event: 6471.034 Thread 0x00007fa90518f000 Threw 0x000000008993e018 at /build/buildd/openjdk-7-7u79-2.5.5/build/openjdk/hotspot/src/share/vm/prims/jni.cpp:747
Event: 6472.473 Thread 0x00007fa90518f000 Threw 0x000000008993e480 at /build/buildd/openjdk-7-7u79-2.5.5/build/openjdk/hotspot/src/share/vm/prims/jni.cpp:747
Event: 6473.747 Thread 0x00007fa90518f000 Threw 0x000000008993e8e8 at /build/buildd/openjdk-7-7u79-2.5.5/build/openjdk/hotspot/src/share/vm/prims/jni.cpp:747
Event: 6475.063 Thread 0x00007fa90518f000 Threw 0x000000008993ed50 at /build/buildd/openjdk-7-7u79-2.5.5/build/openjdk/hotspot/src/share/vm/prims/jni.cpp:747

Events (10 events):
Event: 6414.116 Thread 0x00007fa8fc04a000 Thread added: 0x00007fa8fc04a000
Event: 6462.564 Thread 0x0000000001062800 Uncommon trap: trap_request=0xffffffc6 fr.pc=0x00007fa900c4b448
Event: 6462.757 Thread 0x0000000001062800 DEOPT PACKING pc=0x00007fa900c4b448 sp=0x00007fa8938c1690
Event: 6462.762 Thread 0x0000000001062800 DEOPT UNPACKING pc=0x00007fa900a18445 sp=0x00007fa8938c1688 mode 2
Event: 6462.762 Thread 0x0000000001062800 Uncommon trap: trap_request=0xffffffc6 fr.pc=0x00007fa900b8a3cc
Event: 6462.762 Thread 0x0000000001062800 DEOPT PACKING pc=0x00007fa900b8a3cc sp=0x00007fa8938c1630
Event: 6462.763 Thread 0x0000000001062800 DEOPT UNPACKING pc=0x00007fa900a18445 sp=0x00007fa8938c1598 mode 2
Event: 6462.796 Thread 0x00007fa8f00ad800 Thread added: 0x00007fa8f00ad800
Event: 6474.585 Thread 0x00007fa8fc04a000 Thread exited: 0x00007fa8fc04a000
Event: 6475.538 Thread 0x00007fa8fc312800 Thread added: 0x00007fa8fc312800


Dynamic libraries:
00400000-00401000 r-xp 00000000 ca:01 525531                             /usr/lib/jvm/java-7-openjdk-amd64/jre/bin/java
00600000-00601000 r--p 00000000 ca:01 525531                             /usr/lib/jvm/java-7-openjdk-amd64/jre/bin/java
00601000-00602000 rw-p 00001000 ca:01 525531                             /usr/lib/jvm/java-7-openjdk-amd64/jre/bin/java
01034000-012b7000 rw-p 00000000 00:00 0                                  [heap]
80c00000-f5900000 rw-p 00000000 00:00 0 
f5900000-f5a00000 rw-p 00000000 00:00 0 
f5a00000-f7ada000 rw-p 00000000 00:00 0 
f7ada000-100000000 rw-p 00000000 00:00 0 
7fa8899a4000-7fa88bd27000 r--s 00000000 ca:01 2885409                    /usr/local/cassandra/data/data/watch_events/getuserid-6b2bcd30195711e5b677253a543e36ef/watch_events-getuserid-ka-9-Index.db
7fa88bd27000-7fa88dd27000 rw-s 00000000 ca:01 2107672                    /usr/local/cassandra/data/commitlog/CommitLog-4-1435041100568.log
7fa890f5d000-7fa890f60000 ---p 00000000 00:00 0 
7fa890f60000-7fa890f9e000 rw-p 00000000 00:00 0                          [stack:19045]
7fa890f9e000-7fa890fa1000 ---p 00000000 00:00 0 
7fa890fa1000-7fa891fe0000 rw-p 00000000 00:00 0                          [stack:19036]
7fa891fe0000-7fa891fe3000 ---p 00000000 00:00 0 
7fa891fe3000-7fa892021000 rw-p 00000000 00:00 0                          [stack:18973]
7fa892021000-7fa892024000 ---p 00000000 00:00 0 
7fa892024000-7fa892062000 rw-p 00000000 00:00 0                          [stack:18971]
7fa892062000-7fa892065000 ---p 00000000 00:00 0 
7fa892065000-7fa8920a3000 rw-p 00000000 00:00 0                          [stack:18970]
7fa8920a3000-7fa8920a6000 ---p 00000000 00:00 0 
7fa8920a6000-7fa8930e5000 rw-p 00000000 00:00 0                          [stack:18969]
7fa8930e5000-7fa8930e8000 ---p 00000000 00:00 0 
7fa8930e8000-7fa893126000 rw-p 00000000 00:00 0                          [stack:18968]
7fa893126000-7fa893129000 ---p 00000000 00:00 0 
7fa893129000-7fa893167000 rw-p 00000000 00:00 0                          [stack:18967]
7fa893167000-7fa89316a000 ---p 00000000 00:00 0 
7fa89316a000-7fa8931a8000 rw-p 00000000 00:00 0                          [stack:18966]
7fa8931a8000-7fa8931ab000 ---p 00000000 00:00 0 
7fa8931ab000-7fa8931e9000 rw-p 00000000 00:00 0                          [stack:18956]
7fa8931e9000-7fa8931f0000 r-xp 00000000 ca:01 27971                      /tmp/libnetty-transport-native-epoll105785369736931892.so
7fa8931f0000-7fa8933ef000 ---p 00007000 ca:01 27971                      /tmp/libnetty-transport-native-epoll105785369736931892.so
7fa8933ef000-7fa8933f0000 rw-p 00006000 ca:01 27971                      /tmp/libnetty-transport-native-epoll105785369736931892.so
7fa8933f0000-7fa8933f3000 ---p 00000000 00:00 0 
7fa8933f3000-7fa893431000 rw-p 00000000 00:00 0 
7fa893431000-7fa893434000 ---p 00000000 00:00 0 
7fa893434000-7fa893472000 rw-p 00000000 00:00 0                          [stack:18919]
7fa893472000-7fa893475000 ---p 00000000 00:00 0 
7fa893475000-7fa8934b3000 rw-p 00000000 00:00 0                          [stack:18918]
7fa8934b3000-7fa8934b6000 ---p 00000000 00:00 0 
7fa8934b6000-7fa8934f4000 rw-p 00000000 00:00 0                          [stack:18917]
7fa8934f4000-7fa8934f7000 ---p 00000000 00:00 0 
7fa8934f7000-7fa893535000 rw-p 00000000 00:00 0                          [stack:18916]
7fa893535000-7fa893538000 ---p 00000000 00:00 0 
7fa893538000-7fa893576000 rw-p 00000000 00:00 0                          [stack:18914]
7fa893576000-7fa893579000 ---p 00000000 00:00 0 
7fa893579000-7fa8935b7000 rw-p 00000000 00:00 0                          [stack:18913]
7fa8935b7000-7fa8935ba000 ---p 00000000 00:00 0 
7fa8935ba000-7fa8935f8000 rw-p 00000000 00:00 0                          [stack:18912]
7fa8935f8000-7fa8935fb000 ---p 00000000 00:00 0 
7fa8935fb000-7fa893639000 rw-p 00000000 00:00 0                          [stack:18911]
7fa893639000-7fa89363c000 ---p 00000000 00:00 0 
7fa89363c000-7fa89367a000 rw-p 00000000 00:00 0                          [stack:18908]
7fa89367a000-7fa89367d000 ---p 00000000 00:00 0 
7fa89367d000-7fa8936bb000 rw-p 00000000 00:00 0                          [stack:18907]
7fa8936bb000-7fa8936be000 ---p 00000000 00:00 0 
7fa8936be000-7fa8936fc000 rw-p 00000000 00:00 0                          [stack:18905]
7fa8936fc000-7fa8936ff000 ---p 00000000 00:00 0 
7fa8936ff000-7fa89373d000 rw-p 00000000 00:00 0                          [stack:18904]
7fa89373d000-7fa893740000 ---p 00000000 00:00 0 
7fa893740000-7fa89377e000 rw-p 00000000 00:00 0                          [stack:18903]
7fa89377e000-7fa893781000 ---p 00000000 00:00 0 
7fa893781000-7fa8937bf000 rw-p 00000000 00:00 0                          [stack:18910]
7fa8937bf000-7fa8937c2000 ---p 00000000 00:00 0 
7fa8937c2000-7fa893800000 rw-p 00000000 00:00 0                          [stack:18901]
7fa893800000-7fa893803000 ---p 00000000 00:00 0 
7fa893803000-7fa893841000 rw-p 00000000 00:00 0                          [stack:18900]
7fa893841000-7fa893844000 ---p 00000000 00:00 0 
7fa893844000-7fa893882000 rw-p 00000000 00:00 0                          [stack:18899]
7fa893882000-7fa893885000 ---p 00000000 00:00 0 
7fa893885000-7fa8938c3000 rw-p 00000000 00:00 0                          [stack:18898]
7fa8938c3000-7fa8938c6000 ---p 00000000 00:00 0 
7fa8938c6000-7fa893904000 rw-p 00000000 00:00 0                          [stack:18897]
7fa893904000-7fa893907000 ---p 00000000 00:00 0 
7fa893907000-7fa893945000 rw-p 00000000 00:00 0                          [stack:18896]
7fa893945000-7fa893948000 ---p 00000000 00:00 0 
7fa893948000-7fa893986000 rw-p 00000000 00:00 0                          [stack:18895]
7fa893986000-7fa893989000 ---p 00000000 00:00 0 
7fa893989000-7fa8939c7000 rw-p 00000000 00:00 0                          [stack:18894]
7fa8939c7000-7fa8939ca000 ---p 00000000 00:00 0 
7fa8939ca000-7fa893a08000 rw-p 00000000 00:00 0                          [stack:18893]
7fa893a08000-7fa893a0b000 ---p 00000000 00:00 0 
7fa893a0b000-7fa893a49000 rw-p 00000000 00:00 0                          [stack:18892]
7fa893a49000-7fa895a49000 rw-s 00000000 ca:01 2106929                    /usr/local/cassandra/data/commitlog/CommitLog-4-1435041100566.log
7fa895a49000-7fa897a49000 rw-s 00000000 ca:01 2106780                    /usr/local/cassandra/data/commitlog/CommitLog-4-1435041100565.log
7fa897a49000-7fa899a49000 rw-s 00000000 ca:01 2106895                    /usr/local/cassandra/data/commitlog/CommitLog-4-1435041100564.log
7fa899a49000-7fa89ba49000 rw-s 00000000 ca:01 2106828                    /usr/local/cassandra/data/commitlog/CommitLog-4-1435041100563.log
7fa89ba49000-7fa89da49000 rw-s 00000000 ca:01 2106925                    /usr/local/cassandra/data/commitlog/CommitLog-4-1435041100562.log
7fa89da49000-7fa89fa49000 rw-s 00000000 ca:01 2106938                    /usr/local/cassandra/data/commitlog/CommitLog-4-1435041100561.log
7fa89fa49000-7fa8a1a49000 rw-s 00000000 ca:01 2106890                    /usr/local/cassandra/data/commitlog/CommitLog-4-1435041100560.log
7fa8a1a49000-7fa8a3a49000 rw-s 00000000 ca:01 2106806                    /usr/local/cassandra/data/commitlog/CommitLog-4-1435041100559.log
7fa8a3a49000-7fa8a5a49000 rw-s 00000000 ca:01 2106832                    /usr/local/cassandra/data/commitlog/CommitLog-4-1435041100558.log
7fa8a5a49000-7fa8a7a49000 rw-s 00000000 ca:01 2106932                    /usr/local/cassandra/data/commitlog/CommitLog-4-1435041100557.log
7fa8a7a49000-7fa8a9a49000 rw-s 00000000 ca:01 2107671                    /usr/local/cassandra/data/commitlog/CommitLog-4-1435041100556.log
7fa8a9a49000-7fa8aba49000 rw-s 00000000 ca:01 2106771                    /usr/local/cassandra/data/commitlog/CommitLog-4-1435041100555.log
7fa8aba49000-7fa8ada49000 rw-s 00000000 ca:01 2106779                    /usr/local/cassandra/data/commitlog/CommitLog-4-1435041100554.log
7fa8ada49000-7fa8afa49000 rw-s 00000000 ca:01 2106919                    /usr/local/cassandra/data/commitlog/CommitLog-4-1435041100553.log
7fa8afa49000-7fa8b1a49000 rw-s 00000000 ca:01 2106827                    /usr/local/cassandra/data/commitlog/CommitLog-4-1435041100552.log
7fa8b1a49000-7fa8b3a49000 rw-s 00000000 ca:01 2106792                    /usr/local/cassandra/data/commitlog/CommitLog-4-1435041100551.log
7fa8b3a49000-7fa8b5a49000 rw-s 00000000 ca:01 2106764                    /usr/local/cassandra/data/commitlog/CommitLog-4-1435041100550.log
7fa8b5a49000-7fa8b7a49000 rw-s 00000000 ca:01 2106888                    /usr/local/cassandra/data/commitlog/CommitLog-4-1435041100549.log
7fa8b7a49000-7fa8b9a49000 rw-s 00000000 ca:01 2106763                    /usr/local/cassandra/data/commitlog/CommitLog-4-1435041100548.log
7fa8b9a49000-7fa8bba49000 rw-s 00000000 ca:01 2106777                    /usr/local/cassandra/data/commitlog/CommitLog-4-1435041100547.log
7fa8bba49000-7fa8bda49000 rw-s 00000000 ca:01 2106769                    /usr/local/cassandra/data/commitlog/CommitLog-4-1435041100546.log
7fa8bda49000-7fa8bfa49000 rw-s 00000000 ca:01 2106886                    /usr/local/cassandra/data/commitlog/CommitLog-4-1435041100545.log
7fa8bfa49000-7fa8c1a49000 rw-s 00000000 ca:01 2106762                    /usr/local/cassandra/data/commitlog/CommitLog-4-1435041100544.log
7fa8c1a49000-7fa8c3a49000 rw-s 00000000 ca:01 2106816                    /usr/local/cassandra/data/commitlog/CommitLog-4-1435041100543.log
7fa8c3a49000-7fa8c5a49000 rw-s 00000000 ca:01 2106766                    /usr/local/cassandra/data/commitlog/CommitLog-4-1435041100542.log
7fa8c5a49000-7fa8c7a49000 rw-s 00000000 ca:01 2106883                    /usr/local/cassandra/data/commitlog/CommitLog-4-1435041100541.log
7fa8c7a49000-7fa8c9a49000 rw-s 00000000 ca:01 2106891                    /usr/local/cassandra/data/commitlog/CommitLog-4-1435041100540.log
7fa8c9a49000-7fa8cba49000 rw-s 00000000 ca:01 2106814                    /usr/local/cassandra/data/commitlog/CommitLog-4-1435041100539.log
7fa8cba49000-7fa8cda49000 rw-s 00000000 ca:01 2106765                    /usr/local/cassandra/data/commitlog/CommitLog-4-1435041100538.log
7fa8cda49000-7fa8cfa49000 rw-s 00000000 ca:01 2106964                    /usr/local/cassandra/data/commitlog/CommitLog-4-1435041100537.log
7fa8cfa49000-7fa8d1a49000 rw-s 00000000 ca:01 2106840                    /usr/local/cassandra/data/commitlog/CommitLog-4-1435041100536.log
7fa8d1a49000-7fa8d3a49000 rw-s 00000000 ca:01 2106962                    /usr/local/cassandra/data/commitlog/CommitLog-4-1435041100535.log
7fa8d3a49000-7fa8d5a49000 rw-s 00000000 ca:01 2106961                    /usr/local/cassandra/data/commitlog/CommitLog-4-1435041100534.log
7fa8d5a49000-7fa8d7a49000 rw-s 00000000 ca:01 2106838                    /usr/local/cassandra/data/commitlog/CommitLog-4-1435041100533.log
7fa8d7a49000-7fa8d9a49000 rw-s 00000000 ca:01 2106745                    /usr/local/cassandra/data/commitlog/CommitLog-4-1435041100532.log
7fa8d9a49000-7fa8dba49000 rw-s 00000000 ca:01 2106733                    /usr/local/cassandra/data/commitlog/CommitLog-4-1435041100531.log
7fa8dba49000-7fa8dda49000 rw-s 00000000 ca:01 2106829                    /usr/local/cassandra/data/commitlog/CommitLog-4-1435041100530.log
7fa8dda49000-7fa8dfa49000 rw-s 00000000 ca:01 2107619                    /usr/local/cassandra/data/commitlog/CommitLog-4-1435041100529.log
7fa8dfa49000-7fa8e1a49000 rw-s 00000000 ca:01 2107602                    /usr/local/cassandra/data/commitlog/CommitLog-4-1435041100528.log
7fa8e1a49000-7fa8e3a49000 rw-s 00000000 ca:01 2106737                    /usr/local/cassandra/data/commitlog/CommitLog-4-1435041100527.log
7fa8e3a49000-7fa8e5a49000 rw-s 00000000 ca:01 2106834                    /usr/local/cassandra/data/commitlog/CommitLog-4-1435041100526.log
7fa8e9b04000-7fa8ebb04000 rw-s 00000000 ca:01 2106751                    /usr/local/cassandra/data/commitlog/CommitLog-4-1435041100567.log
7fa8ebb04000-7fa8ebb07000 ---p 00000000 00:00 0 
7fa8ebb07000-7fa8ebb45000 rw-p 00000000 00:00 0                          [stack:18881]
7fa8ebb45000-7fa8ebb48000 ---p 00000000 00:00 0 
7fa8ebb48000-7fa8ebb86000 rw-p 00000000 00:00 0                          [stack:18817]
7fa8ebb86000-7fa8ebb89000 ---p 00000000 00:00 0 
7fa8ebb89000-7fa8ebbc7000 rw-p 00000000 00:00 0                          [stack:18816]
7fa8ebbc7000-7fa8ebbca000 ---p 00000000 00:00 0 
7fa8ebbca000-7fa8ebc08000 rw-p 00000000 00:00 0                          [stack:18815]
7fa8ebc08000-7fa8ebc0b000 ---p 00000000 00:00 0 
7fa8ebc0b000-7fa8ebc49000 rw-p 00000000 00:00 0                          [stack:18814]
7fa8ebc49000-7fa8ebc4c000 ---p 00000000 00:00 0 
7fa8ebc4c000-7fa8ebc8a000 rw-p 00000000 00:00 0                          [stack:18813]
7fa8ebc8a000-7fa8ebc8d000 ---p 00000000 00:00 0 
7fa8ebc8d000-7fa8ebccb000 rw-p 00000000 00:00 0                          [stack:18812]
7fa8ebccb000-7fa8ebcce000 ---p 00000000 00:00 0 
7fa8ebcce000-7fa8ebd0c000 rw-p 00000000 00:00 0                          [stack:18811]
7fa8ebd0c000-7fa8ebd0f000 ---p 00000000 00:00 0 
7fa8ebd0f000-7fa8ebd4d000 rw-p 00000000 00:00 0                          [stack:18810]
7fa8ebd4d000-7fa8ebd50000 ---p 00000000 00:00 0 
7fa8ebd50000-7fa8ebd8e000 rw-p 00000000 00:00 0                          [stack:18809]
7fa8ebd8e000-7fa8ebd91000 ---p 00000000 00:00 0 
7fa8ebd91000-7fa8ebdcf000 rw-p 00000000 00:00 0                          [stack:18808]
7fa8ebdcf000-7fa8ebdd2000 ---p 00000000 00:00 0 
7fa8ebdd2000-7fa8ebe10000 rw-p 00000000 00:00 0                          [stack:18807]
7fa8ebe10000-7fa8ebe13000 ---p 00000000 00:00 0 
7fa8ebe13000-7fa8ebe51000 rw-p 00000000 00:00 0                          [stack:18806]
7fa8ebe51000-7fa8ebe54000 ---p 00000000 00:00 0 
7fa8ebe54000-7fa8ebe92000 rw-p 00000000 00:00 0                          [stack:18805]
7fa8ebe92000-7fa8ebe95000 ---p 00000000 00:00 0 
7fa8ebe95000-7fa8ebed3000 rw-p 00000000 00:00 0                          [stack:18804]
7fa8ebed3000-7fa8ebed6000 ---p 00000000 00:00 0 
7fa8ebed6000-7fa8ebf14000 rw-p 00000000 00:00 0                          [stack:18803]
7fa8ebf14000-7fa8ebf17000 ---p 00000000 00:00 0 
7fa8ebf17000-7fa8ebf55000 rw-p 00000000 00:00 0                          [stack:18802]
7fa8ebf55000-7fa8ebf58000 ---p 00000000 00:00 0 
7fa8ebf58000-7fa8ebf96000 rw-p 00000000 00:00 0                          [stack:18801]
7fa8ebf96000-7fa8ebf99000 ---p 00000000 00:00 0 
7fa8ebf99000-7fa8ebfd7000 rw-p 00000000 00:00 0                          [stack:18800]
7fa8ebfd7000-7fa8ebfda000 ---p 00000000 00:00 0 
7fa8ebfda000-7fa8ec018000 rw-p 00000000 00:00 0                          [stack:18799]
7fa8ec018000-7fa8ec01b000 ---p 00000000 00:00 0 
7fa8ec01b000-7fa8ec059000 rw-p 00000000 00:00 0                          [stack:18798]
7fa8ec059000-7fa8ec05c000 ---p 00000000 00:00 0 
7fa8ec05c000-7fa8ec09a000 rw-p 00000000 00:00 0                          [stack:18797]
7fa8ec09a000-7fa8ec09d000 ---p 00000000 00:00 0 
7fa8ec09d000-7fa8ec0db000 rw-p 00000000 00:00 0                          [stack:18796]
7fa8ec0db000-7fa8ec0de000 ---p 00000000 00:00 0 
7fa8ec0de000-7fa8ec11c000 rw-p 00000000 00:00 0                          [stack:18795]
7fa8ec11c000-7fa8ec11f000 ---p 00000000 00:00 0 
7fa8ec11f000-7fa8ec15d000 rw-p 00000000 00:00 0                          [stack:18794]
7fa8ec15d000-7fa8ec160000 ---p 00000000 00:00 0 
7fa8ec160000-7fa8ec19e000 rw-p 00000000 00:00 0                          [stack:18793]
7fa8ec19e000-7fa8ec1a1000 ---p 00000000 00:00 0 
7fa8ec1a1000-7fa8ec1df000 rw-p 00000000 00:00 0                          [stack:18792]
7fa8ec1df000-7fa8ec1e2000 ---p 00000000 00:00 0 
7fa8ec1e2000-7fa8ec220000 rw-p 00000000 00:00 0                          [stack:18791]
7fa8ec220000-7fa8ec223000 ---p 00000000 00:00 0 
7fa8ec223000-7fa8ec261000 rw-p 00000000 00:00 0                          [stack:18790]
7fa8ec261000-7fa8ec264000 ---p 00000000 00:00 0 
7fa8ec264000-7fa8ec2a2000 rw-p 00000000 00:00 0                          [stack:18789]
7fa8ec2a2000-7fa8ec2a5000 ---p 00000000 00:00 0 
7fa8ec2a5000-7fa8ec2e3000 rw-p 00000000 00:00 0                          [stack:18788]
7fa8ec2e3000-7fa8ec2e6000 ---p 00000000 00:00 0 
7fa8ec2e6000-7fa8ec324000 rw-p 00000000 00:00 0                          [stack:18787]
7fa8ec324000-7fa8ec327000 ---p 00000000 00:00 0 
7fa8ec327000-7fa8ec365000 rw-p 00000000 00:00 0                          [stack:18786]
7fa8ec365000-7fa8ec368000 ---p 00000000 00:00 0 
7fa8ec368000-7fa8ec3a6000 rw-p 00000000 00:00 0 
7fa8ec3a6000-7fa8ec3a9000 ---p 00000000 00:00 0 
7fa8ec3a9000-7fa8ec3e7000 rw-p 00000000 00:00 0 
7fa8ec3e7000-7fa8ec3ea000 ---p 00000000 00:00 0 
7fa8ec3ea000-7fa8ec428000 rw-p 00000000 00:00 0                          [stack:18783]
7fa8ec428000-7fa8ec42b000 ---p 00000000 00:00 0 
7fa8ec42b000-7fa8ec469000 rw-p 00000000 00:00 0                          [stack:18782]
7fa8ec469000-7fa8ec46c000 ---p 00000000 00:00 0 
7fa8ec46c000-7fa8ec4aa000 rw-p 00000000 00:00 0                          [stack:18781]
7fa8ec4aa000-7fa8ec4ad000 ---p 00000000 00:00 0 
7fa8ec4ad000-7fa8ec4eb000 rw-p 00000000 00:00 0                          [stack:18780]
7fa8edd4c000-7fa8edf3d000 r--s 00000000 ca:01 2362668                    /usr/local/cassandra/data/data/watch_events/watch-d489a6800fbb11e58d715b8643cee2f3/watch_events-watch-ka-1-Index.db
7fa8edf3d000-7fa8edf40000 ---p 00000000 00:00 0 
7fa8edf40000-7fa8edf7e000 rw-p 00000000 00:00 0 
7fa8edf7e000-7fa8edf81000 ---p 00000000 00:00 0 
7fa8edf81000-7fa8edfbf000 rw-p 00000000 00:00 0                          [stack:18772]
7fa8edfbf000-7fa8edfc2000 ---p 00000000 00:00 0 
7fa8edfc2000-7fa8ee000000 rw-p 00000000 00:00 0 
7fa8efdf4000-7fa8efdff000 r-xp 00000000 ca:01 28005                      /tmp/snappy-1.0.5.2-libsnappyjava.so
7fa8efdff000-7fa8effff000 ---p 0000b000 ca:01 28005                      /tmp/snappy-1.0.5.2-libsnappyjava.so
7fa8effff000-7fa8f0000000 rw-p 0000b000 ca:01 28005                      /tmp/snappy-1.0.5.2-libsnappyjava.so
7fa8f0000000-7fa8f01ed000 rw-p 00000000 00:00 0 
7fa8f01ed000-7fa8f4000000 ---p 00000000 00:00 0 
7fa8f4018000-7fa8f401b000 r--s 00000000 ca:01 2362492                    /usr/local/cassandra/data/data/OpsCenter/rollups60-aba695620fd511e5ab485b8643cee2f3/OpsCenter-rollups60-ka-10-Index.db
7fa8f401f000-7fa8f4020000 r--s 00000000 ca:01 2362490                    /usr/local/cassandra/data/data/OpsCenter/rollups60-aba695620fd511e5ab485b8643cee2f3/OpsCenter-rollups60-ka-9-Index.db
7fa8f4020000-7fa8f4021000 r--s 00000000 ca:01 2107755                    /usr/local/cassandra/data/data/system/compaction_history-b4dbb7b4dc493fb5b3bfce6e434832ca/system-compaction_history-ka-213-Index.db
7fa8f4027000-7fa8f402a000 r--s 00000000 ca:01 2362666                    /usr/local/cassandra/data/data/OpsCenter/rollups60-aba695620fd511e5ab485b8643cee2f3/OpsCenter-rollups60-ka-7-Index.db
7fa8f402a000-7fa8f402b000 r--s 00000000 ca:01 2107779                    /usr/local/cassandra/data/data/system/peers-37f71aca7dc2383ba70672528af04d4f/system-peers-ka-13-Index.db
7fa8f402b000-7fa8f402c000 r--s 00000000 ca:01 2107629                    /usr/local/cassandra/data/data/system/schema_keyspaces-b0f2235744583cdb9631c43e59ce3676/system-schema_keyspaces-ka-33-Index.db
7fa8f402c000-7fa8f402d000 r--s 00000000 ca:01 2362684                    /usr/local/cassandra/data/data/OpsCenter/settings-aba695600fd511e5ab485b8643cee2f3/OpsCenter-settings-ka-2-Index.db
7fa8f402d000-7fa8f402e000 r--s 00000000 ca:01 2362360                    /usr/local/cassandra/data/data/OpsCenter/settings-aba695600fd511e5ab485b8643cee2f3/OpsCenter-settings-ka-1-Index.db
7fa8f402e000-7fa8f402f000 r--s 00000000 ca:01 2362402                    /usr/local/cassandra/data/data/OpsCenter/events_timeline-aba66e520fd511e5ab485b8643cee2f3/OpsCenter-events_timeline-ka-1-Index.db
7fa8f402f000-7fa8f4032000 r--s 00000000 ca:01 2362700                    /usr/local/cassandra/data/data/OpsCenter/rollups300-aba6bc710fd511e5ab485b8643cee2f3/OpsCenter-rollups300-ka-3-Index.db
7fa8f4032000-7fa8f4035000 r--s 00000000 ca:01 2362357                    /usr/local/cassandra/data/data/OpsCenter/rollups300-aba6bc710fd511e5ab485b8643cee2f3/OpsCenter-rollups300-ka-2-Index.db
7fa8f4035000-7fa8f4037000 r--s 00000000 ca:01 2362394                    /usr/local/cassandra/data/data/OpsCenter/rollups300-aba6bc710fd511e5ab485b8643cee2f3/OpsCenter-rollups300-ka-1-Index.db
7fa8f4037000-7fa8f403a000 ---p 00000000 00:00 0 
7fa8f403a000-7fa8f4078000 rw-p 00000000 00:00 0 
7fa8f4078000-7fa8f4079000 r--s 00000000 ca:01 2362716                    /usr/local/cassandra/data/data/OpsCenter/events-aba6bc700fd511e5ab485b8643cee2f3/OpsCenter-events-ka-1-Index.db
7fa8f4079000-7fa8f407c000 r--s 00000000 ca:01 2362374                    /usr/local/cassandra/data/data/OpsCenter/rollups7200-aba695610fd511e5ab485b8643cee2f3/OpsCenter-rollups7200-ka-3-Index.db
7fa8f407c000-7fa8f407f000 ---p 00000000 00:00 0 
7fa8f407f000-7fa8f40bd000 rw-p 00000000 00:00 0                          [stack:18759]
7fa8f40bd000-7fa8f40c0000 r--s 00000000 ca:01 2362676                    /usr/local/cassandra/data/data/OpsCenter/rollups86400-aba647400fd511e5ab485b8643cee2f3/OpsCenter-rollups86400-ka-1-Index.db
7fa8f40c0000-7fa8f40c3000 ---p 00000000 00:00 0 
7fa8f40c3000-7fa8f4101000 rw-p 00000000 00:00 0 
7fa8f4101000-7fa8f4102000 r--s 00000000 ca:01 2106753                    /usr/local/cassandra/data/data/system/local-7ad54392bcdd35a684174e047860b377/system-local-ka-51-Index.db
7fa8f4102000-7fa8f4105000 ---p 00000000 00:00 0 
7fa8f4105000-7fa8f4143000 rw-p 00000000 00:00 0 
7fa8f4144000-7fa8f4145000 r--s 00000000 ca:01 2106889                    /usr/local/cassandra/data/data/system/sstable_activity-5a1ff267ace03f128563cfae6103c65e/system-sstable_activity-ka-290-Index.db
7fa8f4145000-7fa8f4146000 r--s 00000000 ca:01 2107776                    /usr/local/cassandra/data/data/system/size_estimates-618f817b005f3678b8a453f3930b8e86/system-size_estimates-ka-328-Index.db
7fa8f4146000-7fa8f4147000 r--s 00000000 ca:01 2107766                    /usr/local/cassandra/data/data/system/compactions_in_progress-55080ab05d9c388690a4acb25fe1f77b/system-compactions_in_progress-ka-10-Index.db
7fa8f414a000-7fa8f414b000 r--s 00000000 ca:01 2107587                    /usr/local/cassandra/data/data/system/sstable_activity-5a1ff267ace03f128563cfae6103c65e/system-sstable_activity-ka-291-Index.db
7fa8f414b000-7fa8f414c000 r--s 00000000 ca:01 2106774                    /usr/local/cassandra/data/data/system/schema_usertypes-3aa752254f82350b8d5c430fa221fa0a/system-schema_usertypes-ka-13-Index.db
7fa8f414c000-7fa8f414d000 r--s 00000000 ca:01 2106805                    /usr/local/cassandra/data/data/system/schema_columns-296e9c049bec3085827dc17d3df2122a/system-schema_columns-ka-17-Index.db
7fa8f414d000-7fa8f414e000 r--s 00000000 ca:01 2106943                    /usr/local/cassandra/data/data/system/schema_columns-296e9c049bec3085827dc17d3df2122a/system-schema_columns-ka-18-Index.db
7fa8f414e000-7fa8f414f000 r--s 00000000 ca:01 2106917                    /usr/local/cassandra/data/data/system/schema_columnfamilies-45f5b36024bc3f83a3631034ea4fa697/system-schema_columnfamilies-ka-30-Index.db
7fa8f414f000-7fa8f4150000 r--s 00000000 ca:01 2106921                    /usr/local/cassandra/data/data/system/schema_columnfamilies-45f5b36024bc3f83a3631034ea4fa697/system-schema_columnfamilies-ka-29-Index.db
7fa8f4150000-7fa8f4153000 ---p 00000000 00:00 0 
7fa8f4153000-7fa8f4191000 rw-p 00000000 00:00 0 
7fa8f4191000-7fa8f4194000 ---p 00000000 00:00 0 
7fa8f4194000-7fa8f41d2000 rw-p 00000000 00:00 0                          [stack:18737]
7fa8f41d2000-7fa8f41d5000 ---p 00000000 00:00 0 
7fa8f41d5000-7fa8f4213000 rw-p 00000000 00:00 0 
7fa8f4213000-7fa8f4216000 ---p 00000000 00:00 0 
7fa8f4216000-7fa8f4254000 rw-p 00000000 00:00 0                          [stack:18735]
7fa8f4254000-7fa8f4257000 ---p 00000000 00:00 0 
7fa8f4257000-7fa8f4295000 rw-p 00000000 00:00 0                          [stack:18734]
7fa8f4295000-7fa8f4298000 ---p 00000000 00:00 0 
7fa8f4298000-7fa8f42d6000 rw-p 00000000 00:00 0                          [stack:18727]
7fa8f42d6000-7fa8f42d9000 ---p 00000000 00:00 0 
7fa8f42d9000-7fa8f4317000 rw-p 00000000 00:00 0                          [stack:18733]
7fa8f4317000-7fa8f431a000 ---p 00000000 00:00 0 
7fa8f431a000-7fa8f4358000 rw-p 00000000 00:00 0                          [stack:20603]
7fa8f435b000-7fa8f4399000 rw-p 00000000 00:00 0                          [stack:20607]
7fa8f4399000-7fa8f439c000 ---p 00000000 00:00 0 
7fa8f439c000-7fa8f43da000 rw-p 00000000 00:00 0 
7fa8f43da000-7fa8f43dd000 ---p 00000000 00:00 0 
7fa8f43dd000-7fa8f441b000 rw-p 00000000 00:00 0 
7fa8f441b000-7fa8f441e000 ---p 00000000 00:00 0 
7fa8f441e000-7fa8f445c000 rw-p 00000000 00:00 0                          [stack:18721]
7fa8f445c000-7fa8f445f000 ---p 00000000 00:00 0 
7fa8f445f000-7fa8f449d000 rw-p 00000000 00:00 0                          [stack:18720]
7fa8f449d000-7fa8f44a0000 ---p 00000000 00:00 0 
7fa8f44a0000-7fa8f44de000 rw-p 00000000 00:00 0 
7fa8f44de000-7fa8f44e1000 ---p 00000000 00:00 0 
7fa8f44e1000-7fa8f451f000 rw-p 00000000 00:00 0                          [stack:18718]
7fa8f451f000-7fa8f4522000 ---p 00000000 00:00 0 
7fa8f4522000-7fa8f4560000 rw-p 00000000 00:00 0                          [stack:18717]
7fa8f4560000-7fa8f4563000 ---p 00000000 00:00 0 
7fa8f4563000-7fa8f45a1000 rw-p 00000000 00:00 0 
7fa8f45a1000-7fa8f45a4000 ---p 00000000 00:00 0 
7fa8f45a4000-7fa8f45e2000 rw-p 00000000 00:00 0                          [stack:18715]
7fa8f45e2000-7fa8f45e5000 ---p 00000000 00:00 0 
7fa8f45e5000-7fa8f4623000 rw-p 00000000 00:00 0                          [stack:18714]
7fa8f4623000-7fa8f4626000 ---p 00000000 00:00 0 
7fa8f4626000-7fa8f4664000 rw-p 00000000 00:00 0                          [stack:18713]
7fa8f4664000-7fa8f4667000 ---p 00000000 00:00 0 
7fa8f4667000-7fa8f46a5000 rw-p 00000000 00:00 0                          [stack:18712]
7fa8f46a5000-7fa8f46a8000 ---p 00000000 00:00 0 
7fa8f46a8000-7fa8f46e6000 rw-p 00000000 00:00 0                          [stack:18711]
7fa8f46e6000-7fa8f46e9000 ---p 00000000 00:00 0 
7fa8f46e9000-7fa8f4727000 rw-p 00000000 00:00 0                          [stack:18710]
7fa8f4727000-7fa8f472a000 ---p 00000000 00:00 0 
7fa8f472a000-7fa8f4768000 rw-p 00000000 00:00 0                          [stack:18709]
7fa8f4768000-7fa8f477f000 r-xp 00000000 ca:01 2885325                    /tmp/jna--851256601/jna3778997179082033985.tmp (deleted)
7fa8f477f000-7fa8f487e000 ---p 00017000 ca:01 2885325                    /tmp/jna--851256601/jna3778997179082033985.tmp (deleted)
7fa8f487e000-7fa8f4880000 rw-p 00016000 ca:01 2885325                    /tmp/jna--851256601/jna3778997179082033985.tmp (deleted)
7fa8f4880000-7fa8f4889000 r-xp 00000000 ca:01 28557                      /tmp/liblz4-java5594616855004284822.so
7fa8f4889000-7fa8f4a88000 ---p 00009000 ca:01 28557                      /tmp/liblz4-java5594616855004284822.so
7fa8f4a88000-7fa8f4a89000 rw-p 00008000 ca:01 28557                      /tmp/liblz4-java5594616855004284822.so
7fa8f4a89000-7fa8f4a8c000 ---p 00000000 00:00 0 
7fa8f4a8c000-7fa8f4aca000 rw-p 00000000 00:00 0                          [stack:18708]
7fa8f4aca000-7fa8f4acd000 ---p 00000000 00:00 0 
7fa8f4acd000-7fa8f4b0b000 rw-p 00000000 00:00 0 
7fa8f4b0b000-7fa8f4b1b000 r-xp 00000000 ca:01 525592                     /usr/lib/jvm/java-7-openjdk-amd64/jre/lib/amd64/libnio.so
7fa8f4b1b000-7fa8f4d1b000 ---p 00010000 ca:01 525592                     /usr/lib/jvm/java-7-openjdk-amd64/jre/lib/amd64/libnio.so
7fa8f4d1b000-7fa8f4d1c000 r--p 00010000 ca:01 525592                     /usr/lib/jvm/java-7-openjdk-amd64/jre/lib/amd64/libnio.so
7fa8f4d1c000-7fa8f4d1d000 rw-p 00011000 ca:01 525592                     /usr/lib/jvm/java-7-openjdk-amd64/jre/lib/amd64/libnio.so
7fa8f4d1d000-7fa8f4d25000 r-xp 00000000 ca:01 525591                     /usr/lib/jvm/java-7-openjdk-amd64/jre/lib/amd64/libmanagement.so
7fa8f4d25000-7fa8f4f24000 ---p 00008000 ca:01 525591                     /usr/lib/jvm/java-7-openjdk-amd64/jre/lib/amd64/libmanagement.so
7fa8f4f24000-7fa8f4f25000 r--p 00007000 ca:01 525591                     /usr/lib/jvm/java-7-openjdk-amd64/jre/lib/amd64/libmanagement.so
7fa8f4f25000-7fa8f4f26000 rw-p 00008000 ca:01 525591                     /usr/lib/jvm/java-7-openjdk-amd64/jre/lib/amd64/libmanagement.so
7fa8f4f26000-7fa8f4f2b000 r-xp 00000000 ca:01 396073                     /lib/x86_64-linux-gnu/libnss_dns-2.19.so
7fa8f4f2b000-7fa8f512a000 ---p 00005000 ca:01 396073                     /lib/x86_64-linux-gnu/libnss_dns-2.19.so
7fa8f512a000-7fa8f512b000 r--p 00004000 ca:01 396073                     /lib/x86_64-linux-gnu/libnss_dns-2.19.so
7fa8f512b000-7fa8f512c000 rw-p 00005000 ca:01 396073                     /lib/x86_64-linux-gnu/libnss_dns-2.19.so
7fa8f512c000-7fa8f512d000 r--s 00000000 ca:01 2106815                    /usr/local/cassandra/data/data/system/compaction_history-b4dbb7b4dc493fb5b3bfce6e434832ca/system-compaction_history-ka-214-Index.db
7fa8f512d000-7fa8f512e000 r--s 00000000 ca:01 2106913                    /usr/local/cassandra/data/data/system/schema_usertypes-3aa752254f82350b8d5c430fa221fa0a/system-schema_usertypes-ka-14-Index.db
7fa8f512e000-7fa8f512f000 r--s 00000000 ca:01 2106802                    /usr/local/cassandra/data/data/system/schema_columns-296e9c049bec3085827dc17d3df2122a/system-schema_columns-ka-19-Index.db
7fa8f512f000-7fa8f5130000 r--s 00000000 ca:01 2107764                    /usr/local/cassandra/data/data/system/sstable_activity-5a1ff267ace03f128563cfae6103c65e/system-sstable_activity-ka-289-Index.db
7fa8f5130000-7fa8f5131000 r--s 00000000 ca:01 2107753                    /usr/local/cassandra/data/data/system/schema_columnfamilies-45f5b36024bc3f83a3631034ea4fa697/system-schema_columnfamilies-ka-31-Index.db
7fa8f5131000-7fa8f5132000 r--s 00000000 ca:01 2106898                    /usr/local/cassandra/data/data/system/schema_triggers-0359bc7171233ee19a4ab9dfb11fc125/system-schema_triggers-ka-14-Index.db
7fa8f5133000-7fa8f5138000 r--s 0004d000 ca:01 525632                     /usr/lib/jvm/java-7-openjdk-amd64/jre/lib/jsse.jar
7fa8f5138000-7fa8f5175000 r-xp 00000000 ca:01 396085                     /lib/x86_64-linux-gnu/libpcre.so.3.13.1
7fa8f5175000-7fa8f5374000 ---p 0003d000 ca:01 396085                     /lib/x86_64-linux-gnu/libpcre.so.3.13.1
7fa8f5374000-7fa8f5375000 r--p 0003c000 ca:01 396085                     /lib/x86_64-linux-gnu/libpcre.so.3.13.1
7fa8f5375000-7fa8f5376000 rw-p 0003d000 ca:01 396085                     /lib/x86_64-linux-gnu/libpcre.so.3.13.1
7fa8f5376000-7fa8f537d000 r-xp 00000000 ca:01 8067                       /usr/lib/x86_64-linux-gnu/libffi.so.6.0.1
7fa8f537d000-7fa8f557c000 ---p 00007000 ca:01 8067                       /usr/lib/x86_64-linux-gnu/libffi.so.6.0.1
7fa8f557c000-7fa8f557d000 r--p 00006000 ca:01 8067                       /usr/lib/x86_64-linux-gnu/libffi.so.6.0.1
7fa8f557d000-7fa8f557e000 rw-p 00007000 ca:01 8067                       /usr/lib/x86_64-linux-gnu/libffi.so.6.0.1
7fa8f557e000-7fa8f5595000 r-xp 00000000 ca:01 396095                     /lib/x86_64-linux-gnu/libresolv-2.19.so
7fa8f5595000-7fa8f5795000 ---p 00017000 ca:01 396095                     /lib/x86_64-linux-gnu/libresolv-2.19.so
7fa8f5795000-7fa8f5796000 r--p 00017000 ca:01 396095                     /lib/x86_64-linux-gnu/libresolv-2.19.so
7fa8f5796000-7fa8f5797000 rw-p 00018000 ca:01 396095                     /lib/x86_64-linux-gnu/libresolv-2.19.so
7fa8f5797000-7fa8f5799000 rw-p 00000000 00:00 0 
7fa8f5799000-7fa8f57b9000 r-xp 00000000 ca:01 396097                     /lib/x86_64-linux-gnu/libselinux.so.1
7fa8f57b9000-7fa8f59b8000 ---p 00020000 ca:01 396097                     /lib/x86_64-linux-gnu/libselinux.so.1
7fa8f59b8000-7fa8f59b9000 r--p 0001f000 ca:01 396097                     /lib/x86_64-linux-gnu/libselinux.so.1
7fa8f59b9000-7fa8f59ba000 rw-p 00020000 ca:01 396097                     /lib/x86_64-linux-gnu/libselinux.so.1
7fa8f59ba000-7fa8f59bc000 rw-p 00000000 00:00 0 
7fa8f59bc000-7fa8f59bf000 r-xp 00000000 ca:01 8079                       /usr/lib/x86_64-linux-gnu/libgmodule-2.0.so.0.4002.0
7fa8f59bf000-7fa8f5bbe000 ---p 00003000 ca:01 8079                       /usr/lib/x86_64-linux-gnu/libgmodule-2.0.so.0.4002.0
7fa8f5bbe000-7fa8f5bbf000 r--p 00002000 ca:01 8079                       /usr/lib/x86_64-linux-gnu/libgmodule-2.0.so.0.4002.0
7fa8f5bbf000-7fa8f5bc0000 rw-p 00003000 ca:01 8079                       /usr/lib/x86_64-linux-gnu/libgmodule-2.0.so.0.4002.0
7fa8f5bc0000-7fa8f5cc6000 r-xp 00000000 ca:01 396056                     /lib/x86_64-linux-gnu/libglib-2.0.so.0.4002.0
7fa8f5cc6000-7fa8f5ec5000 ---p 00106000 ca:01 396056                     /lib/x86_64-linux-gnu/libglib-2.0.so.0.4002.0
7fa8f5ec5000-7fa8f5ec6000 r--p 00105000 ca:01 396056                     /lib/x86_64-linux-gnu/libglib-2.0.so.0.4002.0
7fa8f5ec6000-7fa8f5ec7000 rw-p 00106000 ca:01 396056                     /lib/x86_64-linux-gnu/libglib-2.0.so.0.4002.0
7fa8f5ec7000-7fa8f5ec8000 rw-p 00000000 00:00 0 
7fa8f5ec8000-7fa8f5f17000 r-xp 00000000 ca:01 8083                       /usr/lib/x86_64-linux-gnu/libgobject-2.0.so.0.4002.0
7fa8f5f17000-7fa8f6117000 ---p 0004f000 ca:01 8083                       /usr/lib/x86_64-linux-gnu/libgobject-2.0.so.0.4002.0
7fa8f6117000-7fa8f6118000 r--p 0004f000 ca:01 8083                       /usr/lib/x86_64-linux-gnu/libgobject-2.0.so.0.4002.0
7fa8f6118000-7fa8f6119000 rw-p 00050000 ca:01 8083                       /usr/lib/x86_64-linux-gnu/libgobject-2.0.so.0.4002.0
7fa8f6119000-7fa8f6285000 r-xp 00000000 ca:01 8078                       /usr/lib/x86_64-linux-gnu/libgio-2.0.so.0.4002.0
7fa8f6285000-7fa8f6484000 ---p 0016c000 ca:01 8078                       /usr/lib/x86_64-linux-gnu/libgio-2.0.so.0.4002.0
7fa8f6484000-7fa8f6488000 r--p 0016b000 ca:01 8078                       /usr/lib/x86_64-linux-gnu/libgio-2.0.so.0.4002.0
7fa8f6488000-7fa8f648a000 rw-p 0016f000 ca:01 8078                       /usr/lib/x86_64-linux-gnu/libgio-2.0.so.0.4002.0
7fa8f648a000-7fa8f648c000 rw-p 00000000 00:00 0 
7fa8f648c000-7fa8f648d000 r--s 00000000 ca:01 2107783                    /usr/local/cassandra/data/data/system/schema_triggers-0359bc7171233ee19a4ab9dfb11fc125/system-schema_triggers-ka-13-Index.db
7fa8f648d000-7fa8f648e000 r--p 00000000 00:00 0 
7fa8f648e000-7fa8f6498000 r--s 000ae000 ca:01 525572                     /usr/lib/jvm/java-7-openjdk-amd64/jre/lib/resources.jar
7fa8f6498000-7fa8f64af000 r-xp 00000000 ca:01 525606                     /usr/lib/jvm/java-7-openjdk-amd64/jre/lib/amd64/libnet.so
7fa8f64af000-7fa8f66ae000 ---p 00017000 ca:01 525606                     /usr/lib/jvm/java-7-openjdk-amd64/jre/lib/amd64/libnet.so
7fa8f66ae000-7fa8f66af000 r--p 00016000 ca:01 525606                     /usr/lib/jvm/java-7-openjdk-amd64/jre/lib/amd64/libnet.so
7fa8f66af000-7fa8f66b0000 rw-p 00017000 ca:01 525606                     /usr/lib/jvm/java-7-openjdk-amd64/jre/lib/amd64/libnet.so
7fa8f66b0000-7fa8f66b2000 r--s 00008000 ca:01 2106688                    /usr/local/cassandra/lib/thrift-server-0.3.7.jar
7fa8f66b2000-7fa8f66b5000 r--s 00014000 ca:01 2106632                    /usr/local/cassandra/lib/super-csv-2.1.0.jar
7fa8f66b5000-7fa8f66b8000 r--s 00023000 ca:01 2106634                    /usr/local/cassandra/lib/stream-2.5.2.jar
7fa8f66b8000-7fa8f66ba000 r--s 00145000 ca:01 2106687                    /usr/local/cassandra/lib/snappy-java-1.0.5.2.jar
7fa8f66ba000-7fa8f66c1000 r--s 0003c000 ca:01 2106643                    /usr/local/cassandra/lib/snakeyaml-1.11.jar
7fa8f66c1000-7fa8f66c3000 r--s 00005000 ca:01 2106640                    /usr/local/cassandra/lib/slf4j-api-1.7.2.jar
7fa8f66c3000-7fa8f66c5000 r--s 00004000 ca:01 2106694                    /usr/local/cassandra/lib/reporter-config-2.1.0.jar
7fa8f66c5000-7fa8f66e2000 r--s 00196000 ca:01 2106705                    /usr/local/cassandra/lib/netty-all-4.0.23.Final.jar
7fa8f66e2000-7fa8f66e5000 r--s 00012000 ca:01 2106699                    /usr/local/cassandra/lib/metrics-core-2.2.0.jar
7fa8f66e5000-7fa8f66e7000 r--s 00027000 ca:01 2106697                    /usr/local/cassandra/lib/lz4-1.2.0.jar
7fa8f66e7000-7fa8f66f1000 r--s 0005f000 ca:01 2106638                    /usr/local/cassandra/lib/logback-core-1.1.2.jar
7fa8f66f1000-7fa8f66f7000 r--s 0003d000 ca:01 2106635                    /usr/local/cassandra/lib/logback-classic-1.1.2.jar
7fa8f66f7000-7fa8f66fc000 r--s 00033000 ca:01 2106636                    /usr/local/cassandra/lib/libthrift-0.9.2.jar
7fa8f66fc000-7fa8f6700000 r--s 000dc000 ca:01 2106693                    /usr/local/cassandra/lib/jna-4.0.0.jar
7fa8f6700000-7fa8f6701000 ---p 00000000 00:00 0 
7fa8f6701000-7fa8f6801000 rw-p 00000000 00:00 0                          [stack:18706]
7fa8f6801000-7fa8f6804000 ---p 00000000 00:00 0 
7fa8f6804000-7fa8f6842000 rw-p 00000000 00:00 0                          [stack:18705]
7fa8f6842000-7fa8f6845000 ---p 00000000 00:00 0 
7fa8f6845000-7fa8f6943000 rw-p 00000000 00:00 0                          [stack:18704]
7fa8f6943000-7fa8f6946000 ---p 00000000 00:00 0 
7fa8f6946000-7fa8f6a44000 rw-p 00000000 00:00 0                          [stack:18703]
7fa8f6a44000-7fa8f6a6f000 r--s 001f5000 ca:01 2106646                    /usr/local/cassandra/lib/guava-16.0.jar
7fa8f6a6f000-7fa8f6a8d000 r--s 00180000 ca:01 2106641                    /usr/local/cassandra/lib/commons-math3-3.2.jar
7fa8f6a8d000-7fa8f6aae000 r--s 001b4000 ca:01 2106703                    /usr/local/cassandra/lib/apache-cassandra-thrift-2.1.6.jar
7fa8f6aae000-7fa8f6aec000 r--s 003dd000 ca:01 2106702                    /usr/local/cassandra/lib/apache-cassandra-2.1.6.jar
7fa8f6aec000-7fa8f6aef000 ---p 00000000 00:00 0 
7fa8f6aef000-7fa8f6b2d000 rw-p 00000000 00:00 0                          [stack:18702]
7fa8f6b2d000-7fa8f6cb6000 r--p 00000000 ca:01 1578                       /usr/lib/locale/locale-archive
7fa8f6cb6000-7fa8f6cb7000 ---p 00000000 00:00 0 
7fa8f6cb7000-7fa8f6db7000 rw-p 00000000 00:00 0                          [stack:18698]
7fa8f6db7000-7fa8f6f68000 r--s 01d27000 ca:01 525613                     /usr/lib/jvm/java-7-openjdk-amd64/jre/lib/rt.jar
7fa8f6f68000-7fa8f770a000 rw-p 00000000 00:00 0 
7fa8f770a000-7fa8f770b000 ---p 00000000 00:00 0 
7fa8f770b000-7fa8fbfff000 rw-p 00000000 00:00 0                          [stack:18697]
7fa8fbfff000-7fa8fdce1000 rw-p 00000000 00:00 0 
7fa8fdce1000-7fa900000000 ---p 00000000 00:00 0 
7fa900000000-7fa900001000 rwxp 00000000 00:00 0 
7fa900001000-7fa900002000 r--s 00003000 ca:01 2106642                    /usr/local/cassandra/lib/json-simple-1.1.jar
7fa900002000-7fa900004000 r--s 00015000 ca:01 2106692                    /usr/local/cassandra/lib/jline-1.0.jar
7fa900004000-7fa900005000 r--s 00004000 ca:01 2106691                    /usr/local/cassandra/lib/jbcrypt-0.3m.jar
7fa900005000-7fa900007000 r--s 00004000 ca:01 2106700                    /usr/local/cassandra/lib/jamm-0.3.0.jar
7fa900007000-7fa900015000 r--s 000ad000 ca:01 2106701                    /usr/local/cassandra/lib/jackson-mapper-asl-1.9.2.jar
7fa900015000-7fa900019000 r--s 00034000 ca:01 2106645                    /usr/local/cassandra/lib/jackson-core-asl-1.9.2.jar
7fa900019000-7fa90001c000 r--s 00017000 ca:01 2106629                    /usr/local/cassandra/lib/high-scale-lib-1.0.6.jar
7fa90001c000-7fa90001f000 ---p 00000000 00:00 0 
7fa90001f000-7fa90005d000 rw-p 00000000 00:00 0                          [stack:18701]
7fa90005d000-7fa900060000 ---p 00000000 00:00 0 
7fa900060000-7fa90009e000 rw-p 00000000 00:00 0                          [stack:18700]
7fa90009e000-7fa9000a1000 ---p 00000000 00:00 0 
7fa9000a1000-7fa90089b000 rw-p 00000000 00:00 0                          [stack:18699]
7fa90089b000-7fa9008dd000 rw-p 00000000 00:00 0 
7fa9008dd000-7fa9008de000 rw-p 00000000 00:00 0 
7fa9008de000-7fa9008df000 ---p 00000000 00:00 0 
7fa9008df000-7fa9009df000 rw-p 00000000 00:00 0                          [stack:18696]
7fa9009df000-7fa90113f000 rwxp 00000000 00:00 0 
7fa90113f000-7fa9039df000 rw-p 00000000 00:00 0 
7fa9039df000-7fa9039e7000 r-xp 00000000 ca:01 525588                     /usr/lib/jvm/java-7-openjdk-amd64/jre/lib/amd64/libzip.so
7fa9039e7000-7fa903be6000 ---p 00008000 ca:01 525588                     /usr/lib/jvm/java-7-openjdk-amd64/jre/lib/amd64/libzip.so
7fa903be6000-7fa903be7000 r--p 00007000 ca:01 525588                     /usr/lib/jvm/java-7-openjdk-amd64/jre/lib/amd64/libzip.so
7fa903be7000-7fa903be8000 rw-p 00008000 ca:01 525588                     /usr/lib/jvm/java-7-openjdk-amd64/jre/lib/amd64/libzip.so
7fa903be8000-7fa903bf3000 r-xp 00000000 ca:01 396074                     /lib/x86_64-linux-gnu/libnss_files-2.19.so
7fa903bf3000-7fa903df2000 ---p 0000b000 ca:01 396074                     /lib/x86_64-linux-gnu/libnss_files-2.19.so
7fa903df2000-7fa903df3000 r--p 0000a000 ca:01 396074                     /lib/x86_64-linux-gnu/libnss_files-2.19.so
7fa903df3000-7fa903df4000 rw-p 0000b000 ca:01 396074                     /lib/x86_64-linux-gnu/libnss_files-2.19.so
7fa903df4000-7fa903dff000 r-xp 00000000 ca:01 396076                     /lib/x86_64-linux-gnu/libnss_nis-2.19.so
7fa903dff000-7fa903ffe000 ---p 0000b000 ca:01 396076                     /lib/x86_64-linux-gnu/libnss_nis-2.19.so
7fa903ffe000-7fa903fff000 r--p 0000a000 ca:01 396076                     /lib/x86_64-linux-gnu/libnss_nis-2.19.so
7fa903fff000-7fa904000000 rw-p 0000b000 ca:01 396076                     /lib/x86_64-linux-gnu/libnss_nis-2.19.so
7fa904000000-7fa906140000 rw-p 00000000 00:00 0 
7fa906140000-7fa908000000 ---p 00000000 00:00 0 
7fa908000000-7fa908003000 r--s 0000e000 ca:01 2106630                    /usr/local/cassandra/lib/disruptor-3.0.1.jar
7fa908003000-7fa908007000 r--s 00019000 ca:01 2106696                    /usr/local/cassandra/lib/concurrentlinkedhashmap-lru-1.4.jar
7fa908007000-7fa90800d000 r--s 00048000 ca:01 2106639                    /usr/local/cassandra/lib/commons-lang3-3.1.jar
7fa90800d000-7fa9080b1000 rw-p 00000000 00:00 0 
7fa9080b1000-7fa9080b2000 ---p 00000000 00:00 0 
7fa9080b2000-7fa9081b2000 rw-p 00000000 00:00 0                          [stack:18695]
7fa9081b2000-7fa9081c9000 r-xp 00000000 ca:01 396071                     /lib/x86_64-linux-gnu/libnsl-2.19.so
7fa9081c9000-7fa9083c8000 ---p 00017000 ca:01 396071                     /lib/x86_64-linux-gnu/libnsl-2.19.so
7fa9083c8000-7fa9083c9000 r--p 00016000 ca:01 396071                     /lib/x86_64-linux-gnu/libnsl-2.19.so
7fa9083c9000-7fa9083ca000 rw-p 00017000 ca:01 396071                     /lib/x86_64-linux-gnu/libnsl-2.19.so
7fa9083ca000-7fa9083cc000 rw-p 00000000 00:00 0 
7fa9083cc000-7fa9083d5000 r-xp 00000000 ca:01 396072                     /lib/x86_64-linux-gnu/libnss_compat-2.19.so
7fa9083d5000-7fa9085d4000 ---p 00009000 ca:01 396072                     /lib/x86_64-linux-gnu/libnss_compat-2.19.so
7fa9085d4000-7fa9085d5000 r--p 00008000 ca:01 396072                     /lib/x86_64-linux-gnu/libnss_compat-2.19.so
7fa9085d5000-7fa9085d6000 rw-p 00009000 ca:01 396072                     /lib/x86_64-linux-gnu/libnss_compat-2.19.so
7fa9085d6000-7fa9085e0000 r-xp 00000000 ca:01 525589                     /usr/lib/jvm/java-7-openjdk-amd64/jre/lib/amd64/libinstrument.so
7fa9085e0000-7fa9087df000 ---p 0000a000 ca:01 525589                     /usr/lib/jvm/java-7-openjdk-amd64/jre/lib/amd64/libinstrument.so
7fa9087df000-7fa9087e0000 r--p 00009000 ca:01 525589                     /usr/lib/jvm/java-7-openjdk-amd64/jre/lib/amd64/libinstrument.so
7fa9087e0000-7fa9087e1000 rw-p 0000a000 ca:01 525589                     /usr/lib/jvm/java-7-openjdk-amd64/jre/lib/amd64/libinstrument.so
7fa9087e1000-7fa90880c000 r-xp 00000000 ca:01 525605                     /usr/lib/jvm/java-7-openjdk-amd64/jre/lib/amd64/libjava.so
7fa90880c000-7fa908a0c000 ---p 0002b000 ca:01 525605                     /usr/lib/jvm/java-7-openjdk-amd64/jre/lib/amd64/libjava.so
7fa908a0c000-7fa908a0d000 r--p 0002b000 ca:01 525605                     /usr/lib/jvm/java-7-openjdk-amd64/jre/lib/amd64/libjava.so
7fa908a0d000-7fa908a0f000 rw-p 0002c000 ca:01 525605                     /usr/lib/jvm/java-7-openjdk-amd64/jre/lib/amd64/libjava.so
7fa908a0f000-7fa908a1f000 r-xp 00000000 ca:01 525602                     /usr/lib/jvm/java-7-openjdk-amd64/jre/lib/amd64/libverify.so
7fa908a1f000-7fa908c1e000 ---p 00010000 ca:01 525602                     /usr/lib/jvm/java-7-openjdk-amd64/jre/lib/amd64/libverify.so
7fa908c1e000-7fa908c20000 r--p 0000f000 ca:01 525602                     /usr/lib/jvm/java-7-openjdk-amd64/jre/lib/amd64/libverify.so
7fa908c20000-7fa908c21000 rw-p 00011000 ca:01 525602                     /usr/lib/jvm/java-7-openjdk-amd64/jre/lib/amd64/libverify.so
7fa908c21000-7fa908c28000 r-xp 00000000 ca:01 396096                     /lib/x86_64-linux-gnu/librt-2.19.so
7fa908c28000-7fa908e27000 ---p 00007000 ca:01 396096                     /lib/x86_64-linux-gnu/librt-2.19.so
7fa908e27000-7fa908e28000 r--p 00006000 ca:01 396096                     /lib/x86_64-linux-gnu/librt-2.19.so
7fa908e28000-7fa908e29000 rw-p 00007000 ca:01 396096                     /lib/x86_64-linux-gnu/librt-2.19.so
7fa908e29000-7fa908e3f000 r-xp 00000000 ca:01 396054                     /lib/x86_64-linux-gnu/libgcc_s.so.1
7fa908e3f000-7fa90903e000 ---p 00016000 ca:01 396054                     /lib/x86_64-linux-gnu/libgcc_s.so.1
7fa90903e000-7fa90903f000 rw-p 00015000 ca:01 396054                     /lib/x86_64-linux-gnu/libgcc_s.so.1
7fa90903f000-7fa909144000 r-xp 00000000 ca:01 396063                     /lib/x86_64-linux-gnu/libm-2.19.so
7fa909144000-7fa909343000 ---p 00105000 ca:01 396063                     /lib/x86_64-linux-gnu/libm-2.19.so
7fa909343000-7fa909344000 r--p 00104000 ca:01 396063                     /lib/x86_64-linux-gnu/libm-2.19.so
7fa909344000-7fa909345000 rw-p 00105000 ca:01 396063                     /lib/x86_64-linux-gnu/libm-2.19.so
7fa909345000-7fa90942b000 r-xp 00000000 ca:01 8131                       /usr/lib/x86_64-linux-gnu/libstdc++.so.6.0.19
7fa90942b000-7fa90962a000 ---p 000e6000 ca:01 8131                       /usr/lib/x86_64-linux-gnu/libstdc++.so.6.0.19
7fa90962a000-7fa909632000 r--p 000e5000 ca:01 8131                       /usr/lib/x86_64-linux-gnu/libstdc++.so.6.0.19
7fa909632000-7fa909634000 rw-p 000ed000 ca:01 8131                       /usr/lib/x86_64-linux-gnu/libstdc++.so.6.0.19
7fa909634000-7fa909649000 rw-p 00000000 00:00 0 
7fa909649000-7fa90a161000 r-xp 00000000 ca:01 525611                     /usr/lib/jvm/java-7-openjdk-amd64/jre/lib/amd64/server/libjvm.so
7fa90a161000-7fa90a361000 ---p 00b18000 ca:01 525611                     /usr/lib/jvm/java-7-openjdk-amd64/jre/lib/amd64/server/libjvm.so
7fa90a361000-7fa90a3fb000 r--p 00b18000 ca:01 525611                     /usr/lib/jvm/java-7-openjdk-amd64/jre/lib/amd64/server/libjvm.so
7fa90a3fb000-7fa90a41e000 rw-p 00bb2000 ca:01 525611                     /usr/lib/jvm/java-7-openjdk-amd64/jre/lib/amd64/server/libjvm.so
7fa90a41e000-7fa90a44c000 rw-p 00000000 00:00 0 
7fa90a44c000-7fa90a464000 r-xp 00000000 ca:01 396113                     /lib/x86_64-linux-gnu/libz.so.1.2.8
7fa90a464000-7fa90a663000 ---p 00018000 ca:01 396113                     /lib/x86_64-linux-gnu/libz.so.1.2.8
7fa90a663000-7fa90a664000 r--p 00017000 ca:01 396113                     /lib/x86_64-linux-gnu/libz.so.1.2.8
7fa90a664000-7fa90a665000 rw-p 00018000 ca:01 396113                     /lib/x86_64-linux-gnu/libz.so.1.2.8
7fa90a665000-7fa90a67e000 r-xp 00000000 ca:01 396093                     /lib/x86_64-linux-gnu/libpthread-2.19.so
7fa90a67e000-7fa90a87d000 ---p 00019000 ca:01 396093                     /lib/x86_64-linux-gnu/libpthread-2.19.so
7fa90a87d000-7fa90a87e000 r--p 00018000 ca:01 396093                     /lib/x86_64-linux-gnu/libpthread-2.19.so
7fa90a87e000-7fa90a87f000 rw-p 00019000 ca:01 396093                     /lib/x86_64-linux-gnu/libpthread-2.19.so
7fa90a87f000-7fa90a883000 rw-p 00000000 00:00 0 
7fa90a883000-7fa90a886000 r-xp 00000000 ca:01 396049                     /lib/x86_64-linux-gnu/libdl-2.19.so
7fa90a886000-7fa90aa85000 ---p 00003000 ca:01 396049                     /lib/x86_64-linux-gnu/libdl-2.19.so
7fa90aa85000-7fa90aa86000 r--p 00002000 ca:01 396049                     /lib/x86_64-linux-gnu/libdl-2.19.so
7fa90aa86000-7fa90aa87000 rw-p 00003000 ca:01 396049                     /lib/x86_64-linux-gnu/libdl-2.19.so
7fa90aa87000-7fa90ac42000 r-xp 00000000 ca:01 396040                     /lib/x86_64-linux-gnu/libc-2.19.so
7fa90ac42000-7fa90ae41000 ---p 001bb000 ca:01 396040                     /lib/x86_64-linux-gnu/libc-2.19.so
7fa90ae41000-7fa90ae45000 r--p 001ba000 ca:01 396040                     /lib/x86_64-linux-gnu/libc-2.19.so
7fa90ae45000-7fa90ae47000 rw-p 001be000 ca:01 396040                     /lib/x86_64-linux-gnu/libc-2.19.so
7fa90ae47000-7fa90ae4c000 rw-p 00000000 00:00 0 
7fa90ae4c000-7fa90ae59000 r-xp 00000000 ca:01 525580                     /usr/lib/jvm/java-7-openjdk-amd64/jre/lib/amd64/jli/libjli.so
7fa90ae59000-7fa90b058000 ---p 0000d000 ca:01 525580                     /usr/lib/jvm/java-7-openjdk-amd64/jre/lib/amd64/jli/libjli.so
7fa90b058000-7fa90b059000 r--p 0000c000 ca:01 525580                     /usr/lib/jvm/java-7-openjdk-amd64/jre/lib/amd64/jli/libjli.so
7fa90b059000-7fa90b05a000 rw-p 0000d000 ca:01 525580                     /usr/lib/jvm/java-7-openjdk-amd64/jre/lib/amd64/jli/libjli.so
7fa90b05a000-7fa90b07d000 r-xp 00000000 ca:01 396030                     /lib/x86_64-linux-gnu/ld-2.19.so
7fa90b07d000-7fa90b07e000 r--s 00000000 ca:01 2106644                    /usr/local/cassandra/lib/javax.inject.jar
7fa90b07e000-7fa90b080000 r--s 00005000 ca:01 2106686                    /usr/local/cassandra/lib/compress-lzf-0.8.4.jar
7fa90b080000-7fa90b082000 r--s 00006000 ca:01 2106633                    /usr/local/cassandra/lib/commons-codec-1.2.jar
7fa90b082000-7fa90b085000 r--s 00010000 ca:01 2106628                    /usr/local/cassandra/lib/apache-cassandra-clientutil-2.1.6.jar
7fa90b085000-7fa90b088000 r--s 00026000 ca:01 2106704                    /usr/local/cassandra/lib/antlr-runtime-3.5.2.jar
7fa90b088000-7fa90b08b000 r--s 00013000 ca:01 2106689                    /usr/local/cassandra/lib/airline-0.6.jar
7fa90b08b000-7fa90b08f000 r--s 00037000 ca:01 2106685                    /usr/local/cassandra/lib/ST4-4.0.8.jar
7fa90b08f000-7fa90b091000 r--s 00006000 ca:01 13661                      /usr/share/java/java-atk-wrapper.jar
7fa90b091000-7fa90b095000 r--s 00034000 ca:01 525621                     /usr/lib/jvm/java-7-openjdk-amd64/jre/lib/ext/sunjce_provider.jar
7fa90b095000-7fa90b098000 r--s 00086000 ca:01 525620                     /usr/lib/jvm/java-7-openjdk-amd64/jre/lib/ext/localedata.jar
7fa90b098000-7fa90b09c000 r--s 0003c000 ca:01 525619                     /usr/lib/jvm/java-7-openjdk-amd64/jre/lib/ext/sunpkcs11.jar
7fa90b09c000-7fa90b09e000 r--s 00012000 ca:01 525622                     /usr/lib/jvm/java-7-openjdk-amd64/jre/lib/ext/zipfs.jar
7fa90b09e000-7fa90b0a1000 r--s 0000f000 ca:01 525617                     /usr/lib/jvm/java-7-openjdk-amd64/jre/lib/ext/icedtea-sound.jar
7fa90b0a1000-7fa90b125000 rw-p 00000000 00:00 0 
7fa90b125000-7fa90b168000 rw-p 00000000 00:00 0 
7fa90b168000-7fa90b186000 rw-p 00000000 00:00 0 
7fa90b186000-7fa90b228000 rw-p 00000000 00:00 0 
7fa90b228000-7fa90b22b000 ---p 00000000 00:00 0 
7fa90b22b000-7fa90b26e000 rw-p 00000000 00:00 0                          [stack:18694]
7fa90b26e000-7fa90b26f000 r--s 00008000 ca:01 2106631                    /usr/local/cassandra/lib/commons-cli-1.1.jar
7fa90b26f000-7fa90b270000 r--s 00002000 ca:01 525618                     /usr/lib/jvm/java-7-openjdk-amd64/jre/lib/ext/dnsns.jar
7fa90b270000-7fa90b278000 rw-s 00000000 ca:01 800533                     /tmp/hsperfdata_ubuntu/18693
7fa90b278000-7fa90b279000 rw-p 00000000 00:00 0 
7fa90b279000-7fa90b27a000 r--p 00000000 00:00 0 
7fa90b27a000-7fa90b27c000 rw-p 00000000 00:00 0 
7fa90b27c000-7fa90b27d000 r--p 00022000 ca:01 396030                     /lib/x86_64-linux-gnu/ld-2.19.so
7fa90b27d000-7fa90b27e000 rw-p 00023000 ca:01 396030                     /lib/x86_64-linux-gnu/ld-2.19.so
7fa90b27e000-7fa90b27f000 rw-p 00000000 00:00 0 
7fff68287000-7fff682a9000 rw-p 00000000 00:00 0                          [stack]
7fff68382000-7fff68384000 r-xp 00000000 00:00 0                          [vdso]
ffffffffff600000-ffffffffff601000 r-xp 00000000 00:00 0                  [vsyscall]

VM Arguments:
jvm_args: -ea -javaagent:/usr/local/cassandra/lib/jamm-0.3.0.jar -XX:+CMSClassUnloadingEnabled -XX:+UseThreadPriorities -XX:ThreadPriorityPolicy=42 -Xms1869M -Xmx1869M -Xmn200M -XX:+HeapDumpOnOutOfMemoryError -Xss256k -XX:StringTableSize=1000003 -XX:+UseParNewGC -XX:+UseConcMarkSweepGC -XX:+CMSParallelRemarkEnabled -XX:SurvivorRatio=8 -XX:MaxTenuringThreshold=1 -XX:CMSInitiatingOccupancyFraction=75 -XX:+UseCMSInitiatingOccupancyOnly -XX:+UseTLAB -XX:CompileCommandFile=/usr/local/cassandra/conf/hotspot_compiler -XX:CMSWaitDuration=10000 -XX:+CMSParallelInitialMarkEnabled -XX:+CMSEdenChunksRecordAlways -XX:CMSWaitDuration=10000 -XX:+UseCondCardMark -Djava.net.preferIPv4Stack=true -Dcassandra.jmx.local.port=7199 -XX:+DisableExplicitGC -Dlogback.configurationFile=logback.xml -Dcassandra.logdir=/usr/local/cassandra/logs -Dcassandra.storagedir=/usr/local/cassandra/data 
java_command: org.apache.cassandra.service.CassandraDaemon
Launcher Type: SUN_STANDARD

Environment Variables:
JAVA_HOME=/usr
PATH=/usr/local/sbin:/usr/local/bin:/usr/sbin:/usr/bin:/sbin:/bin:/usr/games:/usr/local/games:/usr/bin:/usr/local/hadoop/bin:/usr/bin:/usr/local/hadoop/bin:/usr/bin:/usr/local/hadoop/bin:/usr/local/spark/bin:/usr/local/cassandra/bin:/usr/local/storm/bin
SHELL=/bin/bash

Signal Handlers:
SIGSEGV: [libjvm.so+0x94b9a0], sa_mask[0]=0x7ffbfeff, sa_flags=0x10000004
SIGBUS: [libjvm.so+0x94b9a0], sa_mask[0]=0x7ffbfeff, sa_flags=0x10000004
SIGFPE: [libjvm.so+0x7c3880], sa_mask[0]=0x7ffbfeff, sa_flags=0x10000004
SIGPIPE: [libjvm.so+0x7c3880], sa_mask[0]=0x7ffbfeff, sa_flags=0x10000004
SIGXFSZ: [libjvm.so+0x7c3880], sa_mask[0]=0x7ffbfeff, sa_flags=0x10000004
SIGILL: [libjvm.so+0x7c3880], sa_mask[0]=0x7ffbfeff, sa_flags=0x10000004
SIGUSR1: SIG_DFL, sa_mask[0]=0x00000000, sa_flags=0x00000000
SIGUSR2: [libjvm.so+0x7c3720], sa_mask[0]=0x00000000, sa_flags=0x10000004
SIGHUP: [libjvm.so+0x7c3900], sa_mask[0]=0x7ffbfeff, sa_flags=0x10000004
SIGINT: SIG_IGN, sa_mask[0]=0x00000000, sa_flags=0x00000000
SIGTERM: [libjvm.so+0x7c3900], sa_mask[0]=0x7ffbfeff, sa_flags=0x10000004
SIGQUIT: [libjvm.so+0x7c3900], sa_mask[0]=0x7ffbfeff, sa_flags=0x10000004
SIGTRAP: SIG_DFL, sa_mask[0]=0x00000000, sa_flags=0x00000000


---------------  S Y S T E M  ---------------

OS:Ubuntu 14.04 (trusty)
uname:Linux 3.13.0-48-generic #80-Ubuntu SMP Thu Mar 12 11:16:15 UTC 2015 x86_64
libc:glibc 2.19 NPTL 2.19 
rlimit: STACK 8192k, CORE 0k, NPROC 59762, NOFILE 4096, AS infinity
load average:22.93 12.00 5.32

/proc/meminfo:
MemTotal:        7659508 kB
MemFree:          106320 kB
Buffers:             612 kB
Cached:             8172 kB
SwapCached:            0 kB
Active:          7429500 kB
Inactive:           3340 kB
Active(anon):    7428100 kB
Inactive(anon):      320 kB
Active(file):       1400 kB
Inactive(file):     3020 kB
Unevictable:        5032 kB
Mlocked:            5032 kB
SwapTotal:             0 kB
SwapFree:              0 kB
Dirty:                72 kB
Writeback:             0 kB
AnonPages:       7429276 kB
Mapped:             5380 kB
Shmem:               676 kB
Slab:              33552 kB
SReclaimable:      15936 kB
SUnreclaim:        17616 kB
KernelStack:        4560 kB
PageTables:        22656 kB
NFS_Unstable:          0 kB
Bounce:                0 kB
WritebackTmp:          0 kB
CommitLimit:     3829752 kB
Committed_AS:   12195764 kB
VmallocTotal:   34359738367 kB
VmallocUsed:       17084 kB
VmallocChunk:   34359714804 kB
HardwareCorrupted:     0 kB
AnonHugePages:   4427776 kB
HugePages_Total:       0
HugePages_Free:        0
HugePages_Rsvd:        0
HugePages_Surp:        0
Hugepagesize:       2048 kB
DirectMap4k:       24576 kB
DirectMap2M:     7970816 kB


CPU:total 2 (0 cores per cpu, 2 threads per core) family 6 model 62 stepping 4, cmov, cx8, fxsr, mmx, sse, sse2, sse3, ssse3, sse4.1, sse4.2, popcnt, avx, aes, erms, ht, tsc

/proc/cpuinfo:
processor	: 0
vendor_id	: GenuineIntel
cpu family	: 6
model		: 62
model name	: Intel(R) Xeon(R) CPU E5-2670 v2 @ 2.50GHz
stepping	: 4
microcode	: 0x415
cpu MHz		: 2494.054
cache size	: 25600 KB
physical id	: 0
siblings	: 2
core id		: 0
cpu cores	: 1
apicid		: 0
initial apicid	: 0
fpu		: yes
fpu_exception	: yes
cpuid level	: 13
wp		: yes
flags		: fpu vme de pse tsc msr pae mce cx8 apic sep mtrr pge mca cmov pat pse36 clflush mmx fxsr sse sse2 ht syscall nx rdtscp lm constant_tsc rep_good nopl xtopology eagerfpu pni pclmulqdq ssse3 cx16 pcid sse4_1 sse4_2 x2apic popcnt tsc_deadline_timer aes xsave avx f16c rdrand hypervisor lahf_lm xsaveopt fsgsbase smep erms
bogomips	: 4988.10
clflush size	: 64
cache_alignment	: 64
address sizes	: 46 bits physical, 48 bits virtual
power management:

processor	: 1
vendor_id	: GenuineIntel
cpu family	: 6
model		: 62
model name	: Intel(R) Xeon(R) CPU E5-2670 v2 @ 2.50GHz
stepping	: 4
microcode	: 0x415
cpu MHz		: 2494.054
cache size	: 25600 KB
physical id	: 0
siblings	: 2
core id		: 0
cpu cores	: 1
apicid		: 1
initial apicid	: 1
fpu		: yes
fpu_exception	: yes
cpuid level	: 13
wp		: yes
flags		: fpu vme de pse tsc msr pae mce cx8 apic sep mtrr pge mca cmov pat pse36 clflush mmx fxsr sse sse2 ht syscall nx rdtscp lm constant_tsc rep_good nopl xtopology eagerfpu pni pclmulqdq ssse3 cx16 pcid sse4_1 sse4_2 x2apic popcnt tsc_deadline_timer aes xsave avx f16c rdrand hypervisor lahf_lm xsaveopt fsgsbase smep erms
bogomips	: 4988.10
clflush size	: 64
cache_alignment	: 64
address sizes	: 46 bits physical, 48 bits virtual
power management:



Memory: 4k page, physical 7659508k(106072k free), swap 0k(0k free)

vm_info: OpenJDK 64-Bit Server VM (24.79-b02) for linux-amd64 JRE (1.7.0_79-b14), built on Apr 16 2015 08:21:58 by "buildd" with gcc 4.8.2

time: Tue Jun 23 08:19:34 2015
elapsed time: 6480 seconds

